producer dut consumer 
    0                 1 ns
           0          2 ns
    1                 2 ns
                 0    3 ns
           1          4 ns
    2                 4 ns
           2          5 ns
    3                 5 ns
                 1    6 ns
                 2    7 ns
           3          8 ns
    4                 8 ns
           4          9 ns
    5                 9 ns
           5          10 ns
    6                 10 ns
                 3    11 ns
                 4    12 ns
                 5    13 ns
           6          14 ns
    7                 20 ns
           7          21 ns
    8                 21 ns
           8          22 ns
    9                 22 ns
           9          23 ns
   10                 23 ns
                 6    24 ns
                 7    25 ns
                 8    26 ns
                 9    27 ns
          10          28 ns
   11                 28 ns
          11          29 ns
   12                 29 ns
          12          30 ns
   13                 42 ns
          13          43 ns
   14                 43 ns
          14          44 ns
   15                 44 ns
                10    45 ns
                11    46 ns
                12    47 ns
                13    48 ns
                14    49 ns
          15          50 ns
   16                 50 ns
          16          51 ns
   17                 51 ns
          17          52 ns
   18                 52 ns
          18          53 ns
   19                 71 ns
          19          72 ns
   20                 72 ns
          20          73 ns
   21                 73 ns
                15    74 ns
                16    75 ns
                17    76 ns
                18    77 ns
                19    78 ns
                20    79 ns
          21          80 ns
   22                 80 ns
          22          81 ns
   23                 81 ns
          23          82 ns
   24                 82 ns
          24          83 ns
   25                 107 ns
          25          108 ns
   26                 108 ns
          26          109 ns
   27                 109 ns
          27          110 ns
   28                 110 ns
                21    111 ns
                22    112 ns
                23    113 ns
                24    114 ns
                25    115 ns
                26    116 ns
                27    117 ns
          28          118 ns
   29                 118 ns
          29          119 ns
   30                 119 ns
          30          120 ns
   31                 150 ns
          31          151 ns
   32                 151 ns
          32          152 ns
   33                 152 ns
          33          153 ns
   34                 153 ns
          34          154 ns
   35                 154 ns
          35          155 ns
   36                 155 ns
                28    156 ns
                29    157 ns
                30    158 ns
                31    159 ns
                32    160 ns
                33    161 ns
                34    162 ns
                35    163 ns
          36          164 ns
   37                 200 ns
          37          201 ns
   38                 201 ns
          38          202 ns
   39                 202 ns
          39          203 ns
   40                 203 ns
          40          204 ns
   41                 204 ns
          41          205 ns
   42                 205 ns
          42          206 ns
   43                 248 ns
          43          249 ns
   44                 249 ns
          44          250 ns
   45                 250 ns
                36    251 ns
                37    252 ns
                38    253 ns
                39    254 ns

Info: /OSCI/SystemC: Simulation stopped by user.
Program completed
