
Info: at_initiator.cpp: 0 s - initiator_thread
      1 R A: 0x00000000000009B5 L: 16

 ******* INITIATOR 1 MADE A REQUEST *******
 *******     to AT Target ID 1      *******

Info: at_target_memory.cpp: 0 s - nb_transport
      1 - ** BEGIN_REQ AT 4 Phase

Info: at_initiator.cpp: 0 s - initiator_thread
      2 W A: 0x0000000000000E50 L: 16

 ******* INITIATOR 2 MADE A REQUEST *******
 *******     to AT Target ID 1      *******

Info: at_target_memory.cpp: 0 s - nb_transport
      1 - ** BEGIN_REQ AT 4 Phase

Info: at_target_memory.cpp: 10 ns - begin_response_method
      1 - ** start BEGIN_RESP delay

Info: at_initiator.cpp: 10 ns - initiator_thread
      1 - Target accepted LT or AT request

Info: at_initiator.cpp: 10 ns - initiator_thread
      1 R A: 0x0000000000000D23 L: 16

 ******* INITIATOR 1 MADE A REQUEST *******
 *******     to AT Target ID 1      *******

Info: at_target_memory.cpp: 10 ns - nb_transport
      1 - ** BEGIN_REQ AT 4 Phase

Info: at_initiator.cpp: 20 ns - initiator_thread
      2 - Target accepted LT or AT request

Info: at_initiator.cpp: 20 ns - initiator_thread
      2 R A: 0x0000000010000F44 L: 16

Info: lt_target.cpp: 20 ns - nb_transport
      2 * BEGIN_REQ LT_Sync

Info: lt_target.cpp: 20 ns - begin_response
      2 ** BEGIN_RESP start delay

Info: at_initiator.cpp: 30 ns - initiator_thread
      1 - Target accepted LT or AT request

Info: at_initiator.cpp: 30 ns - initiator_thread
      1 W A: 0x0000000010000D15 L: 16

Info: lt_target.cpp: 30 ns - nb_transport
      2 * BEGIN_REQ LT_Annotated

Info: lt_target.cpp: 30 ns - memory_operation
      2 - W - A: 0x0000000000000D15 L: 16 D: 0x000102030405060708090A0B0C0D0E0F address out-of-range

Info: at_target_memory.cpp: 60 ns - begin_response_method
      1 - ** BEGIN_RESP for queued response

Info: at_target_memory.cpp: 60 ns - memory_operation
      R - A: 0x00000000000009B5 L: 16 D: 0x00000000000000000000000000000000

Info: at_initiator.cpp: 60 ns - nb_transport
      1 - AT target starting response

Info: at_initiator.cpp: 60 ns - nb_transport
      1 - ** transaction ptr not valid BEGIN_RESP

Info: at_target_memory.cpp: 60 ns - begin_response_method
      1 - ** start BEGIN_RESP delay

 ******* INITIATOR 1 MADE A REQUEST *******
 *******     to AT Target ID 1      *******

Info: at_target_memory.cpp: 67 ns - nb_transport
      1 - ** END_RESP received AT 4 Phase 

Info: at_initiator.cpp: 67 ns - m_send_end_rsp_method
      1 - ** AT initiator send end response

Info: at_initiator.cpp: 85 ns - initiator_thread
      1 - Completed LT annotated request

Info: at_initiator.cpp: 85 ns - initiator_thread
      1 R A: 0x0000000000000D99 L: 16

 ******* INITIATOR 1 MADE A REQUEST *******
 *******     to AT Target ID 1      *******

Info: at_target_memory.cpp: 85 ns - nb_transport
      1 - ** BEGIN_REQ AT 4 Phase

Info: at_target_memory.cpp: 90 ns - begin_response_method
      1 - ** BEGIN_RESP for queued response

Info: at_target_memory.cpp: 90 ns - memory_operation
      
      W - A: 0x0000000000000E50 L: 16 D: 0x000102030405060708090A0B0C0D0E0F

Info: at_initiator.cpp: 90 ns - nb_transport
      2 - AT target starting response

Info: at_initiator.cpp: 90 ns - nb_transport
      2 - ** transaction ptr not valid BEGIN_RESP

Info: at_target_memory.cpp: 90 ns - begin_response_method
      1 - ** start BEGIN_RESP delay

Info: lt_target.cpp: 95 ns - begin_response
      2 ** BEGIN_RESP for queued response

Info: lt_target.cpp: 95 ns - memory_operation
      2 - R - A: 0x0000000000000F44 L: 16 address out-of-range, data zeroed

Info: at_initiator.cpp: 95 ns - nb_transport
      2 - LT target completing request

Info: at_initiator.cpp: 95 ns - initiator_thread
      2 - Target accepted LT or AT request

Info: at_initiator.cpp: 95 ns - initiator_thread
      2 W A: 0x0000000000000292 L: 16

 ******* INITIATOR 2 MADE A REQUEST *******
 *******     to AT Target ID 1      *******

Info: at_target_memory.cpp: 95 ns - nb_transport
      1 - ** BEGIN_REQ AT 4 Phase

Info: at_initiator.cpp: 95 ns - initiator_thread
      1 - Target accepted LT or AT request

Info: at_initiator.cpp: 95 ns - initiator_thread
      1 W A: 0x0000000010000284 L: 16

Info: lt_target.cpp: 95 ns - nb_transport
      2 * BEGIN_REQ LT_Annotated

Info: lt_target.cpp: 95 ns - memory_operation
      2 - W - A: 0x0000000000000284 L: 16 D: 0x000102030405060708090A0B0C0D0E0F address out-of-range

 ******* INITIATOR 2 MADE A REQUEST *******
 *******     to AT Target ID 1      *******

Info: at_target_memory.cpp: 97 ns - nb_transport
      1 - ** END_RESP received AT 4 Phase 

Info: at_initiator.cpp: 97 ns - m_send_end_rsp_method
      2 - ** AT initiator send end response

Info: at_initiator.cpp: 105 ns - initiator_thread
      2 - Target accepted LT or AT request

Info: at_initiator.cpp: 105 ns - initiator_thread
      2 R A: 0x00000000100008C3 L: 16

Info: lt_target.cpp: 105 ns - nb_transport
      2 * BEGIN_REQ LT_Annotated

Info: lt_target.cpp: 105 ns - memory_operation
      2 - R - A: 0x00000000000008C3 L: 16 address out-of-range, data zeroed

Info: at_target_memory.cpp: 140 ns - begin_response_method
      1 - ** BEGIN_RESP for queued response

Info: at_target_memory.cpp: 140 ns - memory_operation
      R - A: 0x0000000000000D23 L: 16 D: 0x00000000000000000000000000000000

Info: at_initiator.cpp: 140 ns - nb_transport
      1 - AT target starting response

Info: at_initiator.cpp: 140 ns - nb_transport
      1 - ** transaction ptr not valid BEGIN_RESP

Info: at_target_memory.cpp: 140 ns - begin_response_method
      1 - ** start BEGIN_RESP delay

 ******* INITIATOR 1 MADE A REQUEST *******
 *******     to AT Target ID 1      *******

Info: at_target_memory.cpp: 147 ns - nb_transport
      1 - ** END_RESP received AT 4 Phase 

Info: at_initiator.cpp: 147 ns - m_send_end_rsp_method
      1 - ** AT initiator send end response

Info: at_initiator.cpp: 150 ns - initiator_thread
      1 - Completed LT annotated request

Info: at_initiator.cpp: 150 ns - initiator_thread
      1 W A: 0x000000000000046B L: 16

 ******* INITIATOR 1 MADE A REQUEST *******
 *******     to AT Target ID 1      *******

Info: at_target_memory.cpp: 150 ns - nb_transport
      1 - ** BEGIN_REQ AT 4 Phase

Info: at_initiator.cpp: 160 ns - initiator_thread
      1 - Target accepted LT or AT request

Info: at_initiator.cpp: 160 ns - initiator_thread
      1 R A: 0x0000000010000EBD L: 16

Info: lt_target.cpp: 160 ns - nb_transport
      2 * BEGIN_REQ LT_Annotated

Info: lt_target.cpp: 160 ns - memory_operation
      2 - R - A: 0x0000000000000EBD L: 16 address out-of-range, data zeroed

Info: at_initiator.cpp: 180 ns - initiator_thread
      2 - Completed LT annotated request

Info: at_initiator.cpp: 180 ns - initiator_thread
      2 R A: 0x0000000000000CA8 L: 16

 ******* INITIATOR 2 MADE A REQUEST *******
 *******     to AT Target ID 1      *******

Info: at_target_memory.cpp: 180 ns - nb_transport
      1 - ** BEGIN_REQ AT 4 Phase

Info: at_target_memory.cpp: 190 ns - begin_response_method
      1 - ** BEGIN_RESP for queued response

Info: at_target_memory.cpp: 190 ns - memory_operation
      R - A: 0x0000000000000D99 L: 16 D: 0x00000000000000000000000000000000

Info: at_initiator.cpp: 190 ns - nb_transport
      1 - AT target starting response

Info: at_initiator.cpp: 190 ns - nb_transport
      1 - ** transaction ptr not valid BEGIN_RESP

Info: at_target_memory.cpp: 190 ns - begin_response_method
      1 - ** start BEGIN_RESP delay

Info: at_initiator.cpp: 190 ns - initiator_thread
      2 - Target accepted LT or AT request

Info: at_initiator.cpp: 190 ns - initiator_thread
      2 W A: 0x0000000010000FB3 L: 16

Info: lt_target.cpp: 190 ns - nb_transport
      2 * BEGIN_REQ LT_Annotated

Info: lt_target.cpp: 190 ns - memory_operation
      2 - W - A: 0x0000000000000FB3 L: 16 D: 0x000102030405060708090A0B0C0D0E0F address out-of-range

 ******* INITIATOR 1 MADE A REQUEST *******
 *******     to AT Target ID 1      *******

Info: at_target_memory.cpp: 197 ns - nb_transport
      1 - ** END_RESP received AT 4 Phase 

Info: at_initiator.cpp: 197 ns - m_send_end_rsp_method
      1 - ** AT initiator send end response

Info: at_target_memory.cpp: 220 ns - begin_response_method
      1 - ** BEGIN_RESP for queued response

Info: at_target_memory.cpp: 220 ns - memory_operation
      
      W - A: 0x0000000000000292 L: 16 D: 0x000102030405060708090A0B0C0D0E0F

Info: at_initiator.cpp: 220 ns - nb_transport
      2 - AT target starting response

Info: at_initiator.cpp: 220 ns - nb_transport
      2 - ** transaction ptr not valid BEGIN_RESP

Info: at_target_memory.cpp: 220 ns - begin_response_method
      1 - ** start BEGIN_RESP delay

 ******* INITIATOR 2 MADE A REQUEST *******
 *******     to AT Target ID 1      *******

Info: at_target_memory.cpp: 227 ns - nb_transport
      1 - ** END_RESP received AT 4 Phase 

Info: at_initiator.cpp: 227 ns - m_send_end_rsp_method
      2 - ** AT initiator send end response

Info: at_initiator.cpp: 235 ns - initiator_thread
      1 - Completed LT annotated request

Info: at_initiator.cpp: 235 ns - initiator_thread
      1 W A: 0x0000000010000759 L: 16

Info: lt_target.cpp: 235 ns - nb_transport
      2 * BEGIN_REQ LT_Annotated

Info: lt_target.cpp: 235 ns - memory_operation
      2 - W - A: 0x0000000000000759 L: 16 D: 0x000102030405060708090A0B0C0D0E0F address out-of-range

Info: at_initiator.cpp: 245 ns - initiator_thread
      2 - Completed LT annotated request

Info: at_initiator.cpp: 245 ns - initiator_thread
      2 W A: 0x000000000000046A L: 16

 ******* INITIATOR 2 MADE A REQUEST *******
 *******     to AT Target ID 1      *******

Info: at_target_memory.cpp: 245 ns - nb_transport
      1 - ** BEGIN_REQ AT 4 Phase

Info: at_target_memory.cpp: 250 ns - begin_response_method
      1 - ** BEGIN_RESP for queued response

Info: at_target_memory.cpp: 250 ns - memory_operation
      
      W - A: 0x000000000000046B L: 16 D: 0x000102030405060708090A0B0C0D0E0F

Info: at_initiator.cpp: 250 ns - nb_transport
      1 - AT target starting response

Info: at_initiator.cpp: 250 ns - nb_transport
      1 - ** transaction ptr not valid BEGIN_RESP

Info: at_target_memory.cpp: 250 ns - begin_response_method
      1 - ** start BEGIN_RESP delay

Info: at_initiator.cpp: 255 ns - initiator_thread
      2 - Target accepted LT or AT request

Info: at_initiator.cpp: 255 ns - initiator_thread
      2 W A: 0x000000000000042B L: 16

 ******* INITIATOR 2 MADE A REQUEST *******
 *******     to AT Target ID 1      *******

Info: at_target_memory.cpp: 255 ns - nb_transport
      1 - ** BEGIN_REQ AT 4 Phase

 ******* INITIATOR 1 MADE A REQUEST *******
 *******     to AT Target ID 1      *******

Info: at_target_memory.cpp: 257 ns - nb_transport
      1 - ** END_RESP received AT 4 Phase 

Info: at_initiator.cpp: 257 ns - m_send_end_rsp_method
      1 - ** AT initiator send end response

Info: at_initiator.cpp: 265 ns - initiator_thread
      2 - Target accepted LT or AT request

Info: at_initiator.cpp: 265 ns - initiator_thread
      2 R A: 0x0000000010000B12 L: 16

Info: lt_target.cpp: 265 ns - nb_transport
      2 * BEGIN_REQ LT_Annotated

Info: lt_target.cpp: 265 ns - memory_operation
      2 - R - A: 0x0000000000000B12 L: 16 address out-of-range, data zeroed

Info: at_initiator.cpp: 290 ns - initiator_thread
      1 - Completed LT annotated request

Info: at_initiator.cpp: 290 ns - initiator_thread
      1 W A: 0x00000000100001D6 L: 16

Info: lt_target.cpp: 290 ns - nb_transport
      2 * BEGIN_REQ LT_Annotated

Info: lt_target.cpp: 290 ns - memory_operation
      2 - W - A: 0x00000000000001D6 L: 16 D: 0x000102030405060708090A0B0C0D0E0F address out-of-range

Info: at_target_memory.cpp: 300 ns - begin_response_method
      1 - ** BEGIN_RESP for queued response

Info: at_target_memory.cpp: 300 ns - memory_operation
      R - A: 0x0000000000000CA8 L: 16 D: 0x00000000000000000000000000000000

Info: at_initiator.cpp: 300 ns - nb_transport
      2 - AT target starting response

Info: at_initiator.cpp: 300 ns - nb_transport
      2 - ** transaction ptr not valid BEGIN_RESP

Info: at_target_memory.cpp: 300 ns - begin_response_method
      1 - ** start BEGIN_RESP delay

 ******* INITIATOR 2 MADE A REQUEST *******
 *******     to AT Target ID 1      *******

Info: at_target_memory.cpp: 307 ns - nb_transport
      1 - ** END_RESP received AT 4 Phase 

Info: at_initiator.cpp: 307 ns - m_send_end_rsp_method
      2 - ** AT initiator send end response

Info: at_target_memory.cpp: 330 ns - begin_response_method
      1 - ** BEGIN_RESP for queued response

Info: at_target_memory.cpp: 330 ns - memory_operation
      
      W - A: 0x000000000000046A L: 16 D: 0x000102030405060708090A0B0C0D0E0F

Info: at_initiator.cpp: 330 ns - nb_transport
      2 - AT target starting response

Info: at_initiator.cpp: 330 ns - nb_transport
      2 - ** transaction ptr not valid BEGIN_RESP

Info: at_target_memory.cpp: 330 ns - begin_response_method
      1 - ** start BEGIN_RESP delay

 ******* INITIATOR 2 MADE A REQUEST *******
 *******     to AT Target ID 1      *******

Info: at_target_memory.cpp: 337 ns - nb_transport
      1 - ** END_RESP received AT 4 Phase 

Info: at_initiator.cpp: 337 ns - m_send_end_rsp_method
      2 - ** AT initiator send end response

Info: at_initiator.cpp: 340 ns - initiator_thread
      2 - Completed LT annotated request

Info: at_initiator.cpp: 340 ns - initiator_thread
      2 R A: 0x0000000000000771 L: 16

 ******* INITIATOR 2 MADE A REQUEST *******
 *******     to AT Target ID 1      *******

Info: at_target_memory.cpp: 340 ns - nb_transport
      1 - ** BEGIN_REQ AT 4 Phase

Info: at_initiator.cpp: 345 ns - initiator_thread
      1 - Completed LT annotated request

Info: at_initiator.cpp: 345 ns - initiator_thread
      1 R A: 0x0000000000000792 L: 16

 ******* INITIATOR 1 MADE A REQUEST *******
 *******     to AT Target ID 1      *******

Info: at_target_memory.cpp: 345 ns - nb_transport
      1 - ** BEGIN_REQ AT 4 Phase

Info: at_initiator.cpp: 350 ns - initiator_thread
      2 - Target accepted LT or AT request

Info: at_initiator.cpp: 350 ns - initiator_thread
      2 R A: 0x00000000000002BA L: 16

 ******* INITIATOR 2 MADE A REQUEST *******
 *******     to AT Target ID 1      *******

Info: at_target_memory.cpp: 350 ns - nb_transport
      1 - ** BEGIN_REQ AT 4 Phase

Info: at_target_memory.cpp: 360 ns - begin_response_method
      1 - ** BEGIN_RESP for queued response

Info: at_target_memory.cpp: 360 ns - memory_operation
      
      W - A: 0x000000000000042B L: 16 D: 0x000102030405060708090A0B0C0D0E0F

Info: at_initiator.cpp: 360 ns - nb_transport
      2 - AT target starting response

Info: at_initiator.cpp: 360 ns - nb_transport
      2 - ** transaction ptr not valid BEGIN_RESP

Info: at_target_memory.cpp: 360 ns - begin_response_method
      1 - ** start BEGIN_RESP delay

Info: at_initiator.cpp: 360 ns - initiator_thread
      1 - Target accepted LT or AT request

Info: at_initiator.cpp: 360 ns - initiator_thread
      1 R A: 0x0000000010000276 L: 16

Info: lt_target.cpp: 360 ns - nb_transport
      2 * BEGIN_REQ LT_Annotated

Info: lt_target.cpp: 360 ns - memory_operation
      2 - R - A: 0x0000000000000276 L: 16 address out-of-range, data zeroed

 ******* INITIATOR 2 MADE A REQUEST *******
 *******     to AT Target ID 1      *******

Info: at_target_memory.cpp: 367 ns - nb_transport
      1 - ** END_RESP received AT 4 Phase 

Info: at_initiator.cpp: 367 ns - m_send_end_rsp_method
      2 - ** AT initiator send end response

Info: at_initiator.cpp: 370 ns - initiator_thread
      2 - Target accepted LT or AT request

Info: at_initiator.cpp: 370 ns - initiator_thread
      2 R A: 0x000000001000030D L: 16

Info: lt_target.cpp: 370 ns - nb_transport
      2 * BEGIN_REQ LT_Annotated

Info: lt_target.cpp: 370 ns - memory_operation
      2 - R - A: 0x000000000000030D L: 16 address out-of-range, data zeroed

Info: at_target_memory.cpp: 410 ns - begin_response_method
      1 - ** BEGIN_RESP for queued response

Info: at_target_memory.cpp: 410 ns - memory_operation
      R - A: 0x0000000000000771 L: 16 D: 0x00000000000000000000000000000000

Info: at_initiator.cpp: 410 ns - nb_transport
      2 - AT target starting response

Info: at_initiator.cpp: 410 ns - nb_transport
      2 - ** transaction ptr not valid BEGIN_RESP

Info: at_target_memory.cpp: 410 ns - begin_response_method
      1 - ** start BEGIN_RESP delay

 ******* INITIATOR 2 MADE A REQUEST *******
 *******     to AT Target ID 1      *******

Info: at_target_memory.cpp: 417 ns - nb_transport
      1 - ** END_RESP received AT 4 Phase 

Info: at_initiator.cpp: 417 ns - m_send_end_rsp_method
      2 - ** AT initiator send end response

Info: at_initiator.cpp: 435 ns - initiator_thread
      1 - Completed LT annotated request

Info: at_initiator.cpp: 435 ns - initiator_thread
      1 R A: 0x0000000010000B32 L: 16

Info: lt_target.cpp: 435 ns - nb_transport
      2 * BEGIN_REQ LT_Annotated

Info: lt_target.cpp: 435 ns - memory_operation
      2 - R - A: 0x0000000000000B32 L: 16 address out-of-range, data zeroed

Info: at_initiator.cpp: 445 ns - initiator_thread
      2 - Completed LT annotated request

Info: at_initiator.cpp: 445 ns - initiator_thread
      2 R A: 0x0000000010000BAC L: 16

Info: lt_target.cpp: 445 ns - nb_transport
      2 * BEGIN_REQ LT_Annotated

Info: lt_target.cpp: 445 ns - memory_operation
      2 - R - A: 0x0000000000000BAC L: 16 address out-of-range, data zeroed

Info: at_target_memory.cpp: 460 ns - begin_response_method
      1 - ** BEGIN_RESP for queued response

Info: at_target_memory.cpp: 460 ns - memory_operation
      R - A: 0x0000000000000792 L: 16 D: 0x00000000000000000000000000000000

Info: at_initiator.cpp: 460 ns - nb_transport
      1 - AT target starting response

Info: at_initiator.cpp: 460 ns - nb_transport
      1 - ** transaction ptr not valid BEGIN_RESP

Info: at_target_memory.cpp: 460 ns - begin_response_method
      1 - ** start BEGIN_RESP delay

 ******* INITIATOR 1 MADE A REQUEST *******
 *******     to AT Target ID 1      *******

Info: at_target_memory.cpp: 467 ns - nb_transport
      1 - ** END_RESP received AT 4 Phase 

Info: at_initiator.cpp: 467 ns - m_send_end_rsp_method
      1 - ** AT initiator send end response

Info: at_target_memory.cpp: 510 ns - begin_response_method
      1 - ** BEGIN_RESP for queued response

Info: at_target_memory.cpp: 510 ns - memory_operation
      R - A: 0x00000000000002BA L: 16 D: 0x00000000000000000000000000000000

Info: at_initiator.cpp: 510 ns - nb_transport
      2 - AT target starting response

Info: at_initiator.cpp: 510 ns - nb_transport
      2 - ** transaction ptr not valid BEGIN_RESP

Info: at_initiator.cpp: 510 ns - initiator_thread
      1 - Completed LT annotated request

Info: at_initiator.cpp: 510 ns - initiator_thread
      1 W A: 0x0000000000000217 L: 16

 ******* INITIATOR 1 MADE A REQUEST *******
 *******     to AT Target ID 1      *******

Info: at_target_memory.cpp: 510 ns - nb_transport
      1 - ** BEGIN_REQ AT 4 Phase

 ******* INITIATOR 2 MADE A REQUEST *******
 *******     to AT Target ID 1      *******

Info: at_target_memory.cpp: 517 ns - nb_transport
      1 - ** END_RESP received AT 4 Phase 

Info: at_initiator.cpp: 517 ns - m_send_end_rsp_method
      2 - ** AT initiator send end response

Info: at_initiator.cpp: 520 ns - initiator_thread
      2 - Completed LT annotated request

Info: at_initiator.cpp: 520 ns - initiator_thread
      2 R A: 0x00000000000005E8 L: 16

 ******* INITIATOR 2 MADE A REQUEST *******
 *******     to AT Target ID 1      *******

Info: at_target_memory.cpp: 520 ns - nb_transport
      1 - ** BEGIN_REQ AT 4 Phase

Info: at_target_memory.cpp: 520 ns - begin_response_method
      1 - ** start BEGIN_RESP delay

Info: at_initiator.cpp: 520 ns - initiator_thread
      1 - Target accepted LT or AT request

Info: at_initiator.cpp: 520 ns - initiator_thread
      1 R A: 0x000000000000018B L: 16

 ******* INITIATOR 1 MADE A REQUEST *******
 *******     to AT Target ID 1      *******

Info: at_target_memory.cpp: 520 ns - nb_transport
      1 - ** BEGIN_REQ AT 4 Phase

Info: at_initiator.cpp: 530 ns - initiator_thread
      2 - Target accepted LT or AT request

Info: at_initiator.cpp: 530 ns - initiator_thread
      2 W A: 0x0000000000000601 L: 16

 ******* INITIATOR 2 MADE A REQUEST *******
 *******     to AT Target ID 1      *******

Info: at_target_memory.cpp: 530 ns - nb_transport
      1 - ** BEGIN_REQ AT 4 Phase

Info: at_initiator.cpp: 540 ns - initiator_thread
      1 - Target accepted LT or AT request

Info: at_initiator.cpp: 540 ns - initiator_thread
      1 W A: 0x0000000000000CA5 L: 16

 ******* INITIATOR 1 MADE A REQUEST *******
 *******     to AT Target ID 1      *******

Info: at_target_memory.cpp: 540 ns - nb_transport
      1 - ** BEGIN_REQ AT 4 Phase

Info: at_target_memory.cpp: 550 ns - begin_response_method
      1 - ** BEGIN_RESP for queued response

Info: at_target_memory.cpp: 550 ns - memory_operation
      
      W - A: 0x0000000000000217 L: 16 D: 0x000102030405060708090A0B0C0D0E0F

Info: at_initiator.cpp: 550 ns - nb_transport
      1 - AT target starting response

Info: at_initiator.cpp: 550 ns - nb_transport
      1 - ** transaction ptr not valid BEGIN_RESP

Info: at_target_memory.cpp: 550 ns - begin_response_method
      1 - ** start BEGIN_RESP delay

Info: at_initiator.cpp: 550 ns - initiator_thread
      2 - Target accepted LT or AT request

Info: at_initiator.cpp: 550 ns - initiator_thread
      2 W A: 0x0000000000000C3F L: 16

 ******* INITIATOR 2 MADE A REQUEST *******
 *******     to AT Target ID 1      *******

Info: at_target_memory.cpp: 550 ns - nb_transport
      1 - ** BEGIN_REQ AT 4 Phase

 ******* INITIATOR 1 MADE A REQUEST *******
 *******     to AT Target ID 1      *******

Info: at_target_memory.cpp: 557 ns - nb_transport
      1 - ** END_RESP received AT 4 Phase 

Info: at_initiator.cpp: 557 ns - m_send_end_rsp_method
      1 - ** AT initiator send end response

Info: at_initiator.cpp: 560 ns - initiator_thread
      1 - Target accepted LT or AT request

Info: at_initiator.cpp: 560 ns - initiator_thread
      1 W A: 0x00000000100005C6 L: 16

Info: lt_target.cpp: 560 ns - nb_transport
      2 * BEGIN_REQ LT_Annotated

Info: lt_target.cpp: 560 ns - memory_operation
      2 - W - A: 0x00000000000005C6 L: 16 D: 0x000102030405060708090A0B0C0D0E0F address out-of-range

Info: at_initiator.cpp: 570 ns - initiator_thread
      2 - Target accepted LT or AT request

Info: at_target_memory.cpp: 600 ns - begin_response_method
      1 - ** BEGIN_RESP for queued response

Info: at_target_memory.cpp: 600 ns - memory_operation
      R - A: 0x00000000000005E8 L: 16 D: 0x00000000000000000000000000000000

Info: at_initiator.cpp: 600 ns - nb_transport
      2 - AT target starting response

Info: at_initiator.cpp: 600 ns - nb_transport
      2 - ** transaction ptr not valid BEGIN_RESP

Info: at_target_memory.cpp: 600 ns - begin_response_method
      1 - ** start BEGIN_RESP delay

 ******* INITIATOR 2 MADE A REQUEST *******
 *******     to AT Target ID 1      *******

Info: at_target_memory.cpp: 607 ns - nb_transport
      1 - ** END_RESP received AT 4 Phase 

Info: at_initiator.cpp: 607 ns - m_send_end_rsp_method
      2 - ** AT initiator send end response

Info: at_initiator.cpp: 615 ns - initiator_thread
      1 - Completed LT annotated request

Info: at_target_memory.cpp: 650 ns - begin_response_method
      1 - ** BEGIN_RESP for queued response

Info: at_target_memory.cpp: 650 ns - memory_operation
      R - A: 0x000000000000018B L: 16 D: 0x00000000000000000000000000000000

Info: at_initiator.cpp: 650 ns - nb_transport
      1 - AT target starting response

Info: at_initiator.cpp: 650 ns - nb_transport
      1 - ** transaction ptr not valid BEGIN_RESP

Info: at_target_memory.cpp: 650 ns - begin_response_method
      1 - ** start BEGIN_RESP delay

 ******* INITIATOR 1 MADE A REQUEST *******
 *******     to AT Target ID 1      *******

Info: at_target_memory.cpp: 657 ns - nb_transport
      1 - ** END_RESP received AT 4 Phase 

Info: at_initiator.cpp: 657 ns - m_send_end_rsp_method
      1 - ** AT initiator send end response

Info: at_target_memory.cpp: 680 ns - begin_response_method
      1 - ** BEGIN_RESP for queued response

Info: at_target_memory.cpp: 680 ns - memory_operation
      
      W - A: 0x0000000000000601 L: 16 D: 0x000102030405060708090A0B0C0D0E0F

Info: at_initiator.cpp: 680 ns - nb_transport
      2 - AT target starting response

Info: at_initiator.cpp: 680 ns - nb_transport
      2 - ** transaction ptr not valid BEGIN_RESP

Info: at_target_memory.cpp: 680 ns - begin_response_method
      1 - ** start BEGIN_RESP delay

 ******* INITIATOR 2 MADE A REQUEST *******
 *******     to AT Target ID 1      *******

Info: at_target_memory.cpp: 687 ns - nb_transport
      1 - ** END_RESP received AT 4 Phase 

Info: at_initiator.cpp: 687 ns - m_send_end_rsp_method
      2 - ** AT initiator send end response

Info: at_target_memory.cpp: 710 ns - begin_response_method
      1 - ** BEGIN_RESP for queued response

Info: at_target_memory.cpp: 710 ns - memory_operation
      
      W - A: 0x0000000000000CA5 L: 16 D: 0x000102030405060708090A0B0C0D0E0F

Info: at_initiator.cpp: 710 ns - nb_transport
      1 - AT target starting response

Info: at_initiator.cpp: 710 ns - nb_transport
      1 - ** transaction ptr not valid BEGIN_RESP

Info: at_target_memory.cpp: 710 ns - begin_response_method
      1 - ** start BEGIN_RESP delay

 ******* INITIATOR 1 MADE A REQUEST *******
 *******     to AT Target ID 1      *******

Info: at_target_memory.cpp: 717 ns - nb_transport
      1 - ** END_RESP received AT 4 Phase 

Info: at_initiator.cpp: 717 ns - m_send_end_rsp_method
      1 - ** AT initiator send end response

Info: at_initiator.cpp: 717 ns - initiator_thread
      1 W A: 0x000000000000093E L: 16

 ******* INITIATOR 1 MADE A REQUEST *******
 *******     to AT Target ID 1      *******

Info: at_target_memory.cpp: 717 ns - nb_transport
      1 - ** BEGIN_REQ AT 4 Phase

Info: at_initiator.cpp: 727 ns - initiator_thread
      1 - Target accepted LT or AT request

Info: at_initiator.cpp: 727 ns - initiator_thread
      1 R A: 0x0000000000000F65 L: 16

 ******* INITIATOR 1 MADE A REQUEST *******
 *******     to AT Target ID 1      *******

Info: at_target_memory.cpp: 727 ns - nb_transport
      1 - ** BEGIN_REQ AT 4 Phase

Info: at_initiator.cpp: 737 ns - initiator_thread
      1 - Target accepted LT or AT request

Info: at_initiator.cpp: 737 ns - initiator_thread
      1 R A: 0x00000000100009F3 L: 16

Info: lt_target.cpp: 737 ns - nb_transport
      2 * BEGIN_REQ LT_Annotated

Info: lt_target.cpp: 737 ns - memory_operation
      2 - R - A: 0x00000000000009F3 L: 16 address out-of-range, data zeroed

Info: at_target_memory.cpp: 740 ns - begin_response_method
      1 - ** BEGIN_RESP for queued response

Info: at_target_memory.cpp: 740 ns - memory_operation
      
      W - A: 0x0000000000000C3F L: 16 D: 0x000102030405060708090A0B0C0D0E0F

Info: at_initiator.cpp: 740 ns - nb_transport
      2 - AT target starting response

Info: at_initiator.cpp: 740 ns - nb_transport
      2 - ** transaction ptr not valid BEGIN_RESP

Info: at_target_memory.cpp: 740 ns - begin_response_method
      1 - ** start BEGIN_RESP delay

 ******* INITIATOR 2 MADE A REQUEST *******
 *******     to AT Target ID 1      *******

Info: at_target_memory.cpp: 747 ns - nb_transport
      1 - ** END_RESP received AT 4 Phase 

Info: at_initiator.cpp: 747 ns - m_send_end_rsp_method
      2 - ** AT initiator send end response

Info: at_initiator.cpp: 747 ns - initiator_thread
      2 R A: 0x0000000000000FDA L: 16

 ******* INITIATOR 2 MADE A REQUEST *******
 *******     to AT Target ID 1      *******

Info: at_target_memory.cpp: 747 ns - nb_transport
      1 - ** BEGIN_REQ AT 4 Phase

Info: at_initiator.cpp: 757 ns - initiator_thread
      2 - Target accepted LT or AT request

Info: at_initiator.cpp: 757 ns - initiator_thread
      2 R A: 0x000000001000014D L: 16

Info: lt_target.cpp: 757 ns - nb_transport
      2 * BEGIN_REQ LT_Annotated

Info: lt_target.cpp: 757 ns - memory_operation
      2 - R - A: 0x000000000000014D L: 16 address out-of-range, data zeroed

Info: at_target_memory.cpp: 770 ns - begin_response_method
      1 - ** BEGIN_RESP for queued response

Info: at_target_memory.cpp: 770 ns - memory_operation
      
      W - A: 0x000000000000093E L: 16 D: 0x000102030405060708090A0B0C0D0E0F

Info: at_initiator.cpp: 770 ns - nb_transport
      1 - AT target starting response

Info: at_initiator.cpp: 770 ns - nb_transport
      1 - ** transaction ptr not valid BEGIN_RESP

Info: at_target_memory.cpp: 770 ns - begin_response_method
      1 - ** start BEGIN_RESP delay

 ******* INITIATOR 1 MADE A REQUEST *******
 *******     to AT Target ID 1      *******

Info: at_target_memory.cpp: 777 ns - nb_transport
      1 - ** END_RESP received AT 4 Phase 

Info: at_initiator.cpp: 777 ns - m_send_end_rsp_method
      1 - ** AT initiator send end response

Info: at_initiator.cpp: 812 ns - initiator_thread
      1 - Completed LT annotated request

Info: at_initiator.cpp: 812 ns - initiator_thread
      1 W A: 0x0000000010000975 L: 16

Info: lt_target.cpp: 812 ns - nb_transport
      2 * BEGIN_REQ LT_Annotated

Info: lt_target.cpp: 812 ns - memory_operation
      2 - W - A: 0x0000000000000975 L: 16 D: 0x000102030405060708090A0B0C0D0E0F address out-of-range

Info: at_target_memory.cpp: 820 ns - begin_response_method
      1 - ** BEGIN_RESP for queued response

Info: at_target_memory.cpp: 820 ns - memory_operation
      R - A: 0x0000000000000F65 L: 16 D: 0x00000000000000000000000000000000

Info: at_initiator.cpp: 820 ns - nb_transport
      1 - AT target starting response

Info: at_initiator.cpp: 820 ns - nb_transport
      1 - ** transaction ptr not valid BEGIN_RESP

Info: at_target_memory.cpp: 820 ns - begin_response_method
      1 - ** start BEGIN_RESP delay

 ******* INITIATOR 1 MADE A REQUEST *******
 *******     to AT Target ID 1      *******

Info: at_target_memory.cpp: 827 ns - nb_transport
      1 - ** END_RESP received AT 4 Phase 

Info: at_initiator.cpp: 827 ns - m_send_end_rsp_method
      1 - ** AT initiator send end response

Info: at_initiator.cpp: 832 ns - initiator_thread
      2 - Completed LT annotated request

Info: at_initiator.cpp: 832 ns - initiator_thread
      2 W A: 0x0000000010000B63 L: 16

Info: lt_target.cpp: 832 ns - nb_transport
      2 * BEGIN_REQ LT_Annotated

Info: lt_target.cpp: 832 ns - memory_operation
      2 - W - A: 0x0000000000000B63 L: 16 D: 0x000102030405060708090A0B0C0D0E0F address out-of-range

Info: at_initiator.cpp: 867 ns - initiator_thread
      1 - Completed LT annotated request

Info: at_initiator.cpp: 867 ns - initiator_thread
      1 W A: 0x0000000000000908 L: 16

 ******* INITIATOR 1 MADE A REQUEST *******
 *******     to AT Target ID 1      *******

Info: at_target_memory.cpp: 867 ns - nb_transport
      1 - ** BEGIN_REQ AT 4 Phase

Info: at_target_memory.cpp: 870 ns - begin_response_method
      1 - ** BEGIN_RESP for queued response

Info: at_target_memory.cpp: 870 ns - memory_operation
      R - A: 0x0000000000000FDA L: 16 D: 0x00000000000000000000000000000000

Info: at_initiator.cpp: 870 ns - nb_transport
      2 - AT target starting response

Info: at_initiator.cpp: 870 ns - nb_transport
      2 - ** transaction ptr not valid BEGIN_RESP

 ******* INITIATOR 2 MADE A REQUEST *******
 *******     to AT Target ID 1      *******

Info: at_target_memory.cpp: 877 ns - nb_transport
      1 - ** END_RESP received AT 4 Phase 

Info: at_initiator.cpp: 877 ns - m_send_end_rsp_method
      2 - ** AT initiator send end response

Info: at_target_memory.cpp: 877 ns - begin_response_method
      1 - ** start BEGIN_RESP delay

Info: at_initiator.cpp: 877 ns - initiator_thread
      1 - Target accepted LT or AT request

Info: at_initiator.cpp: 877 ns - initiator_thread
      1 R A: 0x0000000000000A75 L: 16

 ******* INITIATOR 1 MADE A REQUEST *******
 *******     to AT Target ID 1      *******

Info: at_target_memory.cpp: 877 ns - nb_transport
      1 - ** BEGIN_REQ AT 4 Phase

Info: at_initiator.cpp: 887 ns - initiator_thread
      2 - Completed LT annotated request

Info: at_initiator.cpp: 887 ns - initiator_thread
      2 R A: 0x0000000000000D0E L: 16

 ******* INITIATOR 2 MADE A REQUEST *******
 *******     to AT Target ID 1      *******

Info: at_target_memory.cpp: 887 ns - nb_transport
      1 - ** BEGIN_REQ AT 4 Phase

Info: at_initiator.cpp: 887 ns - initiator_thread
      1 - Target accepted LT or AT request

Info: at_initiator.cpp: 887 ns - initiator_thread
      1 W A: 0x00000000000008A5 L: 16

 ******* INITIATOR 1 MADE A REQUEST *******
 *******     to AT Target ID 1      *******

Info: at_target_memory.cpp: 887 ns - nb_transport
      1 - ** BEGIN_REQ AT 4 Phase

Info: at_initiator.cpp: 897 ns - initiator_thread
      2 - Target accepted LT or AT request

Info: at_initiator.cpp: 897 ns - initiator_thread
      2 R A: 0x0000000000000EBF L: 16

 ******* INITIATOR 2 MADE A REQUEST *******
 *******     to AT Target ID 1      *******

Info: at_target_memory.cpp: 897 ns - nb_transport
      1 - ** BEGIN_REQ AT 4 Phase

Info: at_target_memory.cpp: 907 ns - begin_response_method
      1 - ** BEGIN_RESP for queued response

Info: at_target_memory.cpp: 907 ns - memory_operation
      
      W - A: 0x0000000000000908 L: 16 D: 0x000102030405060708090A0B0C0D0E0F

Info: at_initiator.cpp: 907 ns - nb_transport
      1 - AT target starting response

Info: at_initiator.cpp: 907 ns - nb_transport
      1 - ** transaction ptr not valid BEGIN_RESP

Info: at_target_memory.cpp: 907 ns - begin_response_method
      1 - ** start BEGIN_RESP delay

Info: at_initiator.cpp: 907 ns - initiator_thread
      1 - Target accepted LT or AT request

Info: at_initiator.cpp: 907 ns - initiator_thread
      1 R A: 0x0000000000000527 L: 16

 ******* INITIATOR 1 MADE A REQUEST *******
 *******     to AT Target ID 1      *******

Info: at_target_memory.cpp: 907 ns - nb_transport
      1 - ** BEGIN_REQ AT 4 Phase

 ******* INITIATOR 1 MADE A REQUEST *******
 *******     to AT Target ID 1      *******

Info: at_target_memory.cpp: 914 ns - nb_transport
      1 - ** END_RESP received AT 4 Phase 

Info: at_initiator.cpp: 914 ns - m_send_end_rsp_method
      1 - ** AT initiator send end response

Info: at_initiator.cpp: 917 ns - initiator_thread
      2 - Target accepted LT or AT request

Info: at_initiator.cpp: 917 ns - initiator_thread
      2 W A: 0x000000001000006D L: 16

Info: lt_target.cpp: 917 ns - nb_transport
      2 * BEGIN_REQ LT_Annotated

Info: lt_target.cpp: 917 ns - memory_operation
      2 - W - A: 0x000000000000006D L: 16 D: 0x000102030405060708090A0B0C0D0E0F address out-of-range

Info: at_initiator.cpp: 927 ns - initiator_thread
      1 - Target accepted LT or AT request

Info: at_initiator.cpp: 927 ns - initiator_thread
      1 R A: 0x0000000010000E55 L: 16

Info: lt_target.cpp: 927 ns - nb_transport
      2 * BEGIN_REQ LT_Annotated

Info: lt_target.cpp: 927 ns - memory_operation
      2 - R - A: 0x0000000000000E55 L: 16 address out-of-range, data zeroed

Info: at_target_memory.cpp: 957 ns - begin_response_method
      1 - ** BEGIN_RESP for queued response

Info: at_target_memory.cpp: 957 ns - memory_operation
      R - A: 0x0000000000000A75 L: 16 D: 0x00000000000000000000000000000000

Info: at_initiator.cpp: 957 ns - nb_transport
      1 - AT target starting response

Info: at_initiator.cpp: 957 ns - nb_transport
      1 - ** transaction ptr not valid BEGIN_RESP

Info: at_target_memory.cpp: 957 ns - begin_response_method
      1 - ** start BEGIN_RESP delay

 ******* INITIATOR 1 MADE A REQUEST *******
 *******     to AT Target ID 1      *******

Info: at_target_memory.cpp: 964 ns - nb_transport
      1 - ** END_RESP received AT 4 Phase 

Info: at_initiator.cpp: 964 ns - m_send_end_rsp_method
      1 - ** AT initiator send end response

Info: at_initiator.cpp: 972 ns - initiator_thread
      2 - Completed LT annotated request

Info: at_initiator.cpp: 972 ns - initiator_thread
      2 W A: 0x000000001000088F L: 16

Info: lt_target.cpp: 972 ns - nb_transport
      2 * BEGIN_REQ LT_Sync

Info: lt_target.cpp: 972 ns - begin_response
      2 ** BEGIN_RESP start delay

Info: at_initiator.cpp: 1002 ns - initiator_thread
      1 - Completed LT annotated request

Info: at_initiator.cpp: 1002 ns - initiator_thread
      1 R A: 0x000000000000010A L: 16

 ******* INITIATOR 1 MADE A REQUEST *******
 *******     to AT Target ID 1      *******

Info: at_target_memory.cpp: 1002 ns - nb_transport
      1 - ** BEGIN_REQ AT 4 Phase

Info: at_target_memory.cpp: 1007 ns - begin_response_method
      1 - ** BEGIN_RESP for queued response

Info: at_target_memory.cpp: 1007 ns - memory_operation
      R - A: 0x0000000000000D0E L: 16 D: 0x00000000000000000000000000000000

Info: at_initiator.cpp: 1007 ns - nb_transport
      2 - AT target starting response

Info: at_initiator.cpp: 1007 ns - nb_transport
      2 - ** transaction ptr not valid BEGIN_RESP

Info: at_target_memory.cpp: 1007 ns - begin_response_method
      1 - ** start BEGIN_RESP delay

Info: at_initiator.cpp: 1012 ns - initiator_thread
      1 - Target accepted LT or AT request

Info: at_initiator.cpp: 1012 ns - initiator_thread
      1 R A: 0x0000000010000B18 L: 16

Info: lt_target.cpp: 1012 ns - nb_transport
      2 * BEGIN_REQ LT_Annotated

Info: lt_target.cpp: 1012 ns - memory_operation
      2 - R - A: 0x0000000000000B18 L: 16 address out-of-range, data zeroed

 ******* INITIATOR 2 MADE A REQUEST *******
 *******     to AT Target ID 1      *******

Info: at_target_memory.cpp: 1014 ns - nb_transport
      1 - ** END_RESP received AT 4 Phase 

Info: at_initiator.cpp: 1014 ns - m_send_end_rsp_method
      2 - ** AT initiator send end response

Info: lt_target.cpp: 1027 ns - begin_response
      2 ** BEGIN_RESP for queued response

Info: lt_target.cpp: 1027 ns - memory_operation
      2 - W - A: 0x000000000000088F L: 16 D: 0x000102030405060708090A0B0C0D0E0F address out-of-range

Info: at_initiator.cpp: 1027 ns - nb_transport
      2 - LT target completing request

Info: at_initiator.cpp: 1027 ns - initiator_thread
      2 - Target accepted LT or AT request

Info: at_initiator.cpp: 1027 ns - initiator_thread
      2 W A: 0x0000000010000475 L: 16

Info: lt_target.cpp: 1027 ns - nb_transport
      2 * BEGIN_REQ LT_Annotated

Info: lt_target.cpp: 1027 ns - memory_operation
      2 - W - A: 0x0000000000000475 L: 16 D: 0x000102030405060708090A0B0C0D0E0F address out-of-range

Info: at_target_memory.cpp: 1037 ns - begin_response_method
      1 - ** BEGIN_RESP for queued response

Info: at_target_memory.cpp: 1037 ns - memory_operation
      
      W - A: 0x00000000000008A5 L: 16 D: 0x000102030405060708090A0B0C0D0E0F

Info: at_initiator.cpp: 1037 ns - nb_transport
      1 - AT target starting response

Info: at_initiator.cpp: 1037 ns - nb_transport
      1 - ** transaction ptr not valid BEGIN_RESP

Info: at_target_memory.cpp: 1037 ns - begin_response_method
      1 - ** start BEGIN_RESP delay

 ******* INITIATOR 1 MADE A REQUEST *******
 *******     to AT Target ID 1      *******

Info: at_target_memory.cpp: 1044 ns - nb_transport
      1 - ** END_RESP received AT 4 Phase 

Info: at_initiator.cpp: 1044 ns - m_send_end_rsp_method
      1 - ** AT initiator send end response

Info: at_initiator.cpp: 1082 ns - initiator_thread
      2 - Completed LT annotated request

Info: at_initiator.cpp: 1082 ns - initiator_thread
      2 W A: 0x0000000010000659 L: 16

Info: lt_target.cpp: 1082 ns - nb_transport
      2 * BEGIN_REQ LT_Annotated

Info: lt_target.cpp: 1082 ns - memory_operation
      2 - W - A: 0x0000000000000659 L: 16 D: 0x000102030405060708090A0B0C0D0E0F address out-of-range

Info: at_target_memory.cpp: 1087 ns - begin_response_method
      1 - ** BEGIN_RESP for queued response

Info: at_target_memory.cpp: 1087 ns - memory_operation
      R - A: 0x0000000000000EBF L: 16 D: 0x00000000000000000000000000000000

Info: at_initiator.cpp: 1087 ns - nb_transport
      2 - AT target starting response

Info: at_initiator.cpp: 1087 ns - nb_transport
      2 - ** transaction ptr not valid BEGIN_RESP

Info: at_target_memory.cpp: 1087 ns - begin_response_method
      1 - ** start BEGIN_RESP delay

Info: at_initiator.cpp: 1087 ns - initiator_thread
      1 - Completed LT annotated request

Info: at_initiator.cpp: 1087 ns - initiator_thread
      1 R A: 0x00000000000007F6 L: 16

 ******* INITIATOR 1 MADE A REQUEST *******
 *******     to AT Target ID 1      *******

Info: at_target_memory.cpp: 1087 ns - nb_transport
      1 - ** BEGIN_REQ AT 4 Phase

 ******* INITIATOR 2 MADE A REQUEST *******
 *******     to AT Target ID 1      *******

Info: at_target_memory.cpp: 1094 ns - nb_transport
      1 - ** END_RESP received AT 4 Phase 

Info: at_initiator.cpp: 1094 ns - m_send_end_rsp_method
      2 - ** AT initiator send end response

Info: at_initiator.cpp: 1097 ns - initiator_thread
      1 - Target accepted LT or AT request

Info: at_initiator.cpp: 1097 ns - initiator_thread
      1 W A: 0x0000000000000E33 L: 16

 ******* INITIATOR 1 MADE A REQUEST *******
 *******     to AT Target ID 1      *******

Info: at_target_memory.cpp: 1097 ns - nb_transport
      1 - ** BEGIN_REQ AT 4 Phase

Info: at_initiator.cpp: 1107 ns - initiator_thread
      1 - Target accepted LT or AT request

Info: at_initiator.cpp: 1107 ns - initiator_thread
      1 W A: 0x00000000100002B4 L: 16

Info: lt_target.cpp: 1107 ns - nb_transport
      2 * BEGIN_REQ LT_Annotated

Info: lt_target.cpp: 1107 ns - memory_operation
      2 - W - A: 0x00000000000002B4 L: 16 D: 0x000102030405060708090A0B0C0D0E0F address out-of-range

Info: at_target_memory.cpp: 1137 ns - begin_response_method
      1 - ** BEGIN_RESP for queued response

Info: at_target_memory.cpp: 1137 ns - memory_operation
      R - A: 0x0000000000000527 L: 16 D: 0x00000000000000000000000000000000

Info: at_initiator.cpp: 1137 ns - nb_transport
      1 - AT target starting response

Info: at_initiator.cpp: 1137 ns - nb_transport
      1 - ** transaction ptr not valid BEGIN_RESP

Info: at_target_memory.cpp: 1137 ns - begin_response_method
      1 - ** start BEGIN_RESP delay

Info: at_initiator.cpp: 1137 ns - initiator_thread
      2 - Completed LT annotated request

Info: at_initiator.cpp: 1137 ns - initiator_thread
      2 R A: 0x00000000000002E3 L: 16

 ******* INITIATOR 2 MADE A REQUEST *******
 *******     to AT Target ID 1      *******

Info: at_target_memory.cpp: 1137 ns - nb_transport
      1 - ** BEGIN_REQ AT 4 Phase

 ******* INITIATOR 1 MADE A REQUEST *******
 *******     to AT Target ID 1      *******

Info: at_target_memory.cpp: 1144 ns - nb_transport
      1 - ** END_RESP received AT 4 Phase 

Info: at_initiator.cpp: 1144 ns - m_send_end_rsp_method
      1 - ** AT initiator send end response

Info: at_initiator.cpp: 1147 ns - initiator_thread
      2 - Target accepted LT or AT request

Info: at_initiator.cpp: 1147 ns - initiator_thread
      2 R A: 0x00000000100007D2 L: 16

Info: lt_target.cpp: 1147 ns - nb_transport
      2 * BEGIN_REQ LT_Annotated

Info: lt_target.cpp: 1147 ns - memory_operation
      2 - R - A: 0x00000000000007D2 L: 16 address out-of-range, data zeroed

Info: at_initiator.cpp: 1162 ns - initiator_thread
      1 - Completed LT annotated request

Info: at_initiator.cpp: 1162 ns - initiator_thread
      1 R A: 0x000000000000077F L: 16

 ******* INITIATOR 1 MADE A REQUEST *******
 *******     to AT Target ID 1      *******

Info: at_target_memory.cpp: 1162 ns - nb_transport
      1 - ** BEGIN_REQ AT 4 Phase

Info: at_initiator.cpp: 1172 ns - initiator_thread
      1 - Target accepted LT or AT request

Info: at_initiator.cpp: 1172 ns - initiator_thread
      1 W A: 0x000000001000006C L: 16

Info: lt_target.cpp: 1172 ns - nb_transport
      2 * BEGIN_REQ LT_Annotated

Info: lt_target.cpp: 1172 ns - memory_operation
      2 - W - A: 0x000000000000006C L: 16 D: 0x000102030405060708090A0B0C0D0E0F address out-of-range

Info: at_target_memory.cpp: 1187 ns - begin_response_method
      1 - ** BEGIN_RESP for queued response

Info: at_target_memory.cpp: 1187 ns - memory_operation
      R - A: 0x000000000000010A L: 16 D: 0x00000000000000000000000000000000

Info: at_initiator.cpp: 1187 ns - nb_transport
      1 - AT target starting response

Info: at_initiator.cpp: 1187 ns - nb_transport
      1 - ** transaction ptr not valid BEGIN_RESP

Info: at_target_memory.cpp: 1187 ns - begin_response_method
      1 - ** start BEGIN_RESP delay

 ******* INITIATOR 1 MADE A REQUEST *******
 *******     to AT Target ID 1      *******

Info: at_target_memory.cpp: 1194 ns - nb_transport
      1 - ** END_RESP received AT 4 Phase 

Info: at_initiator.cpp: 1194 ns - m_send_end_rsp_method
      1 - ** AT initiator send end response

Info: at_initiator.cpp: 1222 ns - initiator_thread
      2 - Completed LT annotated request

Info: at_initiator.cpp: 1222 ns - initiator_thread
      2 R A: 0x000000001000055B L: 16

Info: lt_target.cpp: 1222 ns - nb_transport
      2 * BEGIN_REQ LT_Annotated

Info: lt_target.cpp: 1222 ns - memory_operation
      2 - R - A: 0x000000000000055B L: 16 address out-of-range, data zeroed

Info: at_initiator.cpp: 1227 ns - initiator_thread
      1 - Completed LT annotated request

Info: at_target_memory.cpp: 1237 ns - begin_response_method
      1 - ** BEGIN_RESP for queued response

Info: at_target_memory.cpp: 1237 ns - memory_operation
      R - A: 0x00000000000007F6 L: 16 D: 0x00000000000000000000000000000000

Info: at_initiator.cpp: 1237 ns - nb_transport
      1 - AT target starting response

Info: at_initiator.cpp: 1237 ns - nb_transport
      1 - ** transaction ptr not valid BEGIN_RESP

Info: at_target_memory.cpp: 1237 ns - begin_response_method
      1 - ** start BEGIN_RESP delay

 ******* INITIATOR 1 MADE A REQUEST *******
 *******     to AT Target ID 1      *******

Info: at_target_memory.cpp: 1244 ns - nb_transport
      1 - ** END_RESP received AT 4 Phase 

Info: at_initiator.cpp: 1244 ns - m_send_end_rsp_method
      1 - ** AT initiator send end response

Info: at_target_memory.cpp: 1267 ns - begin_response_method
      1 - ** BEGIN_RESP for queued response

Info: at_target_memory.cpp: 1267 ns - memory_operation
      
      W - A: 0x0000000000000E33 L: 16 D: 0x000102030405060708090A0B0C0D0E0F

Info: at_initiator.cpp: 1267 ns - nb_transport
      1 - AT target starting response

Info: at_initiator.cpp: 1267 ns - nb_transport
      1 - ** transaction ptr not valid BEGIN_RESP

Info: at_target_memory.cpp: 1267 ns - begin_response_method
      1 - ** start BEGIN_RESP delay

 ******* INITIATOR 1 MADE A REQUEST *******
 *******     to AT Target ID 1      *******

Info: at_target_memory.cpp: 1274 ns - nb_transport
      1 - ** END_RESP received AT 4 Phase 

Info: at_initiator.cpp: 1274 ns - m_send_end_rsp_method
      1 - ** AT initiator send end response

Info: at_initiator.cpp: 1297 ns - initiator_thread
      2 - Completed LT annotated request

Info: at_initiator.cpp: 1297 ns - initiator_thread
      2 W A: 0x0000000000000B58 L: 16

 ******* INITIATOR 2 MADE A REQUEST *******
 *******     to AT Target ID 1      *******

Info: at_target_memory.cpp: 1297 ns - nb_transport
      1 - ** BEGIN_REQ AT 4 Phase

Info: at_initiator.cpp: 1307 ns - initiator_thread
      2 - Target accepted LT or AT request

Info: at_initiator.cpp: 1307 ns - initiator_thread
      2 W A: 0x0000000010000269 L: 16

Info: lt_target.cpp: 1307 ns - nb_transport
      2 * BEGIN_REQ LT_Annotated

Info: lt_target.cpp: 1307 ns - memory_operation
      2 - W - A: 0x0000000000000269 L: 16 D: 0x000102030405060708090A0B0C0D0E0F address out-of-range

Info: at_target_memory.cpp: 1317 ns - begin_response_method
      1 - ** BEGIN_RESP for queued response

Info: at_target_memory.cpp: 1317 ns - memory_operation
      R - A: 0x00000000000002E3 L: 16 D: 0x00000000000000000000000000000000

Info: at_initiator.cpp: 1317 ns - nb_transport
      2 - AT target starting response

Info: at_initiator.cpp: 1317 ns - nb_transport
      2 - ** transaction ptr not valid BEGIN_RESP

Info: at_target_memory.cpp: 1317 ns - begin_response_method
      1 - ** start BEGIN_RESP delay

 ******* INITIATOR 2 MADE A REQUEST *******
 *******     to AT Target ID 1      *******

Info: at_target_memory.cpp: 1324 ns - nb_transport
      1 - ** END_RESP received AT 4 Phase 

Info: at_initiator.cpp: 1324 ns - m_send_end_rsp_method
      2 - ** AT initiator send end response

Info: at_initiator.cpp: 1362 ns - initiator_thread
      2 - Completed LT annotated request

Info: at_initiator.cpp: 1362 ns - initiator_thread
      2 W A: 0x0000000000000A82 L: 16

 ******* INITIATOR 2 MADE A REQUEST *******
 *******     to AT Target ID 1      *******

Info: at_target_memory.cpp: 1362 ns - nb_transport
      1 - ** BEGIN_REQ AT 4 Phase

Info: at_target_memory.cpp: 1367 ns - begin_response_method
      1 - ** BEGIN_RESP for queued response

Info: at_target_memory.cpp: 1367 ns - memory_operation
      R - A: 0x000000000000077F L: 16 D: 0x00000000000000000000000000000000

Info: at_initiator.cpp: 1367 ns - nb_transport
      1 - AT target starting response

Info: at_initiator.cpp: 1367 ns - nb_transport
      1 - ** transaction ptr not valid BEGIN_RESP

Info: at_target_memory.cpp: 1367 ns - begin_response_method
      1 - ** start BEGIN_RESP delay

Info: at_initiator.cpp: 1372 ns - initiator_thread
      2 - Target accepted LT or AT request

Info: at_initiator.cpp: 1372 ns - initiator_thread
      2 R A: 0x0000000000000A67 L: 16

 ******* INITIATOR 2 MADE A REQUEST *******
 *******     to AT Target ID 1      *******

Info: at_target_memory.cpp: 1372 ns - nb_transport
      1 - ** BEGIN_REQ AT 4 Phase

 ******* INITIATOR 1 MADE A REQUEST *******
 *******     to AT Target ID 1      *******

Info: at_target_memory.cpp: 1374 ns - nb_transport
      1 - ** END_RESP received AT 4 Phase 

Info: at_initiator.cpp: 1374 ns - m_send_end_rsp_method
      1 - ** AT initiator send end response

Info: at_initiator.cpp: 1382 ns - initiator_thread
      2 - Target accepted LT or AT request

Info: at_target_memory.cpp: 1397 ns - begin_response_method
      1 - ** BEGIN_RESP for queued response

Info: at_target_memory.cpp: 1397 ns - memory_operation
      
      W - A: 0x0000000000000B58 L: 16 D: 0x000102030405060708090A0B0C0D0E0F

Info: at_initiator.cpp: 1397 ns - nb_transport
      2 - AT target starting response

Info: at_initiator.cpp: 1397 ns - nb_transport
      2 - ** transaction ptr not valid BEGIN_RESP

Info: at_target_memory.cpp: 1397 ns - begin_response_method
      1 - ** start BEGIN_RESP delay

 ******* INITIATOR 2 MADE A REQUEST *******
 *******     to AT Target ID 1      *******

Info: at_target_memory.cpp: 1404 ns - nb_transport
      1 - ** END_RESP received AT 4 Phase 

Info: at_initiator.cpp: 1404 ns - m_send_end_rsp_method
      2 - ** AT initiator send end response

Info: at_target_memory.cpp: 1427 ns - begin_response_method
      1 - ** BEGIN_RESP for queued response

Info: at_target_memory.cpp: 1427 ns - memory_operation
      
      W - A: 0x0000000000000A82 L: 16 D: 0x000102030405060708090A0B0C0D0E0F

Info: at_initiator.cpp: 1427 ns - nb_transport
      2 - AT target starting response

Info: at_initiator.cpp: 1427 ns - nb_transport
      2 - ** transaction ptr not valid BEGIN_RESP

Info: at_target_memory.cpp: 1427 ns - begin_response_method
      1 - ** start BEGIN_RESP delay

 ******* INITIATOR 2 MADE A REQUEST *******
 *******     to AT Target ID 1      *******

Info: at_target_memory.cpp: 1434 ns - nb_transport
      1 - ** END_RESP received AT 4 Phase 

Info: at_initiator.cpp: 1434 ns - m_send_end_rsp_method
      2 - ** AT initiator send end response

Info: at_target_memory.cpp: 1477 ns - begin_response_method
      1 - ** BEGIN_RESP for queued response

Info: at_target_memory.cpp: 1477 ns - memory_operation
      R - A: 0x0000000000000A67 L: 16 D: 0x00000000000000000000000000000000

Info: at_initiator.cpp: 1477 ns - nb_transport
      2 - AT target starting response

Info: at_initiator.cpp: 1477 ns - nb_transport
      2 - ** transaction ptr not valid BEGIN_RESP

 ******* INITIATOR 2 MADE A REQUEST *******
 *******     to AT Target ID 1      *******

Info: at_target_memory.cpp: 1484 ns - nb_transport
      1 - ** END_RESP received AT 4 Phase 

Info: at_initiator.cpp: 1484 ns - m_send_end_rsp_method
      2 - ** AT initiator send end response
