
Reading in the samples...
Computing...
Writing the transform values...
Done...

Reading in the samples...
Computing...
Writing the transform values...
Done...

Reading in the samples...
Computing...
Writing the transform values...
Done...

Reading in the samples...
Computing...
Writing the transform values...
Done...

Reading in the samples...
Computing...
Writing the transform values...
Done...

Reading in the samples...
Computing...
Writing the transform values...
Done...

Reading in the samples...
Computing...
Writing the transform values...
Done...

Reading in the samples...
Computing...
Writing the transform values...
Done...

Reading in the samples...
End of Input Stream: Simulation Stops

Info: /OSCI/SystemC: Simulation stopped by user.
