0 s top.master_d : mem[78:87] = (0, 0, 0, 0)
100 ns top.master_d : mem[78:87] = (b, c, d, e)
200 ns top.master_d : mem[78:87] = (b, c, d, e)
300 ns top.master_d : mem[78:87] = (b, c, d, e)
400 ns top.master_d : mem[78:87] = (1b, 1d, d, e)
500 ns top.master_d : mem[78:87] = (26, 18, 1a, 2f)
600 ns top.master_d : mem[78:87] = (26, 18, 1a, 2f)
700 ns top.master_d : mem[78:87] = (26, 18, 1a, 2f)
800 ns top.master_d : mem[78:87] = (31, 24, 27, 3d)
900 ns top.master_d : mem[78:87] = (31, 24, 27, 3d)
1 us top.master_d : mem[78:87] = (31, 24, 27, 3d)
1100 ns top.master_d : mem[78:87] = (31, 24, 27, 3d)
1200 ns top.master_d : mem[78:87] = (3c, 41, 46, 5e)
1300 ns top.master_d : mem[78:87] = (3c, 41, 46, 5e)
1400 ns top.master_d : mem[78:87] = (3c, 41, 46, 5e)
1500 ns top.master_d : mem[78:87] = (47, 4d, 53, 6c)
1600 ns top.master_d : mem[78:87] = (47, 4d, 53, 6c)
1700 ns top.master_d : mem[78:87] = (47, 4d, 53, 6c)
1800 ns top.master_d : mem[78:87] = (47, 4d, 53, 6c)
1900 ns top.master_d : mem[78:87] = (62, 6a, 60, 7a)
2 us top.master_d : mem[78:87] = (62, 6a, 72, 8d)
2100 ns top.master_d : mem[78:87] = (62, 6a, 72, 8d)
2200 ns top.master_d : mem[78:87] = (62, 6a, 72, 8d)
2300 ns top.master_d : mem[78:87] = (6d, 76, 7f, 9b)
2400 ns top.master_d : mem[78:87] = (6d, 76, 7f, 9b)
2500 ns top.master_d : mem[78:87] = (6d, 76, 7f, 9b)
2600 ns top.master_d : mem[78:87] = (78, 82, 8c, a9)
2700 ns top.master_d : mem[78:87] = (88, 93, 9e, bc)
2800 ns top.master_d : mem[78:87] = (88, 93, 9e, bc)
2900 ns top.master_d : mem[78:87] = (88, 93, 9e, bc)
3 us top.master_d : mem[78:87] = (93, 9f, ab, ca)
3100 ns top.master_d : mem[78:87] = (93, 9f, ab, ca)
3200 ns top.master_d : mem[78:87] = (93, 9f, ab, ca)
3300 ns top.master_d : mem[78:87] = (9e, ab, b8, d8)
3400 ns top.master_d : mem[78:87] = (ae, ab, b8, d8)
3500 ns top.master_d : mem[78:87] = (ae, bc, ca, eb)
3600 ns top.master_d : mem[78:87] = (ae, bc, ca, eb)
3700 ns top.master_d : mem[78:87] = (b9, c8, d7, f9)
3800 ns top.master_d : mem[78:87] = (b9, c8, d7, f9)
3900 ns top.master_d : mem[78:87] = (b9, c8, d7, f9)
4 us top.master_d : mem[78:87] = (c4, d4, d7, f9)
4100 ns top.master_d : mem[78:87] = (c4, d4, e4, 107)
4200 ns top.master_d : mem[78:87] = (d4, e5, f6, 107)
4300 ns top.master_d : mem[78:87] = (d4, e5, f6, 11a)
4400 ns top.master_d : mem[78:87] = (df, f1, 103, 128)
4500 ns top.master_d : mem[78:87] = (df, f1, 103, 128)
4600 ns top.master_d : mem[78:87] = (df, f1, 103, 128)
4700 ns top.master_d : mem[78:87] = (df, f1, 103, 128)
4800 ns top.master_d : mem[78:87] = (ea, fd, 110, 136)
4900 ns top.master_d : mem[78:87] = (fa, fd, 110, 136)
5 us top.master_d : mem[78:87] = (fa, 10e, 122, 149)
5100 ns top.master_d : mem[78:87] = (105, 11a, 12f, 157)
5200 ns top.master_d : mem[78:87] = (105, 11a, 12f, 157)
5300 ns top.master_d : mem[78:87] = (105, 11a, 12f, 157)
5400 ns top.master_d : mem[78:87] = (105, 11a, 12f, 157)
5500 ns top.master_d : mem[78:87] = (110, 126, 13c, 165)
5600 ns top.master_d : mem[78:87] = (110, 126, 13c, 165)
5700 ns top.master_d : mem[78:87] = (120, 137, 14e, 165)
5800 ns top.master_d : mem[78:87] = (12b, 143, 14e, 178)
5900 ns top.master_d : mem[78:87] = (12b, 143, 15b, 186)
6 us top.master_d : mem[78:87] = (12b, 143, 15b, 186)
6100 ns top.master_d : mem[78:87] = (12b, 143, 15b, 186)
6200 ns top.master_d : mem[78:87] = (136, 14f, 168, 194)
6300 ns top.master_d : mem[78:87] = (136, 14f, 168, 194)
6400 ns top.master_d : mem[78:87] = (136, 14f, 168, 194)
6500 ns top.master_d : mem[78:87] = (146, 160, 17a, 1a7)
6600 ns top.master_d : mem[78:87] = (151, 16c, 187, 1b5)
6700 ns top.master_d : mem[78:87] = (151, 16c, 187, 1b5)
6800 ns top.master_d : mem[78:87] = (151, 16c, 187, 1b5)
6900 ns top.master_d : mem[78:87] = (15c, 178, 194, 1c3)
7 us top.master_d : mem[78:87] = (15c, 178, 194, 1c3)
7100 ns top.master_d : mem[78:87] = (15c, 178, 194, 1c3)
7200 ns top.master_d : mem[78:87] = (16c, 189, 194, 1c3)
7300 ns top.master_d : mem[78:87] = (177, 195, 1a1, 1e4)
7400 ns top.master_d : mem[78:87] = (177, 195, 1a1, 1e4)
7500 ns top.master_d : mem[78:87] = (177, 195, 1a1, 1e4)
7600 ns top.master_d : mem[78:87] = (182, 1a1, 1ae, 1f2)
7700 ns top.master_d : mem[78:87] = (182, 1a1, 1ae, 1f2)
7800 ns top.master_d : mem[78:87] = (182, 1a1, 1ae, 1f2)
7900 ns top.master_d : mem[78:87] = (182, 1a1, 1ae, 1f2)
8 us top.master_d : mem[78:87] = (18d, 1ad, 1cd, 213)
8100 ns top.master_d : mem[78:87] = (18d, 1ad, 1cd, 213)
8200 ns top.master_d : mem[78:87] = (18d, 1ad, 1cd, 213)
8300 ns top.master_d : mem[78:87] = (18d, 1ad, 1cd, 213)
8400 ns top.master_d : mem[78:87] = (198, 1b9, 1da, 221)
8500 ns top.master_d : mem[78:87] = (198, 1b9, 1da, 221)
8600 ns top.master_d : mem[78:87] = (198, 1b9, 1da, 221)
8700 ns top.master_d : mem[78:87] = (1b3, 1c5, 1e7, 22f)
8800 ns top.master_d : mem[78:87] = (1b3, 1d6, 1f9, 242)
8900 ns top.master_d : mem[78:87] = (1b3, 1d6, 1f9, 242)
9 us top.master_d : mem[78:87] = (1b3, 1d6, 1f9, 242)
9100 ns top.master_d : mem[78:87] = (1be, 1e2, 206, 250)
9200 ns top.master_d : mem[78:87] = (1be, 1e2, 206, 250)
9300 ns top.master_d : mem[78:87] = (1be, 1e2, 206, 250)
9400 ns top.master_d : mem[78:87] = (1c9, 1ee, 213, 25e)
9500 ns top.master_d : mem[78:87] = (1d9, 1ff, 225, 25e)
9600 ns top.master_d : mem[78:87] = (1d9, 1ff, 225, 271)
9700 ns top.master_d : mem[78:87] = (1d9, 1ff, 225, 271)
9800 ns top.master_d : mem[78:87] = (1e4, 20b, 232, 27f)
9900 ns top.master_d : mem[78:87] = (1e4, 20b, 232, 27f)
