producer dut consumer 
    0                 1 ns
    1                 2 ns
           0          3 ns
    2                 4 ns
           1          5 ns
                 0    5 ns
    3                 6 ns
           2          7 ns
    4                 8 ns
                 1    9 ns
           3          11 ns
                 2    11 ns
    5                 12 ns
           4          13 ns
    6                 14 ns
           5          15 ns
                 3    17 ns
                 4    19 ns
           6          21 ns
                 5    21 ns
    7                 22 ns
    8                 23 ns
           7          24 ns
    9                 25 ns
           8          26 ns
   10                 27 ns
           9          28 ns
   11                 29 ns
                 6    30 ns
                 7    32 ns
                 8    34 ns
          10          36 ns
                 9    36 ns
   12                 37 ns
          11          38 ns
          12          40 ns
   13                 51 ns
   14                 52 ns
          13          53 ns
   15                 54 ns
          14          55 ns
   16                 56 ns
                10    57 ns
                11    59 ns
                12    61 ns
                13    63 ns
          15          65 ns
                14    65 ns
   17                 66 ns
          16          67 ns
   18                 68 ns
          17          69 ns
          18          71 ns
   19                 88 ns
   20                 89 ns
          19          90 ns
   21                 91 ns
          20          92 ns
   22                 93 ns
                15    94 ns
                16    96 ns
                17    98 ns
                18    100 ns
                19    102 ns
          21          104 ns
                20    104 ns
   23                 105 ns
          22          106 ns
   24                 107 ns
          23          108 ns
          24          110 ns
   25                 133 ns
   26                 134 ns
          25          135 ns
   27                 136 ns
          26          137 ns
   28                 138 ns
          27          139 ns
   29                 140 ns
                21    141 ns
                22    143 ns
                23    145 ns
                24    147 ns
                25    149 ns
                26    151 ns
          28          153 ns
                27    153 ns
   30                 154 ns
          29          155 ns
          30          157 ns
   31                 186 ns
   32                 187 ns
          31          188 ns
   33                 189 ns
          32          190 ns
   34                 191 ns
          33          192 ns
   35                 193 ns
          34          194 ns
   36                 195 ns
          35          196 ns
                28    198 ns
                29    200 ns
                30    202 ns
                31    204 ns
                32    206 ns
                33    208 ns
                34    210 ns
          36          212 ns
                35    212 ns
   37                 233 ns
   38                 234 ns
          37          235 ns
   39                 236 ns
          38          237 ns
   40                 238 ns
          39          239 ns
   41                 240 ns
          40          241 ns
   42                 242 ns
          41          243 ns
          42          245 ns
   43                 286 ns
   44                 287 ns
          43          288 ns
   45                 289 ns
          44          290 ns
   46                 291 ns
                36    292 ns
                37    294 ns
                38    296 ns
                39    298 ns

Info: /OSCI/SystemC: Simulation stopped by user.
Program completed
