
Info: traffic_generator: 0 s - traffic_generator_thread
      traffic_generator_thread: starting

Info: lt_target_memory: 0 s - nb_transport
      R - A: 0x0000000000000280 L: 64 D: 0x00000000000000000000000000000000000000000000000000000000000000000000000000000000000000000000000000000000000000000000000000000000

Info: traffic_generator: 0 s - traffic_generator_thread
      traffic_generator_thread: starting

Info: lt_target_memory: 0 s - nb_transport
      R - A: 0x0000000000000280 L: 64 D: 0x00000000000000000000000000000000000000000000000000000000000000000000000000000000000000000000000000000000000000000000000000000000

Info: lt_target_memory: 60 ns - nb_transport
      R - A: 0x0000000000000080 L: 64 D: 0x00000000000000000000000000000000000000000000000000000000000000000000000000000000000000000000000000000000000000000000000000000000

Info: lt_target_memory: 60 ns - nb_transport
      R - A: 0x0000000000000800 L: 64 D: 0x00000000000000000000000000000000000000000000000000000000000000000000000000000000000000000000000000000000000000000000000000000000

Info: lt_target_memory: 120 ns - nb_transport
      R - A: 0x0000000000000200 L: 64 D: 0x00000000000000000000000000000000000000000000000000000000000000000000000000000000000000000000000000000000000000000000000000000000

Info: lt_target_memory: 120 ns - nb_transport
      R - A: 0x0000000000000A40 L: 64 D: 0x00000000000000000000000000000000000000000000000000000000000000000000000000000000000000000000000000000000000000000000000000000000

Info: lt_target_memory: 180 ns - nb_transport
      R - A: 0x00000000000008C0 L: 64 D: 0x00000000000000000000000000000000000000000000000000000000000000000000000000000000000000000000000000000000000000000000000000000000

Info: lt_target_memory: 180 ns - nb_transport
      R - A: 0x00000000000001C0 L: 64 D: 0x00000000000000000000000000000000000000000000000000000000000000000000000000000000000000000000000000000000000000000000000000000000

Info: lt_target_memory: 240 ns - nb_transport
      R - A: 0x0000000000000480 L: 64 D: 0x00000000000000000000000000000000000000000000000000000000000000000000000000000000000000000000000000000000000000000000000000000000

Info: lt_target_memory: 240 ns - nb_transport
      R - A: 0x0000000000000B80 L: 64 D: 0x00000000000000000000000000000000000000000000000000000000000000000000000000000000000000000000000000000000000000000000000000000000

Info: lt_target_memory: 300 ns - nb_transport
      R - A: 0x00000000000006C0 L: 64 D: 0x00000000000000000000000000000000000000000000000000000000000000000000000000000000000000000000000000000000000000000000000000000000

Info: lt_target_memory: 300 ns - nb_transport
      R - A: 0x00000000000000C0 L: 64 D: 0x00000000000000000000000000000000000000000000000000000000000000000000000000000000000000000000000000000000000000000000000000000000

Info: lt_target_memory: 360 ns - nb_transport
      R - A: 0x0000000000000180 L: 64 D: 0x00000000000000000000000000000000000000000000000000000000000000000000000000000000000000000000000000000000000000000000000000000000

Info: lt_target_memory: 360 ns - nb_transport
      R - A: 0x00000000000000C0 L: 64 D: 0x00000000000000000000000000000000000000000000000000000000000000000000000000000000000000000000000000000000000000000000000000000000

Info: lt_target_memory: 420 ns - nb_transport
      R - A: 0x0000000000000C00 L: 64 D: 0x00000000000000000000000000000000000000000000000000000000000000000000000000000000000000000000000000000000000000000000000000000000

Info: lt_target_memory: 420 ns - nb_transport
      R - A: 0x00000000000003C0 L: 64 D: 0x00000000000000000000000000000000000000000000000000000000000000000000000000000000000000000000000000000000000000000000000000000000

Info: lt_target_memory: 480 ns - nb_transport
      R - A: 0x00000000000002C0 L: 64 D: 0x00000000000000000000000000000000000000000000000000000000000000000000000000000000000000000000000000000000000000000000000000000000

Info: lt_target_memory: 480 ns - nb_transport
      R - A: 0x0000000000000E40 L: 64 D: 0x00000000000000000000000000000000000000000000000000000000000000000000000000000000000000000000000000000000000000000000000000000000

Info: lt_target_memory: 540 ns - nb_transport
      R - A: 0x0000000000000200 L: 64 D: 0x00000000000000000000000000000000000000000000000000000000000000000000000000000000000000000000000000000000000000000000000000000000

Info: lt_target_memory: 540 ns - nb_transport
      R - A: 0x0000000000000A40 L: 64 D: 0x00000000000000000000000000000000000000000000000000000000000000000000000000000000000000000000000000000000000000000000000000000000

Info: lt_target_memory: 600 ns - nb_transport
      R - A: 0x0000000000000780 L: 64 D: 0x00000000000000000000000000000000000000000000000000000000000000000000000000000000000000000000000000000000000000000000000000000000

Info: lt_target_memory: 600 ns - nb_transport
      W - A: 0x00000000000003C0 L: 64 D: 0x000102030405060708090A0B0C0D0E0F101112131415161718191A1B1C1D1E1F202122232425262728292A2B2C2D2E2F303132333435363738393A3B3C3D3E3F

Info: lt_target_memory: 640 ns - nb_transport
      R - A: 0x0000000000000D80 L: 64 D: 0x00000000000000000000000000000000000000000000000000000000000000000000000000000000000000000000000000000000000000000000000000000000

Info: lt_target_memory: 660 ns - nb_transport
      R - A: 0x0000000000000100 L: 64 D: 0x00000000000000000000000000000000000000000000000000000000000000000000000000000000000000000000000000000000000000000000000000000000

Info: lt_target_memory: 700 ns - nb_transport
      R - A: 0x00000000000009C0 L: 64 D: 0x00000000000000000000000000000000000000000000000000000000000000000000000000000000000000000000000000000000000000000000000000000000

Info: lt_target_memory: 720 ns - nb_transport
      R - A: 0x0000000000000B00 L: 64 D: 0x00000000000000000000000000000000000000000000000000000000000000000000000000000000000000000000000000000000000000000000000000000000

Info: lt_target_memory: 760 ns - nb_transport
      R - A: 0x0000000000000380 L: 64 D: 0x00000000000000000000000000000000000000000000000000000000000000000000000000000000000000000000000000000000000000000000000000000000

Info: lt_target_memory: 780 ns - nb_transport
      R - A: 0x0000000000000F40 L: 64 D: 0x00000000000000000000000000000000000000000000000000000000000000000000000000000000000000000000000000000000000000000000000000000000

Info: lt_target_memory: 820 ns - nb_transport
      R - A: 0x0000000000000FC0 L: 64 D: 0x00000000000000000000000000000000000000000000000000000000000000000000000000000000000000000000000000000000000000000000000000000000

Info: lt_target_memory: 840 ns - nb_transport
      R - A: 0x00000000000008C0 L: 64 D: 0x00000000000000000000000000000000000000000000000000000000000000000000000000000000000000000000000000000000000000000000000000000000

Info: lt_target_memory: 880 ns - nb_transport
      R - A: 0x0000000000000880 L: 64 D: 0x00000000000000000000000000000000000000000000000000000000000000000000000000000000000000000000000000000000000000000000000000000000

Info: lt_target_memory: 900 ns - nb_transport
      R - A: 0x0000000000000840 L: 64 D: 0x00000000000000000000000000000000000000000000000000000000000000000000000000000000000000000000000000000000000000000000000000000000

Info: lt_target_memory: 940 ns - nb_transport
      R - A: 0x0000000000000300 L: 64 D: 0x00000000000000000000000000000000000000000000000000000000000000000000000000000000000000000000000000000000000000000000000000000000

Info: lt_target_memory: 960 ns - nb_transport
      R - A: 0x0000000000000F00 L: 64 D: 0x00000000000000000000000000000000000000000000000000000000000000000000000000000000000000000000000000000000000000000000000000000000
