
Info: traffic_generator.cpp: 0 s - traffic_generator_thread
      Initiator: 101 Starting Traffic

Info: traffic_generator.cpp: 0 s - traffic_generator_thread
      Initiator: 102 Starting Traffic

Info: lt_initiator.cpp: 0 s - initiator_thread
      Initiator: 101 b_transport(GP, 0 s)

Info: report.cpp: 0 s - print
      ID: 201 COMMAND: WRITE Length: 04
      Addr: 0x0000000000000000 Data: 0x00000000

Info: at_target_1_phase.cpp: 0 s - b_transport
      Target: 201 returned delay of 0 s + 20 ns + 60 ns = 80 ns

Info: lt_initiator.cpp: 0 s - initiator_thread
      Initiator: 101 b_transport returned delay = 80 ns

Info: lt_initiator.cpp: 0 s - initiator_thread
      Initiator: 102 b_transport(GP, 0 s)

Info: report.cpp: 0 s - print
      ID: 201 COMMAND: WRITE Length: 04
      Addr: 0x0000000000000000 Data: 0x00000000

Info: at_target_1_phase.cpp: 0 s - b_transport
      Target: 201 returned delay of 0 s + 20 ns + 60 ns = 80 ns

Info: lt_initiator.cpp: 0 s - initiator_thread
      Initiator: 102 b_transport returned delay = 80 ns

Info: lt_initiator.cpp: 80 ns - initiator_thread
      Initiator: 101 b_transport(GP, 0 s)

Info: report.cpp: 80 ns - print
      ID: 201 COMMAND: WRITE Length: 04
      Addr: 0x0000000000000004 Data: 0x00000004

Info: at_target_1_phase.cpp: 80 ns - b_transport
      Target: 201 returned delay of 0 s + 20 ns + 60 ns = 80 ns

Info: lt_initiator.cpp: 80 ns - initiator_thread
      Initiator: 101 b_transport returned delay = 80 ns

Info: lt_initiator.cpp: 80 ns - initiator_thread
      Initiator: 102 b_transport(GP, 0 s)

Info: report.cpp: 80 ns - print
      ID: 201 COMMAND: WRITE Length: 04
      Addr: 0x0000000000000004 Data: 0x00000004

Info: at_target_1_phase.cpp: 80 ns - b_transport
      Target: 201 returned delay of 0 s + 20 ns + 60 ns = 80 ns

Info: lt_initiator.cpp: 80 ns - initiator_thread
      Initiator: 102 b_transport returned delay = 80 ns

Info: lt_initiator.cpp: 160 ns - initiator_thread
      Initiator: 101 b_transport(GP, 0 s)

Info: report.cpp: 160 ns - print
      ID: 201 COMMAND: WRITE Length: 04
      Addr: 0x0000000000000008 Data: 0x00000008

Info: at_target_1_phase.cpp: 160 ns - b_transport
      Target: 201 returned delay of 0 s + 20 ns + 60 ns = 80 ns

Info: lt_initiator.cpp: 160 ns - initiator_thread
      Initiator: 101 b_transport returned delay = 80 ns

Info: lt_initiator.cpp: 160 ns - initiator_thread
      Initiator: 102 b_transport(GP, 0 s)

Info: report.cpp: 160 ns - print
      ID: 201 COMMAND: WRITE Length: 04
      Addr: 0x0000000000000008 Data: 0x00000008

Info: at_target_1_phase.cpp: 160 ns - b_transport
      Target: 201 returned delay of 0 s + 20 ns + 60 ns = 80 ns

Info: lt_initiator.cpp: 160 ns - initiator_thread
      Initiator: 102 b_transport returned delay = 80 ns

Info: lt_initiator.cpp: 240 ns - initiator_thread
      Initiator: 101 b_transport(GP, 0 s)

Info: report.cpp: 240 ns - print
      ID: 201 COMMAND: WRITE Length: 04
      Addr: 0x000000000000000C Data: 0x0000000C

Info: at_target_1_phase.cpp: 240 ns - b_transport
      Target: 201 returned delay of 0 s + 20 ns + 60 ns = 80 ns

Info: lt_initiator.cpp: 240 ns - initiator_thread
      Initiator: 101 b_transport returned delay = 80 ns

Info: lt_initiator.cpp: 240 ns - initiator_thread
      Initiator: 102 b_transport(GP, 0 s)

Info: report.cpp: 240 ns - print
      ID: 201 COMMAND: WRITE Length: 04
      Addr: 0x000000000000000C Data: 0x0000000C

Info: at_target_1_phase.cpp: 240 ns - b_transport
      Target: 201 returned delay of 0 s + 20 ns + 60 ns = 80 ns

Info: lt_initiator.cpp: 240 ns - initiator_thread
      Initiator: 102 b_transport returned delay = 80 ns

Info: lt_initiator.cpp: 320 ns - initiator_thread
      Initiator: 101 b_transport(GP, 0 s)

Info: report.cpp: 320 ns - print
      ID: 201 COMMAND: WRITE Length: 04
      Addr: 0x0000000000000010 Data: 0x00000010

Info: at_target_1_phase.cpp: 320 ns - b_transport
      Target: 201 returned delay of 0 s + 20 ns + 60 ns = 80 ns

Info: lt_initiator.cpp: 320 ns - initiator_thread
      Initiator: 101 b_transport returned delay = 80 ns

Info: lt_initiator.cpp: 320 ns - initiator_thread
      Initiator: 102 b_transport(GP, 0 s)

Info: report.cpp: 320 ns - print
      ID: 201 COMMAND: WRITE Length: 04
      Addr: 0x0000000000000010 Data: 0x00000010

Info: at_target_1_phase.cpp: 320 ns - b_transport
      Target: 201 returned delay of 0 s + 20 ns + 60 ns = 80 ns

Info: lt_initiator.cpp: 320 ns - initiator_thread
      Initiator: 102 b_transport returned delay = 80 ns

Info: lt_initiator.cpp: 400 ns - initiator_thread
      Initiator: 101 b_transport(GP, 0 s)

Info: report.cpp: 400 ns - print
      ID: 201 COMMAND: WRITE Length: 04
      Addr: 0x0000000000000014 Data: 0x00000014

Info: at_target_1_phase.cpp: 400 ns - b_transport
      Target: 201 returned delay of 0 s + 20 ns + 60 ns = 80 ns

Info: lt_initiator.cpp: 400 ns - initiator_thread
      Initiator: 101 b_transport returned delay = 80 ns

Info: lt_initiator.cpp: 400 ns - initiator_thread
      Initiator: 102 b_transport(GP, 0 s)

Info: report.cpp: 400 ns - print
      ID: 201 COMMAND: WRITE Length: 04
      Addr: 0x0000000000000014 Data: 0x00000014

Info: at_target_1_phase.cpp: 400 ns - b_transport
      Target: 201 returned delay of 0 s + 20 ns + 60 ns = 80 ns

Info: lt_initiator.cpp: 400 ns - initiator_thread
      Initiator: 102 b_transport returned delay = 80 ns

Info: lt_initiator.cpp: 480 ns - initiator_thread
      Initiator: 101 b_transport(GP, 0 s)

Info: report.cpp: 480 ns - print
      ID: 201 COMMAND: WRITE Length: 04
      Addr: 0x0000000000000018 Data: 0x00000018

Info: at_target_1_phase.cpp: 480 ns - b_transport
      Target: 201 returned delay of 0 s + 20 ns + 60 ns = 80 ns

Info: lt_initiator.cpp: 480 ns - initiator_thread
      Initiator: 101 b_transport returned delay = 80 ns

Info: lt_initiator.cpp: 480 ns - initiator_thread
      Initiator: 102 b_transport(GP, 0 s)

Info: report.cpp: 480 ns - print
      ID: 201 COMMAND: WRITE Length: 04
      Addr: 0x0000000000000018 Data: 0x00000018

Info: at_target_1_phase.cpp: 480 ns - b_transport
      Target: 201 returned delay of 0 s + 20 ns + 60 ns = 80 ns

Info: lt_initiator.cpp: 480 ns - initiator_thread
      Initiator: 102 b_transport returned delay = 80 ns

Info: lt_initiator.cpp: 560 ns - initiator_thread
      Initiator: 101 b_transport(GP, 0 s)

Info: report.cpp: 560 ns - print
      ID: 201 COMMAND: WRITE Length: 04
      Addr: 0x000000000000001C Data: 0x0000001C

Info: at_target_1_phase.cpp: 560 ns - b_transport
      Target: 201 returned delay of 0 s + 20 ns + 60 ns = 80 ns

Info: lt_initiator.cpp: 560 ns - initiator_thread
      Initiator: 101 b_transport returned delay = 80 ns

Info: lt_initiator.cpp: 560 ns - initiator_thread
      Initiator: 102 b_transport(GP, 0 s)

Info: report.cpp: 560 ns - print
      ID: 201 COMMAND: WRITE Length: 04
      Addr: 0x000000000000001C Data: 0x0000001C

Info: at_target_1_phase.cpp: 560 ns - b_transport
      Target: 201 returned delay of 0 s + 20 ns + 60 ns = 80 ns

Info: lt_initiator.cpp: 560 ns - initiator_thread
      Initiator: 102 b_transport returned delay = 80 ns

Info: lt_initiator.cpp: 640 ns - initiator_thread
      Initiator: 101 b_transport(GP, 0 s)

Info: report.cpp: 640 ns - print
      ID: 201 COMMAND: WRITE Length: 04
      Addr: 0x0000000000000020 Data: 0x00000020

Info: at_target_1_phase.cpp: 640 ns - b_transport
      Target: 201 returned delay of 0 s + 20 ns + 60 ns = 80 ns

Info: lt_initiator.cpp: 640 ns - initiator_thread
      Initiator: 101 b_transport returned delay = 80 ns

Info: lt_initiator.cpp: 640 ns - initiator_thread
      Initiator: 102 b_transport(GP, 0 s)

Info: report.cpp: 640 ns - print
      ID: 201 COMMAND: WRITE Length: 04
      Addr: 0x0000000000000020 Data: 0x00000020

Info: at_target_1_phase.cpp: 640 ns - b_transport
      Target: 201 returned delay of 0 s + 20 ns + 60 ns = 80 ns

Info: lt_initiator.cpp: 640 ns - initiator_thread
      Initiator: 102 b_transport returned delay = 80 ns

Info: lt_initiator.cpp: 720 ns - initiator_thread
      Initiator: 101 b_transport(GP, 0 s)

Info: report.cpp: 720 ns - print
      ID: 201 COMMAND: WRITE Length: 04
      Addr: 0x0000000000000024 Data: 0x00000024

Info: at_target_1_phase.cpp: 720 ns - b_transport
      Target: 201 returned delay of 0 s + 20 ns + 60 ns = 80 ns

Info: lt_initiator.cpp: 720 ns - initiator_thread
      Initiator: 101 b_transport returned delay = 80 ns

Info: lt_initiator.cpp: 720 ns - initiator_thread
      Initiator: 102 b_transport(GP, 0 s)

Info: report.cpp: 720 ns - print
      ID: 201 COMMAND: WRITE Length: 04
      Addr: 0x0000000000000024 Data: 0x00000024

Info: at_target_1_phase.cpp: 720 ns - b_transport
      Target: 201 returned delay of 0 s + 20 ns + 60 ns = 80 ns

Info: lt_initiator.cpp: 720 ns - initiator_thread
      Initiator: 102 b_transport returned delay = 80 ns

Info: lt_initiator.cpp: 800 ns - initiator_thread
      Initiator: 101 b_transport(GP, 0 s)

Info: report.cpp: 800 ns - print
      ID: 201 COMMAND: WRITE Length: 04
      Addr: 0x0000000000000028 Data: 0x00000028

Info: at_target_1_phase.cpp: 800 ns - b_transport
      Target: 201 returned delay of 0 s + 20 ns + 60 ns = 80 ns

Info: lt_initiator.cpp: 800 ns - initiator_thread
      Initiator: 101 b_transport returned delay = 80 ns

Info: lt_initiator.cpp: 800 ns - initiator_thread
      Initiator: 102 b_transport(GP, 0 s)

Info: report.cpp: 800 ns - print
      ID: 201 COMMAND: WRITE Length: 04
      Addr: 0x0000000000000028 Data: 0x00000028

Info: at_target_1_phase.cpp: 800 ns - b_transport
      Target: 201 returned delay of 0 s + 20 ns + 60 ns = 80 ns

Info: lt_initiator.cpp: 800 ns - initiator_thread
      Initiator: 102 b_transport returned delay = 80 ns

Info: lt_initiator.cpp: 880 ns - initiator_thread
      Initiator: 101 b_transport(GP, 0 s)

Info: report.cpp: 880 ns - print
      ID: 201 COMMAND: WRITE Length: 04
      Addr: 0x000000000000002C Data: 0x0000002C

Info: at_target_1_phase.cpp: 880 ns - b_transport
      Target: 201 returned delay of 0 s + 20 ns + 60 ns = 80 ns

Info: lt_initiator.cpp: 880 ns - initiator_thread
      Initiator: 101 b_transport returned delay = 80 ns

Info: lt_initiator.cpp: 880 ns - initiator_thread
      Initiator: 102 b_transport(GP, 0 s)

Info: report.cpp: 880 ns - print
      ID: 201 COMMAND: WRITE Length: 04
      Addr: 0x000000000000002C Data: 0x0000002C

Info: at_target_1_phase.cpp: 880 ns - b_transport
      Target: 201 returned delay of 0 s + 20 ns + 60 ns = 80 ns

Info: lt_initiator.cpp: 880 ns - initiator_thread
      Initiator: 102 b_transport returned delay = 80 ns

Info: lt_initiator.cpp: 960 ns - initiator_thread
      Initiator: 101 b_transport(GP, 0 s)

Info: report.cpp: 960 ns - print
      ID: 201 COMMAND: WRITE Length: 04
      Addr: 0x0000000000000030 Data: 0x00000030

Info: at_target_1_phase.cpp: 960 ns - b_transport
      Target: 201 returned delay of 0 s + 20 ns + 60 ns = 80 ns

Info: lt_initiator.cpp: 960 ns - initiator_thread
      Initiator: 101 b_transport returned delay = 80 ns

Info: lt_initiator.cpp: 960 ns - initiator_thread
      Initiator: 102 b_transport(GP, 0 s)

Info: report.cpp: 960 ns - print
      ID: 201 COMMAND: WRITE Length: 04
      Addr: 0x0000000000000030 Data: 0x00000030

Info: at_target_1_phase.cpp: 960 ns - b_transport
      Target: 201 returned delay of 0 s + 20 ns + 60 ns = 80 ns

Info: lt_initiator.cpp: 960 ns - initiator_thread
      Initiator: 102 b_transport returned delay = 80 ns

Info: lt_initiator.cpp: 1040 ns - initiator_thread
      Initiator: 101 b_transport(GP, 0 s)

Info: report.cpp: 1040 ns - print
      ID: 201 COMMAND: WRITE Length: 04
      Addr: 0x0000000000000034 Data: 0x00000034

Info: at_target_1_phase.cpp: 1040 ns - b_transport
      Target: 201 returned delay of 0 s + 20 ns + 60 ns = 80 ns

Info: lt_initiator.cpp: 1040 ns - initiator_thread
      Initiator: 101 b_transport returned delay = 80 ns

Info: lt_initiator.cpp: 1040 ns - initiator_thread
      Initiator: 102 b_transport(GP, 0 s)

Info: report.cpp: 1040 ns - print
      ID: 201 COMMAND: WRITE Length: 04
      Addr: 0x0000000000000034 Data: 0x00000034

Info: at_target_1_phase.cpp: 1040 ns - b_transport
      Target: 201 returned delay of 0 s + 20 ns + 60 ns = 80 ns

Info: lt_initiator.cpp: 1040 ns - initiator_thread
      Initiator: 102 b_transport returned delay = 80 ns

Info: lt_initiator.cpp: 1120 ns - initiator_thread
      Initiator: 101 b_transport(GP, 0 s)

Info: report.cpp: 1120 ns - print
      ID: 201 COMMAND: WRITE Length: 04
      Addr: 0x0000000000000038 Data: 0x00000038

Info: at_target_1_phase.cpp: 1120 ns - b_transport
      Target: 201 returned delay of 0 s + 20 ns + 60 ns = 80 ns

Info: lt_initiator.cpp: 1120 ns - initiator_thread
      Initiator: 101 b_transport returned delay = 80 ns

Info: lt_initiator.cpp: 1120 ns - initiator_thread
      Initiator: 102 b_transport(GP, 0 s)

Info: report.cpp: 1120 ns - print
      ID: 201 COMMAND: WRITE Length: 04
      Addr: 0x0000000000000038 Data: 0x00000038

Info: at_target_1_phase.cpp: 1120 ns - b_transport
      Target: 201 returned delay of 0 s + 20 ns + 60 ns = 80 ns

Info: lt_initiator.cpp: 1120 ns - initiator_thread
      Initiator: 102 b_transport returned delay = 80 ns

Info: lt_initiator.cpp: 1200 ns - initiator_thread
      Initiator: 101 b_transport(GP, 0 s)

Info: report.cpp: 1200 ns - print
      ID: 201 COMMAND: WRITE Length: 04
      Addr: 0x000000000000003C Data: 0x0000003C

Info: at_target_1_phase.cpp: 1200 ns - b_transport
      Target: 201 returned delay of 0 s + 20 ns + 60 ns = 80 ns

Info: lt_initiator.cpp: 1200 ns - initiator_thread
      Initiator: 101 b_transport returned delay = 80 ns

Info: lt_initiator.cpp: 1200 ns - initiator_thread
      Initiator: 102 b_transport(GP, 0 s)

Info: report.cpp: 1200 ns - print
      ID: 201 COMMAND: WRITE Length: 04
      Addr: 0x000000000000003C Data: 0x0000003C

Info: at_target_1_phase.cpp: 1200 ns - b_transport
      Target: 201 returned delay of 0 s + 20 ns + 60 ns = 80 ns

Info: lt_initiator.cpp: 1200 ns - initiator_thread
      Initiator: 102 b_transport returned delay = 80 ns

Info: lt_initiator.cpp: 1280 ns - initiator_thread
      Initiator: 101 b_transport(GP, 0 s)

Info: report.cpp: 1280 ns - print
      ID: 201 COMMAND: READ Length: 04
      Addr: 0x0000000000000000 Data: 0x00000000

Info: at_target_1_phase.cpp: 1280 ns - b_transport
      Target: 201 returned delay of 0 s + 20 ns + 100 ns = 120 ns

Info: lt_initiator.cpp: 1280 ns - initiator_thread
      Initiator: 101 b_transport returned delay = 120 ns

Info: lt_initiator.cpp: 1280 ns - initiator_thread
      Initiator: 102 b_transport(GP, 0 s)

Info: report.cpp: 1280 ns - print
      ID: 201 COMMAND: READ Length: 04
      Addr: 0x0000000000000000 Data: 0x00000000

Info: at_target_1_phase.cpp: 1280 ns - b_transport
      Target: 201 returned delay of 0 s + 20 ns + 100 ns = 120 ns

Info: lt_initiator.cpp: 1280 ns - initiator_thread
      Initiator: 102 b_transport returned delay = 120 ns

Info: lt_initiator.cpp: 1400 ns - initiator_thread
      Initiator: 101 b_transport(GP, 0 s)

Info: report.cpp: 1400 ns - print
      ID: 201 COMMAND: READ Length: 04
      Addr: 0x0000000000000004 Data: 0x00000004

Info: at_target_1_phase.cpp: 1400 ns - b_transport
      Target: 201 returned delay of 0 s + 20 ns + 100 ns = 120 ns

Info: lt_initiator.cpp: 1400 ns - initiator_thread
      Initiator: 101 b_transport returned delay = 120 ns

Info: lt_initiator.cpp: 1400 ns - initiator_thread
      Initiator: 102 b_transport(GP, 0 s)

Info: report.cpp: 1400 ns - print
      ID: 201 COMMAND: READ Length: 04
      Addr: 0x0000000000000004 Data: 0x00000004

Info: at_target_1_phase.cpp: 1400 ns - b_transport
      Target: 201 returned delay of 0 s + 20 ns + 100 ns = 120 ns

Info: lt_initiator.cpp: 1400 ns - initiator_thread
      Initiator: 102 b_transport returned delay = 120 ns

Info: lt_initiator.cpp: 1520 ns - initiator_thread
      Initiator: 101 b_transport(GP, 0 s)

Info: report.cpp: 1520 ns - print
      ID: 201 COMMAND: READ Length: 04
      Addr: 0x0000000000000008 Data: 0x00000008

Info: at_target_1_phase.cpp: 1520 ns - b_transport
      Target: 201 returned delay of 0 s + 20 ns + 100 ns = 120 ns

Info: lt_initiator.cpp: 1520 ns - initiator_thread
      Initiator: 101 b_transport returned delay = 120 ns

Info: lt_initiator.cpp: 1520 ns - initiator_thread
      Initiator: 102 b_transport(GP, 0 s)

Info: report.cpp: 1520 ns - print
      ID: 201 COMMAND: READ Length: 04
      Addr: 0x0000000000000008 Data: 0x00000008

Info: at_target_1_phase.cpp: 1520 ns - b_transport
      Target: 201 returned delay of 0 s + 20 ns + 100 ns = 120 ns

Info: lt_initiator.cpp: 1520 ns - initiator_thread
      Initiator: 102 b_transport returned delay = 120 ns

Info: lt_initiator.cpp: 1640 ns - initiator_thread
      Initiator: 101 b_transport(GP, 0 s)

Info: report.cpp: 1640 ns - print
      ID: 201 COMMAND: READ Length: 04
      Addr: 0x000000000000000C Data: 0x0000000C

Info: at_target_1_phase.cpp: 1640 ns - b_transport
      Target: 201 returned delay of 0 s + 20 ns + 100 ns = 120 ns

Info: lt_initiator.cpp: 1640 ns - initiator_thread
      Initiator: 101 b_transport returned delay = 120 ns

Info: lt_initiator.cpp: 1640 ns - initiator_thread
      Initiator: 102 b_transport(GP, 0 s)

Info: report.cpp: 1640 ns - print
      ID: 201 COMMAND: READ Length: 04
      Addr: 0x000000000000000C Data: 0x0000000C

Info: at_target_1_phase.cpp: 1640 ns - b_transport
      Target: 201 returned delay of 0 s + 20 ns + 100 ns = 120 ns

Info: lt_initiator.cpp: 1640 ns - initiator_thread
      Initiator: 102 b_transport returned delay = 120 ns

Info: lt_initiator.cpp: 1760 ns - initiator_thread
      Initiator: 101 b_transport(GP, 0 s)

Info: report.cpp: 1760 ns - print
      ID: 201 COMMAND: READ Length: 04
      Addr: 0x0000000000000010 Data: 0x00000010

Info: at_target_1_phase.cpp: 1760 ns - b_transport
      Target: 201 returned delay of 0 s + 20 ns + 100 ns = 120 ns

Info: lt_initiator.cpp: 1760 ns - initiator_thread
      Initiator: 101 b_transport returned delay = 120 ns

Info: lt_initiator.cpp: 1760 ns - initiator_thread
      Initiator: 102 b_transport(GP, 0 s)

Info: report.cpp: 1760 ns - print
      ID: 201 COMMAND: READ Length: 04
      Addr: 0x0000000000000010 Data: 0x00000010

Info: at_target_1_phase.cpp: 1760 ns - b_transport
      Target: 201 returned delay of 0 s + 20 ns + 100 ns = 120 ns

Info: lt_initiator.cpp: 1760 ns - initiator_thread
      Initiator: 102 b_transport returned delay = 120 ns

Info: lt_initiator.cpp: 1880 ns - initiator_thread
      Initiator: 101 b_transport(GP, 0 s)

Info: report.cpp: 1880 ns - print
      ID: 201 COMMAND: READ Length: 04
      Addr: 0x0000000000000014 Data: 0x00000014

Info: at_target_1_phase.cpp: 1880 ns - b_transport
      Target: 201 returned delay of 0 s + 20 ns + 100 ns = 120 ns

Info: lt_initiator.cpp: 1880 ns - initiator_thread
      Initiator: 101 b_transport returned delay = 120 ns

Info: lt_initiator.cpp: 1880 ns - initiator_thread
      Initiator: 102 b_transport(GP, 0 s)

Info: report.cpp: 1880 ns - print
      ID: 201 COMMAND: READ Length: 04
      Addr: 0x0000000000000014 Data: 0x00000014

Info: at_target_1_phase.cpp: 1880 ns - b_transport
      Target: 201 returned delay of 0 s + 20 ns + 100 ns = 120 ns

Info: lt_initiator.cpp: 1880 ns - initiator_thread
      Initiator: 102 b_transport returned delay = 120 ns

Info: lt_initiator.cpp: 2 us - initiator_thread
      Initiator: 101 b_transport(GP, 0 s)

Info: report.cpp: 2 us - print
      ID: 201 COMMAND: READ Length: 04
      Addr: 0x0000000000000018 Data: 0x00000018

Info: at_target_1_phase.cpp: 2 us - b_transport
      Target: 201 returned delay of 0 s + 20 ns + 100 ns = 120 ns

Info: lt_initiator.cpp: 2 us - initiator_thread
      Initiator: 101 b_transport returned delay = 120 ns

Info: lt_initiator.cpp: 2 us - initiator_thread
      Initiator: 102 b_transport(GP, 0 s)

Info: report.cpp: 2 us - print
      ID: 201 COMMAND: READ Length: 04
      Addr: 0x0000000000000018 Data: 0x00000018

Info: at_target_1_phase.cpp: 2 us - b_transport
      Target: 201 returned delay of 0 s + 20 ns + 100 ns = 120 ns

Info: lt_initiator.cpp: 2 us - initiator_thread
      Initiator: 102 b_transport returned delay = 120 ns

Info: lt_initiator.cpp: 2120 ns - initiator_thread
      Initiator: 101 b_transport(GP, 0 s)

Info: report.cpp: 2120 ns - print
      ID: 201 COMMAND: READ Length: 04
      Addr: 0x000000000000001C Data: 0x0000001C

Info: at_target_1_phase.cpp: 2120 ns - b_transport
      Target: 201 returned delay of 0 s + 20 ns + 100 ns = 120 ns

Info: lt_initiator.cpp: 2120 ns - initiator_thread
      Initiator: 101 b_transport returned delay = 120 ns

Info: lt_initiator.cpp: 2120 ns - initiator_thread
      Initiator: 102 b_transport(GP, 0 s)

Info: report.cpp: 2120 ns - print
      ID: 201 COMMAND: READ Length: 04
      Addr: 0x000000000000001C Data: 0x0000001C

Info: at_target_1_phase.cpp: 2120 ns - b_transport
      Target: 201 returned delay of 0 s + 20 ns + 100 ns = 120 ns

Info: lt_initiator.cpp: 2120 ns - initiator_thread
      Initiator: 102 b_transport returned delay = 120 ns

Info: lt_initiator.cpp: 2240 ns - initiator_thread
      Initiator: 101 b_transport(GP, 0 s)

Info: report.cpp: 2240 ns - print
      ID: 201 COMMAND: READ Length: 04
      Addr: 0x0000000000000020 Data: 0x00000020

Info: at_target_1_phase.cpp: 2240 ns - b_transport
      Target: 201 returned delay of 0 s + 20 ns + 100 ns = 120 ns

Info: lt_initiator.cpp: 2240 ns - initiator_thread
      Initiator: 101 b_transport returned delay = 120 ns

Info: lt_initiator.cpp: 2240 ns - initiator_thread
      Initiator: 102 b_transport(GP, 0 s)

Info: report.cpp: 2240 ns - print
      ID: 201 COMMAND: READ Length: 04
      Addr: 0x0000000000000020 Data: 0x00000020

Info: at_target_1_phase.cpp: 2240 ns - b_transport
      Target: 201 returned delay of 0 s + 20 ns + 100 ns = 120 ns

Info: lt_initiator.cpp: 2240 ns - initiator_thread
      Initiator: 102 b_transport returned delay = 120 ns

Info: lt_initiator.cpp: 2360 ns - initiator_thread
      Initiator: 101 b_transport(GP, 0 s)

Info: report.cpp: 2360 ns - print
      ID: 201 COMMAND: READ Length: 04
      Addr: 0x0000000000000024 Data: 0x00000024

Info: at_target_1_phase.cpp: 2360 ns - b_transport
      Target: 201 returned delay of 0 s + 20 ns + 100 ns = 120 ns

Info: lt_initiator.cpp: 2360 ns - initiator_thread
      Initiator: 101 b_transport returned delay = 120 ns

Info: lt_initiator.cpp: 2360 ns - initiator_thread
      Initiator: 102 b_transport(GP, 0 s)

Info: report.cpp: 2360 ns - print
      ID: 201 COMMAND: READ Length: 04
      Addr: 0x0000000000000024 Data: 0x00000024

Info: at_target_1_phase.cpp: 2360 ns - b_transport
      Target: 201 returned delay of 0 s + 20 ns + 100 ns = 120 ns

Info: lt_initiator.cpp: 2360 ns - initiator_thread
      Initiator: 102 b_transport returned delay = 120 ns

Info: lt_initiator.cpp: 2480 ns - initiator_thread
      Initiator: 101 b_transport(GP, 0 s)

Info: report.cpp: 2480 ns - print
      ID: 201 COMMAND: READ Length: 04
      Addr: 0x0000000000000028 Data: 0x00000028

Info: at_target_1_phase.cpp: 2480 ns - b_transport
      Target: 201 returned delay of 0 s + 20 ns + 100 ns = 120 ns

Info: lt_initiator.cpp: 2480 ns - initiator_thread
      Initiator: 101 b_transport returned delay = 120 ns

Info: lt_initiator.cpp: 2480 ns - initiator_thread
      Initiator: 102 b_transport(GP, 0 s)

Info: report.cpp: 2480 ns - print
      ID: 201 COMMAND: READ Length: 04
      Addr: 0x0000000000000028 Data: 0x00000028

Info: at_target_1_phase.cpp: 2480 ns - b_transport
      Target: 201 returned delay of 0 s + 20 ns + 100 ns = 120 ns

Info: lt_initiator.cpp: 2480 ns - initiator_thread
      Initiator: 102 b_transport returned delay = 120 ns

Info: lt_initiator.cpp: 2600 ns - initiator_thread
      Initiator: 101 b_transport(GP, 0 s)

Info: report.cpp: 2600 ns - print
      ID: 201 COMMAND: READ Length: 04
      Addr: 0x000000000000002C Data: 0x0000002C

Info: at_target_1_phase.cpp: 2600 ns - b_transport
      Target: 201 returned delay of 0 s + 20 ns + 100 ns = 120 ns

Info: lt_initiator.cpp: 2600 ns - initiator_thread
      Initiator: 101 b_transport returned delay = 120 ns

Info: lt_initiator.cpp: 2600 ns - initiator_thread
      Initiator: 102 b_transport(GP, 0 s)

Info: report.cpp: 2600 ns - print
      ID: 201 COMMAND: READ Length: 04
      Addr: 0x000000000000002C Data: 0x0000002C

Info: at_target_1_phase.cpp: 2600 ns - b_transport
      Target: 201 returned delay of 0 s + 20 ns + 100 ns = 120 ns

Info: lt_initiator.cpp: 2600 ns - initiator_thread
      Initiator: 102 b_transport returned delay = 120 ns

Info: lt_initiator.cpp: 2720 ns - initiator_thread
      Initiator: 101 b_transport(GP, 0 s)

Info: report.cpp: 2720 ns - print
      ID: 201 COMMAND: READ Length: 04
      Addr: 0x0000000000000030 Data: 0x00000030

Info: at_target_1_phase.cpp: 2720 ns - b_transport
      Target: 201 returned delay of 0 s + 20 ns + 100 ns = 120 ns

Info: lt_initiator.cpp: 2720 ns - initiator_thread
      Initiator: 101 b_transport returned delay = 120 ns

Info: lt_initiator.cpp: 2720 ns - initiator_thread
      Initiator: 102 b_transport(GP, 0 s)

Info: report.cpp: 2720 ns - print
      ID: 201 COMMAND: READ Length: 04
      Addr: 0x0000000000000030 Data: 0x00000030

Info: at_target_1_phase.cpp: 2720 ns - b_transport
      Target: 201 returned delay of 0 s + 20 ns + 100 ns = 120 ns

Info: lt_initiator.cpp: 2720 ns - initiator_thread
      Initiator: 102 b_transport returned delay = 120 ns

Info: lt_initiator.cpp: 2840 ns - initiator_thread
      Initiator: 101 b_transport(GP, 0 s)

Info: report.cpp: 2840 ns - print
      ID: 201 COMMAND: READ Length: 04
      Addr: 0x0000000000000034 Data: 0x00000034

Info: at_target_1_phase.cpp: 2840 ns - b_transport
      Target: 201 returned delay of 0 s + 20 ns + 100 ns = 120 ns

Info: lt_initiator.cpp: 2840 ns - initiator_thread
      Initiator: 101 b_transport returned delay = 120 ns

Info: lt_initiator.cpp: 2840 ns - initiator_thread
      Initiator: 102 b_transport(GP, 0 s)

Info: report.cpp: 2840 ns - print
      ID: 201 COMMAND: READ Length: 04
      Addr: 0x0000000000000034 Data: 0x00000034

Info: at_target_1_phase.cpp: 2840 ns - b_transport
      Target: 201 returned delay of 0 s + 20 ns + 100 ns = 120 ns

Info: lt_initiator.cpp: 2840 ns - initiator_thread
      Initiator: 102 b_transport returned delay = 120 ns

Info: lt_initiator.cpp: 2960 ns - initiator_thread
      Initiator: 101 b_transport(GP, 0 s)

Info: report.cpp: 2960 ns - print
      ID: 201 COMMAND: READ Length: 04
      Addr: 0x0000000000000038 Data: 0x00000038

Info: at_target_1_phase.cpp: 2960 ns - b_transport
      Target: 201 returned delay of 0 s + 20 ns + 100 ns = 120 ns

Info: lt_initiator.cpp: 2960 ns - initiator_thread
      Initiator: 101 b_transport returned delay = 120 ns

Info: lt_initiator.cpp: 2960 ns - initiator_thread
      Initiator: 102 b_transport(GP, 0 s)

Info: report.cpp: 2960 ns - print
      ID: 201 COMMAND: READ Length: 04
      Addr: 0x0000000000000038 Data: 0x00000038

Info: at_target_1_phase.cpp: 2960 ns - b_transport
      Target: 201 returned delay of 0 s + 20 ns + 100 ns = 120 ns

Info: lt_initiator.cpp: 2960 ns - initiator_thread
      Initiator: 102 b_transport returned delay = 120 ns

Info: lt_initiator.cpp: 3080 ns - initiator_thread
      Initiator: 101 b_transport(GP, 0 s)

Info: report.cpp: 3080 ns - print
      ID: 201 COMMAND: READ Length: 04
      Addr: 0x000000000000003C Data: 0x0000003C

Info: at_target_1_phase.cpp: 3080 ns - b_transport
      Target: 201 returned delay of 0 s + 20 ns + 100 ns = 120 ns

Info: lt_initiator.cpp: 3080 ns - initiator_thread
      Initiator: 101 b_transport returned delay = 120 ns

Info: lt_initiator.cpp: 3080 ns - initiator_thread
      Initiator: 102 b_transport(GP, 0 s)

Info: report.cpp: 3080 ns - print
      ID: 201 COMMAND: READ Length: 04
      Addr: 0x000000000000003C Data: 0x0000003C

Info: at_target_1_phase.cpp: 3080 ns - b_transport
      Target: 201 returned delay of 0 s + 20 ns + 100 ns = 120 ns

Info: lt_initiator.cpp: 3080 ns - initiator_thread
      Initiator: 102 b_transport returned delay = 120 ns

Info: lt_initiator.cpp: 3200 ns - initiator_thread
      Initiator: 101 b_transport(GP, 0 s)

Info: report.cpp: 3200 ns - print
      ID: 202 COMMAND: WRITE Length: 04
      Addr: 0x0000000000000000 Data: 0xEFFFFFFF

Info: at_target_4_phase.cpp: 3200 ns - b_transport
      Target: 202 returned delay of 0 s + 10 ns + 30 ns = 40 ns

Info: lt_initiator.cpp: 3200 ns - initiator_thread
      Initiator: 101 b_transport returned delay = 40 ns

Info: lt_initiator.cpp: 3200 ns - initiator_thread
      Initiator: 102 b_transport(GP, 0 s)

Info: report.cpp: 3200 ns - print
      ID: 202 COMMAND: WRITE Length: 04
      Addr: 0x0000000000000000 Data: 0xEFFFFFFF

Info: at_target_4_phase.cpp: 3200 ns - b_transport
      Target: 202 returned delay of 0 s + 10 ns + 30 ns = 40 ns

Info: lt_initiator.cpp: 3200 ns - initiator_thread
      Initiator: 102 b_transport returned delay = 40 ns

Info: lt_initiator.cpp: 3240 ns - initiator_thread
      Initiator: 101 b_transport(GP, 0 s)

Info: report.cpp: 3240 ns - print
      ID: 202 COMMAND: WRITE Length: 04
      Addr: 0x0000000000000004 Data: 0xEFFFFFFB

Info: at_target_4_phase.cpp: 3240 ns - b_transport
      Target: 202 returned delay of 0 s + 10 ns + 30 ns = 40 ns

Info: lt_initiator.cpp: 3240 ns - initiator_thread
      Initiator: 101 b_transport returned delay = 40 ns

Info: lt_initiator.cpp: 3240 ns - initiator_thread
      Initiator: 102 b_transport(GP, 0 s)

Info: report.cpp: 3240 ns - print
      ID: 202 COMMAND: WRITE Length: 04
      Addr: 0x0000000000000004 Data: 0xEFFFFFFB

Info: at_target_4_phase.cpp: 3240 ns - b_transport
      Target: 202 returned delay of 0 s + 10 ns + 30 ns = 40 ns

Info: lt_initiator.cpp: 3240 ns - initiator_thread
      Initiator: 102 b_transport returned delay = 40 ns

Info: lt_initiator.cpp: 3280 ns - initiator_thread
      Initiator: 101 b_transport(GP, 0 s)

Info: report.cpp: 3280 ns - print
      ID: 202 COMMAND: WRITE Length: 04
      Addr: 0x0000000000000008 Data: 0xEFFFFFF7

Info: at_target_4_phase.cpp: 3280 ns - b_transport
      Target: 202 returned delay of 0 s + 10 ns + 30 ns = 40 ns

Info: lt_initiator.cpp: 3280 ns - initiator_thread
      Initiator: 101 b_transport returned delay = 40 ns

Info: lt_initiator.cpp: 3280 ns - initiator_thread
      Initiator: 102 b_transport(GP, 0 s)

Info: report.cpp: 3280 ns - print
      ID: 202 COMMAND: WRITE Length: 04
      Addr: 0x0000000000000008 Data: 0xEFFFFFF7

Info: at_target_4_phase.cpp: 3280 ns - b_transport
      Target: 202 returned delay of 0 s + 10 ns + 30 ns = 40 ns

Info: lt_initiator.cpp: 3280 ns - initiator_thread
      Initiator: 102 b_transport returned delay = 40 ns

Info: lt_initiator.cpp: 3320 ns - initiator_thread
      Initiator: 101 b_transport(GP, 0 s)

Info: report.cpp: 3320 ns - print
      ID: 202 COMMAND: WRITE Length: 04
      Addr: 0x000000000000000C Data: 0xEFFFFFF3

Info: at_target_4_phase.cpp: 3320 ns - b_transport
      Target: 202 returned delay of 0 s + 10 ns + 30 ns = 40 ns

Info: lt_initiator.cpp: 3320 ns - initiator_thread
      Initiator: 101 b_transport returned delay = 40 ns

Info: lt_initiator.cpp: 3320 ns - initiator_thread
      Initiator: 102 b_transport(GP, 0 s)

Info: report.cpp: 3320 ns - print
      ID: 202 COMMAND: WRITE Length: 04
      Addr: 0x000000000000000C Data: 0xEFFFFFF3

Info: at_target_4_phase.cpp: 3320 ns - b_transport
      Target: 202 returned delay of 0 s + 10 ns + 30 ns = 40 ns

Info: lt_initiator.cpp: 3320 ns - initiator_thread
      Initiator: 102 b_transport returned delay = 40 ns

Info: lt_initiator.cpp: 3360 ns - initiator_thread
      Initiator: 101 b_transport(GP, 0 s)

Info: report.cpp: 3360 ns - print
      ID: 202 COMMAND: WRITE Length: 04
      Addr: 0x0000000000000010 Data: 0xEFFFFFEF

Info: at_target_4_phase.cpp: 3360 ns - b_transport
      Target: 202 returned delay of 0 s + 10 ns + 30 ns = 40 ns

Info: lt_initiator.cpp: 3360 ns - initiator_thread
      Initiator: 101 b_transport returned delay = 40 ns

Info: lt_initiator.cpp: 3360 ns - initiator_thread
      Initiator: 102 b_transport(GP, 0 s)

Info: report.cpp: 3360 ns - print
      ID: 202 COMMAND: WRITE Length: 04
      Addr: 0x0000000000000010 Data: 0xEFFFFFEF

Info: at_target_4_phase.cpp: 3360 ns - b_transport
      Target: 202 returned delay of 0 s + 10 ns + 30 ns = 40 ns

Info: lt_initiator.cpp: 3360 ns - initiator_thread
      Initiator: 102 b_transport returned delay = 40 ns

Info: lt_initiator.cpp: 3400 ns - initiator_thread
      Initiator: 101 b_transport(GP, 0 s)

Info: report.cpp: 3400 ns - print
      ID: 202 COMMAND: WRITE Length: 04
      Addr: 0x0000000000000014 Data: 0xEFFFFFEB

Info: at_target_4_phase.cpp: 3400 ns - b_transport
      Target: 202 returned delay of 0 s + 10 ns + 30 ns = 40 ns

Info: lt_initiator.cpp: 3400 ns - initiator_thread
      Initiator: 101 b_transport returned delay = 40 ns

Info: lt_initiator.cpp: 3400 ns - initiator_thread
      Initiator: 102 b_transport(GP, 0 s)

Info: report.cpp: 3400 ns - print
      ID: 202 COMMAND: WRITE Length: 04
      Addr: 0x0000000000000014 Data: 0xEFFFFFEB

Info: at_target_4_phase.cpp: 3400 ns - b_transport
      Target: 202 returned delay of 0 s + 10 ns + 30 ns = 40 ns

Info: lt_initiator.cpp: 3400 ns - initiator_thread
      Initiator: 102 b_transport returned delay = 40 ns

Info: lt_initiator.cpp: 3440 ns - initiator_thread
      Initiator: 101 b_transport(GP, 0 s)

Info: report.cpp: 3440 ns - print
      ID: 202 COMMAND: WRITE Length: 04
      Addr: 0x0000000000000018 Data: 0xEFFFFFE7

Info: at_target_4_phase.cpp: 3440 ns - b_transport
      Target: 202 returned delay of 0 s + 10 ns + 30 ns = 40 ns

Info: lt_initiator.cpp: 3440 ns - initiator_thread
      Initiator: 101 b_transport returned delay = 40 ns

Info: lt_initiator.cpp: 3440 ns - initiator_thread
      Initiator: 102 b_transport(GP, 0 s)

Info: report.cpp: 3440 ns - print
      ID: 202 COMMAND: WRITE Length: 04
      Addr: 0x0000000000000018 Data: 0xEFFFFFE7

Info: at_target_4_phase.cpp: 3440 ns - b_transport
      Target: 202 returned delay of 0 s + 10 ns + 30 ns = 40 ns

Info: lt_initiator.cpp: 3440 ns - initiator_thread
      Initiator: 102 b_transport returned delay = 40 ns

Info: lt_initiator.cpp: 3480 ns - initiator_thread
      Initiator: 101 b_transport(GP, 0 s)

Info: report.cpp: 3480 ns - print
      ID: 202 COMMAND: WRITE Length: 04
      Addr: 0x000000000000001C Data: 0xEFFFFFE3

Info: at_target_4_phase.cpp: 3480 ns - b_transport
      Target: 202 returned delay of 0 s + 10 ns + 30 ns = 40 ns

Info: lt_initiator.cpp: 3480 ns - initiator_thread
      Initiator: 101 b_transport returned delay = 40 ns

Info: lt_initiator.cpp: 3480 ns - initiator_thread
      Initiator: 102 b_transport(GP, 0 s)

Info: report.cpp: 3480 ns - print
      ID: 202 COMMAND: WRITE Length: 04
      Addr: 0x000000000000001C Data: 0xEFFFFFE3

Info: at_target_4_phase.cpp: 3480 ns - b_transport
      Target: 202 returned delay of 0 s + 10 ns + 30 ns = 40 ns

Info: lt_initiator.cpp: 3480 ns - initiator_thread
      Initiator: 102 b_transport returned delay = 40 ns

Info: lt_initiator.cpp: 3520 ns - initiator_thread
      Initiator: 101 b_transport(GP, 0 s)

Info: report.cpp: 3520 ns - print
      ID: 202 COMMAND: WRITE Length: 04
      Addr: 0x0000000000000020 Data: 0xEFFFFFDF

Info: at_target_4_phase.cpp: 3520 ns - b_transport
      Target: 202 returned delay of 0 s + 10 ns + 30 ns = 40 ns

Info: lt_initiator.cpp: 3520 ns - initiator_thread
      Initiator: 101 b_transport returned delay = 40 ns

Info: lt_initiator.cpp: 3520 ns - initiator_thread
      Initiator: 102 b_transport(GP, 0 s)

Info: report.cpp: 3520 ns - print
      ID: 202 COMMAND: WRITE Length: 04
      Addr: 0x0000000000000020 Data: 0xEFFFFFDF

Info: at_target_4_phase.cpp: 3520 ns - b_transport
      Target: 202 returned delay of 0 s + 10 ns + 30 ns = 40 ns

Info: lt_initiator.cpp: 3520 ns - initiator_thread
      Initiator: 102 b_transport returned delay = 40 ns

Info: lt_initiator.cpp: 3560 ns - initiator_thread
      Initiator: 101 b_transport(GP, 0 s)

Info: report.cpp: 3560 ns - print
      ID: 202 COMMAND: WRITE Length: 04
      Addr: 0x0000000000000024 Data: 0xEFFFFFDB

Info: at_target_4_phase.cpp: 3560 ns - b_transport
      Target: 202 returned delay of 0 s + 10 ns + 30 ns = 40 ns

Info: lt_initiator.cpp: 3560 ns - initiator_thread
      Initiator: 101 b_transport returned delay = 40 ns

Info: lt_initiator.cpp: 3560 ns - initiator_thread
      Initiator: 102 b_transport(GP, 0 s)

Info: report.cpp: 3560 ns - print
      ID: 202 COMMAND: WRITE Length: 04
      Addr: 0x0000000000000024 Data: 0xEFFFFFDB

Info: at_target_4_phase.cpp: 3560 ns - b_transport
      Target: 202 returned delay of 0 s + 10 ns + 30 ns = 40 ns

Info: lt_initiator.cpp: 3560 ns - initiator_thread
      Initiator: 102 b_transport returned delay = 40 ns

Info: lt_initiator.cpp: 3600 ns - initiator_thread
      Initiator: 101 b_transport(GP, 0 s)

Info: report.cpp: 3600 ns - print
      ID: 202 COMMAND: WRITE Length: 04
      Addr: 0x0000000000000028 Data: 0xEFFFFFD7

Info: at_target_4_phase.cpp: 3600 ns - b_transport
      Target: 202 returned delay of 0 s + 10 ns + 30 ns = 40 ns

Info: lt_initiator.cpp: 3600 ns - initiator_thread
      Initiator: 101 b_transport returned delay = 40 ns

Info: lt_initiator.cpp: 3600 ns - initiator_thread
      Initiator: 102 b_transport(GP, 0 s)

Info: report.cpp: 3600 ns - print
      ID: 202 COMMAND: WRITE Length: 04
      Addr: 0x0000000000000028 Data: 0xEFFFFFD7

Info: at_target_4_phase.cpp: 3600 ns - b_transport
      Target: 202 returned delay of 0 s + 10 ns + 30 ns = 40 ns

Info: lt_initiator.cpp: 3600 ns - initiator_thread
      Initiator: 102 b_transport returned delay = 40 ns

Info: lt_initiator.cpp: 3640 ns - initiator_thread
      Initiator: 101 b_transport(GP, 0 s)

Info: report.cpp: 3640 ns - print
      ID: 202 COMMAND: WRITE Length: 04
      Addr: 0x000000000000002C Data: 0xEFFFFFD3

Info: at_target_4_phase.cpp: 3640 ns - b_transport
      Target: 202 returned delay of 0 s + 10 ns + 30 ns = 40 ns

Info: lt_initiator.cpp: 3640 ns - initiator_thread
      Initiator: 101 b_transport returned delay = 40 ns

Info: lt_initiator.cpp: 3640 ns - initiator_thread
      Initiator: 102 b_transport(GP, 0 s)

Info: report.cpp: 3640 ns - print
      ID: 202 COMMAND: WRITE Length: 04
      Addr: 0x000000000000002C Data: 0xEFFFFFD3

Info: at_target_4_phase.cpp: 3640 ns - b_transport
      Target: 202 returned delay of 0 s + 10 ns + 30 ns = 40 ns

Info: lt_initiator.cpp: 3640 ns - initiator_thread
      Initiator: 102 b_transport returned delay = 40 ns

Info: lt_initiator.cpp: 3680 ns - initiator_thread
      Initiator: 101 b_transport(GP, 0 s)

Info: report.cpp: 3680 ns - print
      ID: 202 COMMAND: WRITE Length: 04
      Addr: 0x0000000000000030 Data: 0xEFFFFFCF

Info: at_target_4_phase.cpp: 3680 ns - b_transport
      Target: 202 returned delay of 0 s + 10 ns + 30 ns = 40 ns

Info: lt_initiator.cpp: 3680 ns - initiator_thread
      Initiator: 101 b_transport returned delay = 40 ns

Info: lt_initiator.cpp: 3680 ns - initiator_thread
      Initiator: 102 b_transport(GP, 0 s)

Info: report.cpp: 3680 ns - print
      ID: 202 COMMAND: WRITE Length: 04
      Addr: 0x0000000000000030 Data: 0xEFFFFFCF

Info: at_target_4_phase.cpp: 3680 ns - b_transport
      Target: 202 returned delay of 0 s + 10 ns + 30 ns = 40 ns

Info: lt_initiator.cpp: 3680 ns - initiator_thread
      Initiator: 102 b_transport returned delay = 40 ns

Info: lt_initiator.cpp: 3720 ns - initiator_thread
      Initiator: 101 b_transport(GP, 0 s)

Info: report.cpp: 3720 ns - print
      ID: 202 COMMAND: WRITE Length: 04
      Addr: 0x0000000000000034 Data: 0xEFFFFFCB

Info: at_target_4_phase.cpp: 3720 ns - b_transport
      Target: 202 returned delay of 0 s + 10 ns + 30 ns = 40 ns

Info: lt_initiator.cpp: 3720 ns - initiator_thread
      Initiator: 101 b_transport returned delay = 40 ns

Info: lt_initiator.cpp: 3720 ns - initiator_thread
      Initiator: 102 b_transport(GP, 0 s)

Info: report.cpp: 3720 ns - print
      ID: 202 COMMAND: WRITE Length: 04
      Addr: 0x0000000000000034 Data: 0xEFFFFFCB

Info: at_target_4_phase.cpp: 3720 ns - b_transport
      Target: 202 returned delay of 0 s + 10 ns + 30 ns = 40 ns

Info: lt_initiator.cpp: 3720 ns - initiator_thread
      Initiator: 102 b_transport returned delay = 40 ns

Info: lt_initiator.cpp: 3760 ns - initiator_thread
      Initiator: 101 b_transport(GP, 0 s)

Info: report.cpp: 3760 ns - print
      ID: 202 COMMAND: WRITE Length: 04
      Addr: 0x0000000000000038 Data: 0xEFFFFFC7

Info: at_target_4_phase.cpp: 3760 ns - b_transport
      Target: 202 returned delay of 0 s + 10 ns + 30 ns = 40 ns

Info: lt_initiator.cpp: 3760 ns - initiator_thread
      Initiator: 101 b_transport returned delay = 40 ns

Info: lt_initiator.cpp: 3760 ns - initiator_thread
      Initiator: 102 b_transport(GP, 0 s)

Info: report.cpp: 3760 ns - print
      ID: 202 COMMAND: WRITE Length: 04
      Addr: 0x0000000000000038 Data: 0xEFFFFFC7

Info: at_target_4_phase.cpp: 3760 ns - b_transport
      Target: 202 returned delay of 0 s + 10 ns + 30 ns = 40 ns

Info: lt_initiator.cpp: 3760 ns - initiator_thread
      Initiator: 102 b_transport returned delay = 40 ns

Info: lt_initiator.cpp: 3800 ns - initiator_thread
      Initiator: 101 b_transport(GP, 0 s)

Info: report.cpp: 3800 ns - print
      ID: 202 COMMAND: WRITE Length: 04
      Addr: 0x000000000000003C Data: 0xEFFFFFC3

Info: at_target_4_phase.cpp: 3800 ns - b_transport
      Target: 202 returned delay of 0 s + 10 ns + 30 ns = 40 ns

Info: lt_initiator.cpp: 3800 ns - initiator_thread
      Initiator: 101 b_transport returned delay = 40 ns

Info: lt_initiator.cpp: 3800 ns - initiator_thread
      Initiator: 102 b_transport(GP, 0 s)

Info: report.cpp: 3800 ns - print
      ID: 202 COMMAND: WRITE Length: 04
      Addr: 0x000000000000003C Data: 0xEFFFFFC3

Info: at_target_4_phase.cpp: 3800 ns - b_transport
      Target: 202 returned delay of 0 s + 10 ns + 30 ns = 40 ns

Info: lt_initiator.cpp: 3800 ns - initiator_thread
      Initiator: 102 b_transport returned delay = 40 ns

Info: lt_initiator.cpp: 3840 ns - initiator_thread
      Initiator: 101 b_transport(GP, 0 s)

Info: report.cpp: 3840 ns - print
      ID: 202 COMMAND: READ Length: 04
      Addr: 0x0000000000000000 Data: 0xEFFFFFFF

Info: at_target_4_phase.cpp: 3840 ns - b_transport
      Target: 202 returned delay of 0 s + 10 ns + 50 ns = 60 ns

Info: lt_initiator.cpp: 3840 ns - initiator_thread
      Initiator: 101 b_transport returned delay = 60 ns

Info: lt_initiator.cpp: 3840 ns - initiator_thread
      Initiator: 102 b_transport(GP, 0 s)

Info: report.cpp: 3840 ns - print
      ID: 202 COMMAND: READ Length: 04
      Addr: 0x0000000000000000 Data: 0xEFFFFFFF

Info: at_target_4_phase.cpp: 3840 ns - b_transport
      Target: 202 returned delay of 0 s + 10 ns + 50 ns = 60 ns

Info: lt_initiator.cpp: 3840 ns - initiator_thread
      Initiator: 102 b_transport returned delay = 60 ns

Info: lt_initiator.cpp: 3900 ns - initiator_thread
      Initiator: 101 b_transport(GP, 0 s)

Info: report.cpp: 3900 ns - print
      ID: 202 COMMAND: READ Length: 04
      Addr: 0x0000000000000004 Data: 0xEFFFFFFB

Info: at_target_4_phase.cpp: 3900 ns - b_transport
      Target: 202 returned delay of 0 s + 10 ns + 50 ns = 60 ns

Info: lt_initiator.cpp: 3900 ns - initiator_thread
      Initiator: 101 b_transport returned delay = 60 ns

Info: lt_initiator.cpp: 3900 ns - initiator_thread
      Initiator: 102 b_transport(GP, 0 s)

Info: report.cpp: 3900 ns - print
      ID: 202 COMMAND: READ Length: 04
      Addr: 0x0000000000000004 Data: 0xEFFFFFFB

Info: at_target_4_phase.cpp: 3900 ns - b_transport
      Target: 202 returned delay of 0 s + 10 ns + 50 ns = 60 ns

Info: lt_initiator.cpp: 3900 ns - initiator_thread
      Initiator: 102 b_transport returned delay = 60 ns

Info: lt_initiator.cpp: 3960 ns - initiator_thread
      Initiator: 101 b_transport(GP, 0 s)

Info: report.cpp: 3960 ns - print
      ID: 202 COMMAND: READ Length: 04
      Addr: 0x0000000000000008 Data: 0xEFFFFFF7

Info: at_target_4_phase.cpp: 3960 ns - b_transport
      Target: 202 returned delay of 0 s + 10 ns + 50 ns = 60 ns

Info: lt_initiator.cpp: 3960 ns - initiator_thread
      Initiator: 101 b_transport returned delay = 60 ns

Info: lt_initiator.cpp: 3960 ns - initiator_thread
      Initiator: 102 b_transport(GP, 0 s)

Info: report.cpp: 3960 ns - print
      ID: 202 COMMAND: READ Length: 04
      Addr: 0x0000000000000008 Data: 0xEFFFFFF7

Info: at_target_4_phase.cpp: 3960 ns - b_transport
      Target: 202 returned delay of 0 s + 10 ns + 50 ns = 60 ns

Info: lt_initiator.cpp: 3960 ns - initiator_thread
      Initiator: 102 b_transport returned delay = 60 ns

Info: lt_initiator.cpp: 4020 ns - initiator_thread
      Initiator: 101 b_transport(GP, 0 s)

Info: report.cpp: 4020 ns - print
      ID: 202 COMMAND: READ Length: 04
      Addr: 0x000000000000000C Data: 0xEFFFFFF3

Info: at_target_4_phase.cpp: 4020 ns - b_transport
      Target: 202 returned delay of 0 s + 10 ns + 50 ns = 60 ns

Info: lt_initiator.cpp: 4020 ns - initiator_thread
      Initiator: 101 b_transport returned delay = 60 ns

Info: lt_initiator.cpp: 4020 ns - initiator_thread
      Initiator: 102 b_transport(GP, 0 s)

Info: report.cpp: 4020 ns - print
      ID: 202 COMMAND: READ Length: 04
      Addr: 0x000000000000000C Data: 0xEFFFFFF3

Info: at_target_4_phase.cpp: 4020 ns - b_transport
      Target: 202 returned delay of 0 s + 10 ns + 50 ns = 60 ns

Info: lt_initiator.cpp: 4020 ns - initiator_thread
      Initiator: 102 b_transport returned delay = 60 ns

Info: lt_initiator.cpp: 4080 ns - initiator_thread
      Initiator: 101 b_transport(GP, 0 s)

Info: report.cpp: 4080 ns - print
      ID: 202 COMMAND: READ Length: 04
      Addr: 0x0000000000000010 Data: 0xEFFFFFEF

Info: at_target_4_phase.cpp: 4080 ns - b_transport
      Target: 202 returned delay of 0 s + 10 ns + 50 ns = 60 ns

Info: lt_initiator.cpp: 4080 ns - initiator_thread
      Initiator: 101 b_transport returned delay = 60 ns

Info: lt_initiator.cpp: 4080 ns - initiator_thread
      Initiator: 102 b_transport(GP, 0 s)

Info: report.cpp: 4080 ns - print
      ID: 202 COMMAND: READ Length: 04
      Addr: 0x0000000000000010 Data: 0xEFFFFFEF

Info: at_target_4_phase.cpp: 4080 ns - b_transport
      Target: 202 returned delay of 0 s + 10 ns + 50 ns = 60 ns

Info: lt_initiator.cpp: 4080 ns - initiator_thread
      Initiator: 102 b_transport returned delay = 60 ns

Info: lt_initiator.cpp: 4140 ns - initiator_thread
      Initiator: 101 b_transport(GP, 0 s)

Info: report.cpp: 4140 ns - print
      ID: 202 COMMAND: READ Length: 04
      Addr: 0x0000000000000014 Data: 0xEFFFFFEB

Info: at_target_4_phase.cpp: 4140 ns - b_transport
      Target: 202 returned delay of 0 s + 10 ns + 50 ns = 60 ns

Info: lt_initiator.cpp: 4140 ns - initiator_thread
      Initiator: 101 b_transport returned delay = 60 ns

Info: lt_initiator.cpp: 4140 ns - initiator_thread
      Initiator: 102 b_transport(GP, 0 s)

Info: report.cpp: 4140 ns - print
      ID: 202 COMMAND: READ Length: 04
      Addr: 0x0000000000000014 Data: 0xEFFFFFEB

Info: at_target_4_phase.cpp: 4140 ns - b_transport
      Target: 202 returned delay of 0 s + 10 ns + 50 ns = 60 ns

Info: lt_initiator.cpp: 4140 ns - initiator_thread
      Initiator: 102 b_transport returned delay = 60 ns

Info: lt_initiator.cpp: 4200 ns - initiator_thread
      Initiator: 101 b_transport(GP, 0 s)

Info: report.cpp: 4200 ns - print
      ID: 202 COMMAND: READ Length: 04
      Addr: 0x0000000000000018 Data: 0xEFFFFFE7

Info: at_target_4_phase.cpp: 4200 ns - b_transport
      Target: 202 returned delay of 0 s + 10 ns + 50 ns = 60 ns

Info: lt_initiator.cpp: 4200 ns - initiator_thread
      Initiator: 101 b_transport returned delay = 60 ns

Info: lt_initiator.cpp: 4200 ns - initiator_thread
      Initiator: 102 b_transport(GP, 0 s)

Info: report.cpp: 4200 ns - print
      ID: 202 COMMAND: READ Length: 04
      Addr: 0x0000000000000018 Data: 0xEFFFFFE7

Info: at_target_4_phase.cpp: 4200 ns - b_transport
      Target: 202 returned delay of 0 s + 10 ns + 50 ns = 60 ns

Info: lt_initiator.cpp: 4200 ns - initiator_thread
      Initiator: 102 b_transport returned delay = 60 ns

Info: lt_initiator.cpp: 4260 ns - initiator_thread
      Initiator: 101 b_transport(GP, 0 s)

Info: report.cpp: 4260 ns - print
      ID: 202 COMMAND: READ Length: 04
      Addr: 0x000000000000001C Data: 0xEFFFFFE3

Info: at_target_4_phase.cpp: 4260 ns - b_transport
      Target: 202 returned delay of 0 s + 10 ns + 50 ns = 60 ns

Info: lt_initiator.cpp: 4260 ns - initiator_thread
      Initiator: 101 b_transport returned delay = 60 ns

Info: lt_initiator.cpp: 4260 ns - initiator_thread
      Initiator: 102 b_transport(GP, 0 s)

Info: report.cpp: 4260 ns - print
      ID: 202 COMMAND: READ Length: 04
      Addr: 0x000000000000001C Data: 0xEFFFFFE3

Info: at_target_4_phase.cpp: 4260 ns - b_transport
      Target: 202 returned delay of 0 s + 10 ns + 50 ns = 60 ns

Info: lt_initiator.cpp: 4260 ns - initiator_thread
      Initiator: 102 b_transport returned delay = 60 ns

Info: lt_initiator.cpp: 4320 ns - initiator_thread
      Initiator: 101 b_transport(GP, 0 s)

Info: report.cpp: 4320 ns - print
      ID: 202 COMMAND: READ Length: 04
      Addr: 0x0000000000000020 Data: 0xEFFFFFDF

Info: at_target_4_phase.cpp: 4320 ns - b_transport
      Target: 202 returned delay of 0 s + 10 ns + 50 ns = 60 ns

Info: lt_initiator.cpp: 4320 ns - initiator_thread
      Initiator: 101 b_transport returned delay = 60 ns

Info: lt_initiator.cpp: 4320 ns - initiator_thread
      Initiator: 102 b_transport(GP, 0 s)

Info: report.cpp: 4320 ns - print
      ID: 202 COMMAND: READ Length: 04
      Addr: 0x0000000000000020 Data: 0xEFFFFFDF

Info: at_target_4_phase.cpp: 4320 ns - b_transport
      Target: 202 returned delay of 0 s + 10 ns + 50 ns = 60 ns

Info: lt_initiator.cpp: 4320 ns - initiator_thread
      Initiator: 102 b_transport returned delay = 60 ns

Info: lt_initiator.cpp: 4380 ns - initiator_thread
      Initiator: 101 b_transport(GP, 0 s)

Info: report.cpp: 4380 ns - print
      ID: 202 COMMAND: READ Length: 04
      Addr: 0x0000000000000024 Data: 0xEFFFFFDB

Info: at_target_4_phase.cpp: 4380 ns - b_transport
      Target: 202 returned delay of 0 s + 10 ns + 50 ns = 60 ns

Info: lt_initiator.cpp: 4380 ns - initiator_thread
      Initiator: 101 b_transport returned delay = 60 ns

Info: lt_initiator.cpp: 4380 ns - initiator_thread
      Initiator: 102 b_transport(GP, 0 s)

Info: report.cpp: 4380 ns - print
      ID: 202 COMMAND: READ Length: 04
      Addr: 0x0000000000000024 Data: 0xEFFFFFDB

Info: at_target_4_phase.cpp: 4380 ns - b_transport
      Target: 202 returned delay of 0 s + 10 ns + 50 ns = 60 ns

Info: lt_initiator.cpp: 4380 ns - initiator_thread
      Initiator: 102 b_transport returned delay = 60 ns

Info: lt_initiator.cpp: 4440 ns - initiator_thread
      Initiator: 101 b_transport(GP, 0 s)

Info: report.cpp: 4440 ns - print
      ID: 202 COMMAND: READ Length: 04
      Addr: 0x0000000000000028 Data: 0xEFFFFFD7

Info: at_target_4_phase.cpp: 4440 ns - b_transport
      Target: 202 returned delay of 0 s + 10 ns + 50 ns = 60 ns

Info: lt_initiator.cpp: 4440 ns - initiator_thread
      Initiator: 101 b_transport returned delay = 60 ns

Info: lt_initiator.cpp: 4440 ns - initiator_thread
      Initiator: 102 b_transport(GP, 0 s)

Info: report.cpp: 4440 ns - print
      ID: 202 COMMAND: READ Length: 04
      Addr: 0x0000000000000028 Data: 0xEFFFFFD7

Info: at_target_4_phase.cpp: 4440 ns - b_transport
      Target: 202 returned delay of 0 s + 10 ns + 50 ns = 60 ns

Info: lt_initiator.cpp: 4440 ns - initiator_thread
      Initiator: 102 b_transport returned delay = 60 ns

Info: lt_initiator.cpp: 4500 ns - initiator_thread
      Initiator: 101 b_transport(GP, 0 s)

Info: report.cpp: 4500 ns - print
      ID: 202 COMMAND: READ Length: 04
      Addr: 0x000000000000002C Data: 0xEFFFFFD3

Info: at_target_4_phase.cpp: 4500 ns - b_transport
      Target: 202 returned delay of 0 s + 10 ns + 50 ns = 60 ns

Info: lt_initiator.cpp: 4500 ns - initiator_thread
      Initiator: 101 b_transport returned delay = 60 ns

Info: lt_initiator.cpp: 4500 ns - initiator_thread
      Initiator: 102 b_transport(GP, 0 s)

Info: report.cpp: 4500 ns - print
      ID: 202 COMMAND: READ Length: 04
      Addr: 0x000000000000002C Data: 0xEFFFFFD3

Info: at_target_4_phase.cpp: 4500 ns - b_transport
      Target: 202 returned delay of 0 s + 10 ns + 50 ns = 60 ns

Info: lt_initiator.cpp: 4500 ns - initiator_thread
      Initiator: 102 b_transport returned delay = 60 ns

Info: lt_initiator.cpp: 4560 ns - initiator_thread
      Initiator: 101 b_transport(GP, 0 s)

Info: report.cpp: 4560 ns - print
      ID: 202 COMMAND: READ Length: 04
      Addr: 0x0000000000000030 Data: 0xEFFFFFCF

Info: at_target_4_phase.cpp: 4560 ns - b_transport
      Target: 202 returned delay of 0 s + 10 ns + 50 ns = 60 ns

Info: lt_initiator.cpp: 4560 ns - initiator_thread
      Initiator: 101 b_transport returned delay = 60 ns

Info: lt_initiator.cpp: 4560 ns - initiator_thread
      Initiator: 102 b_transport(GP, 0 s)

Info: report.cpp: 4560 ns - print
      ID: 202 COMMAND: READ Length: 04
      Addr: 0x0000000000000030 Data: 0xEFFFFFCF

Info: at_target_4_phase.cpp: 4560 ns - b_transport
      Target: 202 returned delay of 0 s + 10 ns + 50 ns = 60 ns

Info: lt_initiator.cpp: 4560 ns - initiator_thread
      Initiator: 102 b_transport returned delay = 60 ns

Info: lt_initiator.cpp: 4620 ns - initiator_thread
      Initiator: 101 b_transport(GP, 0 s)

Info: report.cpp: 4620 ns - print
      ID: 202 COMMAND: READ Length: 04
      Addr: 0x0000000000000034 Data: 0xEFFFFFCB

Info: at_target_4_phase.cpp: 4620 ns - b_transport
      Target: 202 returned delay of 0 s + 10 ns + 50 ns = 60 ns

Info: lt_initiator.cpp: 4620 ns - initiator_thread
      Initiator: 101 b_transport returned delay = 60 ns

Info: lt_initiator.cpp: 4620 ns - initiator_thread
      Initiator: 102 b_transport(GP, 0 s)

Info: report.cpp: 4620 ns - print
      ID: 202 COMMAND: READ Length: 04
      Addr: 0x0000000000000034 Data: 0xEFFFFFCB

Info: at_target_4_phase.cpp: 4620 ns - b_transport
      Target: 202 returned delay of 0 s + 10 ns + 50 ns = 60 ns

Info: lt_initiator.cpp: 4620 ns - initiator_thread
      Initiator: 102 b_transport returned delay = 60 ns

Info: lt_initiator.cpp: 4680 ns - initiator_thread
      Initiator: 101 b_transport(GP, 0 s)

Info: report.cpp: 4680 ns - print
      ID: 202 COMMAND: READ Length: 04
      Addr: 0x0000000000000038 Data: 0xEFFFFFC7

Info: at_target_4_phase.cpp: 4680 ns - b_transport
      Target: 202 returned delay of 0 s + 10 ns + 50 ns = 60 ns

Info: lt_initiator.cpp: 4680 ns - initiator_thread
      Initiator: 101 b_transport returned delay = 60 ns

Info: lt_initiator.cpp: 4680 ns - initiator_thread
      Initiator: 102 b_transport(GP, 0 s)

Info: report.cpp: 4680 ns - print
      ID: 202 COMMAND: READ Length: 04
      Addr: 0x0000000000000038 Data: 0xEFFFFFC7

Info: at_target_4_phase.cpp: 4680 ns - b_transport
      Target: 202 returned delay of 0 s + 10 ns + 50 ns = 60 ns

Info: lt_initiator.cpp: 4680 ns - initiator_thread
      Initiator: 102 b_transport returned delay = 60 ns

Info: lt_initiator.cpp: 4740 ns - initiator_thread
      Initiator: 101 b_transport(GP, 0 s)

Info: report.cpp: 4740 ns - print
      ID: 202 COMMAND: READ Length: 04
      Addr: 0x000000000000003C Data: 0xEFFFFFC3

Info: at_target_4_phase.cpp: 4740 ns - b_transport
      Target: 202 returned delay of 0 s + 10 ns + 50 ns = 60 ns

Info: lt_initiator.cpp: 4740 ns - initiator_thread
      Initiator: 101 b_transport returned delay = 60 ns

Info: lt_initiator.cpp: 4740 ns - initiator_thread
      Initiator: 102 b_transport(GP, 0 s)

Info: report.cpp: 4740 ns - print
      ID: 202 COMMAND: READ Length: 04
      Addr: 0x000000000000003C Data: 0xEFFFFFC3

Info: at_target_4_phase.cpp: 4740 ns - b_transport
      Target: 202 returned delay of 0 s + 10 ns + 50 ns = 60 ns

Info: lt_initiator.cpp: 4740 ns - initiator_thread
      Initiator: 102 b_transport returned delay = 60 ns

Info: traffic_generator.cpp: 4800 ns - traffic_generator_thread
      Traffic Generator : 101
=========================================================
            ####  Traffic Generator Complete  #### 

Info: traffic_generator.cpp: 4800 ns - traffic_generator_thread
      Traffic Generator : 102
=========================================================
            ####  Traffic Generator Complete  #### 
