
Info: lt_dmi_target.cpp: 0 s - toggle_dmi_method
      Target: 201 invalidate_direct_ptr(0 , 4096 );


Info: dmi_memory.cpp: 0 s - invalidate_dmi_ptr
      Initiator:101 DMI Pointer Invalidated  for (0 , 4096)

Info: dmi_memory.cpp: 0 s - invalidate_dmi_ptr
      Initiator:102 DMI Pointer Invalidated  for (0 , 4096)

Info: lt_dmi_target.cpp: 0 s - toggle_dmi_method
      Target: 202 invalidate_direct_ptr(0 , 4096 );


Info: dmi_memory.cpp: 0 s - invalidate_dmi_ptr
      Initiator:101 DMI Pointer Not Invalidated  for (268435456 , 268439552)

Info: dmi_memory.cpp: 0 s - invalidate_dmi_ptr
      Initiator:102 DMI Pointer Not Invalidated  for (268435456 , 268439552)

Info: traffic_generator.cpp: 0 s - traffic_generator_thread
      Initiator: 101 Starting Traffic

Info: traffic_generator.cpp: 0 s - traffic_generator_thread
      Initiator: 102 Starting Traffic

Info: lt_dmi_initiator.cpp: 0 s - initiator_thread
      Initiator: 101 b_transport(0x2038f0 , 0 s);

Info: memory.cpp: 0 s - print
      ID: 201 COMMAND: WRITE Length: 04
      Addr: 0x0000000000000000 Data: 0x00000000

Info: lt_dmi_target.cpp: 0 s - custom_b_transport
      Target: 201 *gp = 0x2038f0
      Target: 201 returned delay of 0 s + 20 ns + 15 ns = 35 ns

Info: lt_dmi_initiator.cpp: 0 s - initiator_thread
      Initiator: 101 b_transport of gp_tpr 0x2038f0 returned a delay of 35 ns

Info: lt_dmi_initiator.cpp: 0 s - initiator_thread
      Initiator: 102 b_transport(0x2039a0 , 0 s);

Info: memory.cpp: 0 s - print
      ID: 201 COMMAND: WRITE Length: 04
      Addr: 0x0000000000000000 Data: 0x00000000

Info: lt_dmi_target.cpp: 0 s - custom_b_transport
      Target: 201 *gp = 0x2039a0
      Target: 201 returned delay of 0 s + 20 ns + 15 ns = 35 ns

Info: lt_dmi_initiator.cpp: 0 s - initiator_thread
      Initiator: 102 b_transport of gp_tpr 0x2039a0 returned a delay of 35 ns

Info: lt_dmi_initiator.cpp: 35 ns - initiator_thread
      Initiator: 101 gp_tpr of 0x2038f0 was returned with dmi_allowed set to 0

Info: lt_dmi_initiator.cpp: 35 ns - initiator_thread
      Initiator: 101 End of processing for gp_ptr 0x2038f0

Info: lt_dmi_initiator.cpp: 35 ns - initiator_thread
      Initiator: 102 gp_tpr of 0x2039a0 was returned with dmi_allowed set to 0

Info: lt_dmi_initiator.cpp: 35 ns - initiator_thread
      Initiator: 102 End of processing for gp_ptr 0x2039a0

Info: lt_dmi_initiator.cpp: 35 ns - initiator_thread
      Initiator: 101 b_transport(0x2038f0 , 0 s);

Info: memory.cpp: 35 ns - print
      ID: 201 COMMAND: WRITE Length: 04
      Addr: 0x0000000000000004 Data: 0x00000004

Info: lt_dmi_target.cpp: 35 ns - custom_b_transport
      Target: 201 *gp = 0x2038f0
      Target: 201 returned delay of 0 s + 20 ns + 15 ns = 35 ns

Info: lt_dmi_initiator.cpp: 35 ns - initiator_thread
      Initiator: 101 b_transport of gp_tpr 0x2038f0 returned a delay of 35 ns

Info: lt_dmi_initiator.cpp: 35 ns - initiator_thread
      Initiator: 102 b_transport(0x2039a0 , 0 s);

Info: memory.cpp: 35 ns - print
      ID: 201 COMMAND: WRITE Length: 04
      Addr: 0x0000000000000004 Data: 0x00000004

Info: lt_dmi_target.cpp: 35 ns - custom_b_transport
      Target: 201 *gp = 0x2039a0
      Target: 201 returned delay of 0 s + 20 ns + 15 ns = 35 ns

Info: lt_dmi_initiator.cpp: 35 ns - initiator_thread
      Initiator: 102 b_transport of gp_tpr 0x2039a0 returned a delay of 35 ns

Info: lt_dmi_initiator.cpp: 70 ns - initiator_thread
      Initiator: 101 gp_tpr of 0x2038f0 was returned with dmi_allowed set to 0

Info: lt_dmi_initiator.cpp: 70 ns - initiator_thread
      Initiator: 101 End of processing for gp_ptr 0x2038f0

Info: lt_dmi_initiator.cpp: 70 ns - initiator_thread
      Initiator: 102 gp_tpr of 0x2039a0 was returned with dmi_allowed set to 0

Info: lt_dmi_initiator.cpp: 70 ns - initiator_thread
      Initiator: 102 End of processing for gp_ptr 0x2039a0

Info: lt_dmi_initiator.cpp: 70 ns - initiator_thread
      Initiator: 101 b_transport(0x2038f0 , 0 s);

Info: memory.cpp: 70 ns - print
      ID: 201 COMMAND: WRITE Length: 04
      Addr: 0x0000000000000008 Data: 0x00000008

Info: lt_dmi_target.cpp: 70 ns - custom_b_transport
      Target: 201 *gp = 0x2038f0
      Target: 201 returned delay of 0 s + 20 ns + 15 ns = 35 ns

Info: lt_dmi_initiator.cpp: 70 ns - initiator_thread
      Initiator: 101 b_transport of gp_tpr 0x2038f0 returned a delay of 35 ns

Info: lt_dmi_initiator.cpp: 70 ns - initiator_thread
      Initiator: 102 b_transport(0x2039a0 , 0 s);

Info: memory.cpp: 70 ns - print
      ID: 201 COMMAND: WRITE Length: 04
      Addr: 0x0000000000000008 Data: 0x00000008

Info: lt_dmi_target.cpp: 70 ns - custom_b_transport
      Target: 201 *gp = 0x2039a0
      Target: 201 returned delay of 0 s + 20 ns + 15 ns = 35 ns

Info: lt_dmi_initiator.cpp: 70 ns - initiator_thread
      Initiator: 102 b_transport of gp_tpr 0x2039a0 returned a delay of 35 ns

Info: lt_dmi_initiator.cpp: 105 ns - initiator_thread
      Initiator: 101 gp_tpr of 0x2038f0 was returned with dmi_allowed set to 0

Info: lt_dmi_initiator.cpp: 105 ns - initiator_thread
      Initiator: 101 End of processing for gp_ptr 0x2038f0

Info: lt_dmi_initiator.cpp: 105 ns - initiator_thread
      Initiator: 102 gp_tpr of 0x2039a0 was returned with dmi_allowed set to 0

Info: lt_dmi_initiator.cpp: 105 ns - initiator_thread
      Initiator: 102 End of processing for gp_ptr 0x2039a0

Info: lt_dmi_initiator.cpp: 105 ns - initiator_thread
      Initiator: 101 b_transport(0x2038f0 , 0 s);

Info: memory.cpp: 105 ns - print
      ID: 201 COMMAND: WRITE Length: 04
      Addr: 0x000000000000000C Data: 0x0000000C

Info: lt_dmi_target.cpp: 105 ns - custom_b_transport
      Target: 201 has set dmi_allowed 
      Target: 201 returned delay of 0 s + 20 ns + 15 ns = 35 ns

Info: lt_dmi_initiator.cpp: 105 ns - initiator_thread
      Initiator: 101 b_transport of gp_tpr 0x2038f0 returned a delay of 35 ns

Info: lt_dmi_initiator.cpp: 105 ns - initiator_thread
      Initiator: 102 b_transport(0x2039a0 , 0 s);

Info: memory.cpp: 105 ns - print
      ID: 201 COMMAND: WRITE Length: 04
      Addr: 0x000000000000000C Data: 0x0000000C

Info: lt_dmi_target.cpp: 105 ns - custom_b_transport
      Target: 201 has set dmi_allowed 
      Target: 201 returned delay of 0 s + 20 ns + 15 ns = 35 ns

Info: lt_dmi_initiator.cpp: 105 ns - initiator_thread
      Initiator: 102 b_transport of gp_tpr 0x2039a0 returned a delay of 35 ns

Info: lt_dmi_initiator.cpp: 140 ns - initiator_thread
      Initiator: 101 gp_tpr of 0x2038f0 was returned with dmi_allowed set to 1

Info: lt_dmi_initiator.cpp: 140 ns - initiator_thread
      Initiator: 101 set up dmi for next access to this target
      Initiator: 101 get_direct_mem_ptr(0x2038f0 , 0xbfffdef4 );

Info: lt_dmi_target.cpp: 140 ns - get_direct_mem_ptr
      Target: 201 DMI pointer, 0xbfffdef4, passed back to an initiator 

Info: dmi_memory.cpp: 140 ns - print
      Initiator: 101 &dmi_properties = 0xbfffdef4
      start addr = 0 end addr = 4096
      read latency = 20 ns write latency = 15 ns
      granted access = 3
      

Info: lt_dmi_initiator.cpp: 140 ns - initiator_thread
      Initiator: 101 End of processing for gp_ptr 0x2038f0

Info: lt_dmi_initiator.cpp: 140 ns - initiator_thread
      Initiator: 102 gp_tpr of 0x2039a0 was returned with dmi_allowed set to 1

Info: lt_dmi_initiator.cpp: 140 ns - initiator_thread
      Initiator: 102 set up dmi for next access to this target
      Initiator: 102 get_direct_mem_ptr(0x2039a0 , 0xbfffe3e8 );

Info: lt_dmi_target.cpp: 140 ns - get_direct_mem_ptr
      Target: 201 DMI pointer, 0xbfffe3e8, passed back to an initiator 

Info: dmi_memory.cpp: 140 ns - print
      Initiator: 102 &dmi_properties = 0xbfffe3e8
      start addr = 0 end addr = 4096
      read latency = 20 ns write latency = 15 ns
      granted access = 3
      

Info: lt_dmi_initiator.cpp: 140 ns - initiator_thread
      Initiator: 102 End of processing for gp_ptr 0x2039a0

Info: lt_dmi_initiator.cpp: 140 ns - initiator_thread
      Initiator: 101 b_transport(0x2038f0 , 0 s);

Info: dmi_memory.cpp: 140 ns - address_is_dmi
      Initiator:101 gp with address 0x2038f0 has an address for dmi 

Info: dmi_memory.cpp: 140 ns - address_is_dmi
      Initiator:101 gp with address 0x2038f0 has an address for dmi 

Info: dmi_memory.cpp: 140 ns - print
      ID: 101 COMMAND: WRITE Length: 04
      Addr: 0x0000000000000010 Data: 0x00000010

Info: lt_dmi_initiator.cpp: 140 ns - initiator_thread
      Initiator: 101 dmi based transaction for gp_ptr of 0x2038f0 returned a delay of 15 ns

Info: lt_dmi_initiator.cpp: 140 ns - initiator_thread
      Initiator: 102 b_transport(0x2039a0 , 0 s);

Info: dmi_memory.cpp: 140 ns - address_is_dmi
      Initiator:102 gp with address 0x2039a0 has an address for dmi 

Info: dmi_memory.cpp: 140 ns - address_is_dmi
      Initiator:102 gp with address 0x2039a0 has an address for dmi 

Info: dmi_memory.cpp: 140 ns - print
      ID: 102 COMMAND: WRITE Length: 04
      Addr: 0x0000000000000010 Data: 0x00000010

Info: lt_dmi_initiator.cpp: 140 ns - initiator_thread
      Initiator: 102 dmi based transaction for gp_ptr of 0x2039a0 returned a delay of 15 ns

Info: lt_dmi_initiator.cpp: 155 ns - initiator_thread
      Initiator: 101 End of processing for gp_ptr 0x2038f0

Info: lt_dmi_initiator.cpp: 155 ns - initiator_thread
      Initiator: 102 End of processing for gp_ptr 0x2039a0

Info: lt_dmi_initiator.cpp: 155 ns - initiator_thread
      Initiator: 101 b_transport(0x2038f0 , 0 s);

Info: dmi_memory.cpp: 155 ns - address_is_dmi
      Initiator:101 gp with address 0x2038f0 has an address for dmi 

Info: dmi_memory.cpp: 155 ns - address_is_dmi
      Initiator:101 gp with address 0x2038f0 has an address for dmi 

Info: dmi_memory.cpp: 155 ns - print
      ID: 101 COMMAND: WRITE Length: 04
      Addr: 0x0000000000000014 Data: 0x00000014

Info: lt_dmi_initiator.cpp: 155 ns - initiator_thread
      Initiator: 101 dmi based transaction for gp_ptr of 0x2038f0 returned a delay of 15 ns

Info: lt_dmi_initiator.cpp: 155 ns - initiator_thread
      Initiator: 102 b_transport(0x2039a0 , 0 s);

Info: dmi_memory.cpp: 155 ns - address_is_dmi
      Initiator:102 gp with address 0x2039a0 has an address for dmi 

Info: dmi_memory.cpp: 155 ns - address_is_dmi
      Initiator:102 gp with address 0x2039a0 has an address for dmi 

Info: dmi_memory.cpp: 155 ns - print
      ID: 102 COMMAND: WRITE Length: 04
      Addr: 0x0000000000000014 Data: 0x00000014

Info: lt_dmi_initiator.cpp: 155 ns - initiator_thread
      Initiator: 102 dmi based transaction for gp_ptr of 0x2039a0 returned a delay of 15 ns

Info: lt_dmi_initiator.cpp: 170 ns - initiator_thread
      Initiator: 101 End of processing for gp_ptr 0x2038f0

Info: lt_dmi_initiator.cpp: 170 ns - initiator_thread
      Initiator: 102 End of processing for gp_ptr 0x2039a0

Info: lt_dmi_initiator.cpp: 170 ns - initiator_thread
      Initiator: 101 b_transport(0x2038f0 , 0 s);

Info: dmi_memory.cpp: 170 ns - address_is_dmi
      Initiator:101 gp with address 0x2038f0 has an address for dmi 

Info: dmi_memory.cpp: 170 ns - address_is_dmi
      Initiator:101 gp with address 0x2038f0 has an address for dmi 

Info: dmi_memory.cpp: 170 ns - print
      ID: 101 COMMAND: WRITE Length: 04
      Addr: 0x0000000000000018 Data: 0x00000018

Info: lt_dmi_initiator.cpp: 170 ns - initiator_thread
      Initiator: 101 dmi based transaction for gp_ptr of 0x2038f0 returned a delay of 15 ns

Info: lt_dmi_initiator.cpp: 170 ns - initiator_thread
      Initiator: 102 b_transport(0x2039a0 , 0 s);

Info: dmi_memory.cpp: 170 ns - address_is_dmi
      Initiator:102 gp with address 0x2039a0 has an address for dmi 

Info: dmi_memory.cpp: 170 ns - address_is_dmi
      Initiator:102 gp with address 0x2039a0 has an address for dmi 

Info: dmi_memory.cpp: 170 ns - print
      ID: 102 COMMAND: WRITE Length: 04
      Addr: 0x0000000000000018 Data: 0x00000018

Info: lt_dmi_initiator.cpp: 170 ns - initiator_thread
      Initiator: 102 dmi based transaction for gp_ptr of 0x2039a0 returned a delay of 15 ns

Info: lt_dmi_initiator.cpp: 185 ns - initiator_thread
      Initiator: 101 End of processing for gp_ptr 0x2038f0

Info: lt_dmi_initiator.cpp: 185 ns - initiator_thread
      Initiator: 102 End of processing for gp_ptr 0x2039a0

Info: lt_dmi_initiator.cpp: 185 ns - initiator_thread
      Initiator: 101 b_transport(0x2038f0 , 0 s);

Info: dmi_memory.cpp: 185 ns - address_is_dmi
      Initiator:101 gp with address 0x2038f0 has an address for dmi 

Info: dmi_memory.cpp: 185 ns - address_is_dmi
      Initiator:101 gp with address 0x2038f0 has an address for dmi 

Info: dmi_memory.cpp: 185 ns - print
      ID: 101 COMMAND: WRITE Length: 04
      Addr: 0x000000000000001C Data: 0x0000001C

Info: lt_dmi_initiator.cpp: 185 ns - initiator_thread
      Initiator: 101 dmi based transaction for gp_ptr of 0x2038f0 returned a delay of 15 ns

Info: lt_dmi_initiator.cpp: 185 ns - initiator_thread
      Initiator: 102 b_transport(0x2039a0 , 0 s);

Info: dmi_memory.cpp: 185 ns - address_is_dmi
      Initiator:102 gp with address 0x2039a0 has an address for dmi 

Info: dmi_memory.cpp: 185 ns - address_is_dmi
      Initiator:102 gp with address 0x2039a0 has an address for dmi 

Info: dmi_memory.cpp: 185 ns - print
      ID: 102 COMMAND: WRITE Length: 04
      Addr: 0x000000000000001C Data: 0x0000001C

Info: lt_dmi_initiator.cpp: 185 ns - initiator_thread
      Initiator: 102 dmi based transaction for gp_ptr of 0x2039a0 returned a delay of 15 ns

Info: lt_dmi_initiator.cpp: 200 ns - initiator_thread
      Initiator: 101 End of processing for gp_ptr 0x2038f0

Info: lt_dmi_initiator.cpp: 200 ns - initiator_thread
      Initiator: 102 End of processing for gp_ptr 0x2039a0

Info: lt_dmi_initiator.cpp: 200 ns - initiator_thread
      Initiator: 101 b_transport(0x2038f0 , 0 s);

Info: dmi_memory.cpp: 200 ns - address_is_dmi
      Initiator:101 gp with address 0x2038f0 has an address for dmi 

Info: dmi_memory.cpp: 200 ns - address_is_dmi
      Initiator:101 gp with address 0x2038f0 has an address for dmi 

Info: dmi_memory.cpp: 200 ns - print
      ID: 101 COMMAND: WRITE Length: 04
      Addr: 0x0000000000000020 Data: 0x00000020

Info: lt_dmi_initiator.cpp: 200 ns - initiator_thread
      Initiator: 101 dmi based transaction for gp_ptr of 0x2038f0 returned a delay of 15 ns

Info: lt_dmi_initiator.cpp: 200 ns - initiator_thread
      Initiator: 102 b_transport(0x2039a0 , 0 s);

Info: dmi_memory.cpp: 200 ns - address_is_dmi
      Initiator:102 gp with address 0x2039a0 has an address for dmi 

Info: dmi_memory.cpp: 200 ns - address_is_dmi
      Initiator:102 gp with address 0x2039a0 has an address for dmi 

Info: dmi_memory.cpp: 200 ns - print
      ID: 102 COMMAND: WRITE Length: 04
      Addr: 0x0000000000000020 Data: 0x00000020

Info: lt_dmi_initiator.cpp: 200 ns - initiator_thread
      Initiator: 102 dmi based transaction for gp_ptr of 0x2039a0 returned a delay of 15 ns

Info: lt_dmi_initiator.cpp: 215 ns - initiator_thread
      Initiator: 101 End of processing for gp_ptr 0x2038f0

Info: lt_dmi_initiator.cpp: 215 ns - initiator_thread
      Initiator: 102 End of processing for gp_ptr 0x2039a0

Info: lt_dmi_initiator.cpp: 215 ns - initiator_thread
      Initiator: 101 b_transport(0x2038f0 , 0 s);

Info: dmi_memory.cpp: 215 ns - address_is_dmi
      Initiator:101 gp with address 0x2038f0 has an address for dmi 

Info: dmi_memory.cpp: 215 ns - address_is_dmi
      Initiator:101 gp with address 0x2038f0 has an address for dmi 

Info: dmi_memory.cpp: 215 ns - print
      ID: 101 COMMAND: WRITE Length: 04
      Addr: 0x0000000000000024 Data: 0x00000024

Info: lt_dmi_initiator.cpp: 215 ns - initiator_thread
      Initiator: 101 dmi based transaction for gp_ptr of 0x2038f0 returned a delay of 15 ns

Info: lt_dmi_initiator.cpp: 215 ns - initiator_thread
      Initiator: 102 b_transport(0x2039a0 , 0 s);

Info: dmi_memory.cpp: 215 ns - address_is_dmi
      Initiator:102 gp with address 0x2039a0 has an address for dmi 

Info: dmi_memory.cpp: 215 ns - address_is_dmi
      Initiator:102 gp with address 0x2039a0 has an address for dmi 

Info: dmi_memory.cpp: 215 ns - print
      ID: 102 COMMAND: WRITE Length: 04
      Addr: 0x0000000000000024 Data: 0x00000024

Info: lt_dmi_initiator.cpp: 215 ns - initiator_thread
      Initiator: 102 dmi based transaction for gp_ptr of 0x2039a0 returned a delay of 15 ns

Info: lt_dmi_initiator.cpp: 230 ns - initiator_thread
      Initiator: 101 End of processing for gp_ptr 0x2038f0

Info: lt_dmi_initiator.cpp: 230 ns - initiator_thread
      Initiator: 102 End of processing for gp_ptr 0x2039a0

Info: lt_dmi_initiator.cpp: 230 ns - initiator_thread
      Initiator: 101 b_transport(0x2038f0 , 0 s);

Info: dmi_memory.cpp: 230 ns - address_is_dmi
      Initiator:101 gp with address 0x2038f0 has an address for dmi 

Info: dmi_memory.cpp: 230 ns - address_is_dmi
      Initiator:101 gp with address 0x2038f0 has an address for dmi 

Info: dmi_memory.cpp: 230 ns - print
      ID: 101 COMMAND: WRITE Length: 04
      Addr: 0x0000000000000028 Data: 0x00000028

Info: lt_dmi_initiator.cpp: 230 ns - initiator_thread
      Initiator: 101 dmi based transaction for gp_ptr of 0x2038f0 returned a delay of 15 ns

Info: lt_dmi_initiator.cpp: 230 ns - initiator_thread
      Initiator: 102 b_transport(0x2039a0 , 0 s);

Info: dmi_memory.cpp: 230 ns - address_is_dmi
      Initiator:102 gp with address 0x2039a0 has an address for dmi 

Info: dmi_memory.cpp: 230 ns - address_is_dmi
      Initiator:102 gp with address 0x2039a0 has an address for dmi 

Info: dmi_memory.cpp: 230 ns - print
      ID: 102 COMMAND: WRITE Length: 04
      Addr: 0x0000000000000028 Data: 0x00000028

Info: lt_dmi_initiator.cpp: 230 ns - initiator_thread
      Initiator: 102 dmi based transaction for gp_ptr of 0x2039a0 returned a delay of 15 ns

Info: lt_dmi_initiator.cpp: 245 ns - initiator_thread
      Initiator: 101 End of processing for gp_ptr 0x2038f0

Info: lt_dmi_initiator.cpp: 245 ns - initiator_thread
      Initiator: 102 End of processing for gp_ptr 0x2039a0

Info: lt_dmi_initiator.cpp: 245 ns - initiator_thread
      Initiator: 101 b_transport(0x2038f0 , 0 s);

Info: dmi_memory.cpp: 245 ns - address_is_dmi
      Initiator:101 gp with address 0x2038f0 has an address for dmi 

Info: dmi_memory.cpp: 245 ns - address_is_dmi
      Initiator:101 gp with address 0x2038f0 has an address for dmi 

Info: dmi_memory.cpp: 245 ns - print
      ID: 101 COMMAND: WRITE Length: 04
      Addr: 0x000000000000002C Data: 0x0000002C

Info: lt_dmi_initiator.cpp: 245 ns - initiator_thread
      Initiator: 101 dmi based transaction for gp_ptr of 0x2038f0 returned a delay of 15 ns

Info: lt_dmi_initiator.cpp: 245 ns - initiator_thread
      Initiator: 102 b_transport(0x2039a0 , 0 s);

Info: dmi_memory.cpp: 245 ns - address_is_dmi
      Initiator:102 gp with address 0x2039a0 has an address for dmi 

Info: dmi_memory.cpp: 245 ns - address_is_dmi
      Initiator:102 gp with address 0x2039a0 has an address for dmi 

Info: dmi_memory.cpp: 245 ns - print
      ID: 102 COMMAND: WRITE Length: 04
      Addr: 0x000000000000002C Data: 0x0000002C

Info: lt_dmi_initiator.cpp: 245 ns - initiator_thread
      Initiator: 102 dmi based transaction for gp_ptr of 0x2039a0 returned a delay of 15 ns

Info: lt_dmi_initiator.cpp: 260 ns - initiator_thread
      Initiator: 101 End of processing for gp_ptr 0x2038f0

Info: lt_dmi_initiator.cpp: 260 ns - initiator_thread
      Initiator: 102 End of processing for gp_ptr 0x2039a0

Info: lt_dmi_initiator.cpp: 260 ns - initiator_thread
      Initiator: 101 b_transport(0x2038f0 , 0 s);

Info: dmi_memory.cpp: 260 ns - address_is_dmi
      Initiator:101 gp with address 0x2038f0 has an address for dmi 

Info: dmi_memory.cpp: 260 ns - address_is_dmi
      Initiator:101 gp with address 0x2038f0 has an address for dmi 

Info: dmi_memory.cpp: 260 ns - print
      ID: 101 COMMAND: WRITE Length: 04
      Addr: 0x0000000000000030 Data: 0x00000030

Info: lt_dmi_initiator.cpp: 260 ns - initiator_thread
      Initiator: 101 dmi based transaction for gp_ptr of 0x2038f0 returned a delay of 15 ns

Info: lt_dmi_initiator.cpp: 260 ns - initiator_thread
      Initiator: 102 b_transport(0x2039a0 , 0 s);

Info: dmi_memory.cpp: 260 ns - address_is_dmi
      Initiator:102 gp with address 0x2039a0 has an address for dmi 

Info: dmi_memory.cpp: 260 ns - address_is_dmi
      Initiator:102 gp with address 0x2039a0 has an address for dmi 

Info: dmi_memory.cpp: 260 ns - print
      ID: 102 COMMAND: WRITE Length: 04
      Addr: 0x0000000000000030 Data: 0x00000030

Info: lt_dmi_initiator.cpp: 260 ns - initiator_thread
      Initiator: 102 dmi based transaction for gp_ptr of 0x2039a0 returned a delay of 15 ns

Info: lt_dmi_initiator.cpp: 275 ns - initiator_thread
      Initiator: 101 End of processing for gp_ptr 0x2038f0

Info: lt_dmi_initiator.cpp: 275 ns - initiator_thread
      Initiator: 102 End of processing for gp_ptr 0x2039a0

Info: lt_dmi_initiator.cpp: 275 ns - initiator_thread
      Initiator: 101 b_transport(0x2038f0 , 0 s);

Info: dmi_memory.cpp: 275 ns - address_is_dmi
      Initiator:101 gp with address 0x2038f0 has an address for dmi 

Info: dmi_memory.cpp: 275 ns - address_is_dmi
      Initiator:101 gp with address 0x2038f0 has an address for dmi 

Info: dmi_memory.cpp: 275 ns - print
      ID: 101 COMMAND: WRITE Length: 04
      Addr: 0x0000000000000034 Data: 0x00000034

Info: lt_dmi_initiator.cpp: 275 ns - initiator_thread
      Initiator: 101 dmi based transaction for gp_ptr of 0x2038f0 returned a delay of 15 ns

Info: lt_dmi_initiator.cpp: 275 ns - initiator_thread
      Initiator: 102 b_transport(0x2039a0 , 0 s);

Info: dmi_memory.cpp: 275 ns - address_is_dmi
      Initiator:102 gp with address 0x2039a0 has an address for dmi 

Info: dmi_memory.cpp: 275 ns - address_is_dmi
      Initiator:102 gp with address 0x2039a0 has an address for dmi 

Info: dmi_memory.cpp: 275 ns - print
      ID: 102 COMMAND: WRITE Length: 04
      Addr: 0x0000000000000034 Data: 0x00000034

Info: lt_dmi_initiator.cpp: 275 ns - initiator_thread
      Initiator: 102 dmi based transaction for gp_ptr of 0x2039a0 returned a delay of 15 ns

Info: lt_dmi_initiator.cpp: 290 ns - initiator_thread
      Initiator: 101 End of processing for gp_ptr 0x2038f0

Info: lt_dmi_initiator.cpp: 290 ns - initiator_thread
      Initiator: 102 End of processing for gp_ptr 0x2039a0

Info: lt_dmi_initiator.cpp: 290 ns - initiator_thread
      Initiator: 101 b_transport(0x2038f0 , 0 s);

Info: dmi_memory.cpp: 290 ns - address_is_dmi
      Initiator:101 gp with address 0x2038f0 has an address for dmi 

Info: dmi_memory.cpp: 290 ns - address_is_dmi
      Initiator:101 gp with address 0x2038f0 has an address for dmi 

Info: dmi_memory.cpp: 290 ns - print
      ID: 101 COMMAND: WRITE Length: 04
      Addr: 0x0000000000000038 Data: 0x00000038

Info: lt_dmi_initiator.cpp: 290 ns - initiator_thread
      Initiator: 101 dmi based transaction for gp_ptr of 0x2038f0 returned a delay of 15 ns

Info: lt_dmi_initiator.cpp: 290 ns - initiator_thread
      Initiator: 102 b_transport(0x2039a0 , 0 s);

Info: dmi_memory.cpp: 290 ns - address_is_dmi
      Initiator:102 gp with address 0x2039a0 has an address for dmi 

Info: dmi_memory.cpp: 290 ns - address_is_dmi
      Initiator:102 gp with address 0x2039a0 has an address for dmi 

Info: dmi_memory.cpp: 290 ns - print
      ID: 102 COMMAND: WRITE Length: 04
      Addr: 0x0000000000000038 Data: 0x00000038

Info: lt_dmi_initiator.cpp: 290 ns - initiator_thread
      Initiator: 102 dmi based transaction for gp_ptr of 0x2039a0 returned a delay of 15 ns

Info: lt_dmi_initiator.cpp: 305 ns - initiator_thread
      Initiator: 101 End of processing for gp_ptr 0x2038f0

Info: lt_dmi_initiator.cpp: 305 ns - initiator_thread
      Initiator: 102 End of processing for gp_ptr 0x2039a0

Info: lt_dmi_initiator.cpp: 305 ns - initiator_thread
      Initiator: 101 b_transport(0x2038f0 , 0 s);

Info: dmi_memory.cpp: 305 ns - address_is_dmi
      Initiator:101 gp with address 0x2038f0 has an address for dmi 

Info: dmi_memory.cpp: 305 ns - address_is_dmi
      Initiator:101 gp with address 0x2038f0 has an address for dmi 

Info: dmi_memory.cpp: 305 ns - print
      ID: 101 COMMAND: WRITE Length: 04
      Addr: 0x000000000000003C Data: 0x0000003C

Info: lt_dmi_initiator.cpp: 305 ns - initiator_thread
      Initiator: 101 dmi based transaction for gp_ptr of 0x2038f0 returned a delay of 15 ns

Info: lt_dmi_initiator.cpp: 305 ns - initiator_thread
      Initiator: 102 b_transport(0x2039a0 , 0 s);

Info: dmi_memory.cpp: 305 ns - address_is_dmi
      Initiator:102 gp with address 0x2039a0 has an address for dmi 

Info: dmi_memory.cpp: 305 ns - address_is_dmi
      Initiator:102 gp with address 0x2039a0 has an address for dmi 

Info: dmi_memory.cpp: 305 ns - print
      ID: 102 COMMAND: WRITE Length: 04
      Addr: 0x000000000000003C Data: 0x0000003C

Info: lt_dmi_initiator.cpp: 305 ns - initiator_thread
      Initiator: 102 dmi based transaction for gp_ptr of 0x2039a0 returned a delay of 15 ns

Info: lt_dmi_initiator.cpp: 320 ns - initiator_thread
      Initiator: 101 End of processing for gp_ptr 0x2038f0

Info: lt_dmi_initiator.cpp: 320 ns - initiator_thread
      Initiator: 102 End of processing for gp_ptr 0x2039a0

Info: lt_dmi_initiator.cpp: 320 ns - initiator_thread
      Initiator: 101 b_transport(0x2038f0 , 0 s);

Info: dmi_memory.cpp: 320 ns - address_is_dmi
      Initiator:101 gp with address 0x2038f0 has an address for dmi 

Info: dmi_memory.cpp: 320 ns - address_is_dmi
      Initiator:101 gp with address 0x2038f0 has an address for dmi 

Info: dmi_memory.cpp: 320 ns - print
      ID: 101 COMMAND: READ Length: 04
      Addr: 0x0000000000000000 Data: 0x00000000

Info: lt_dmi_initiator.cpp: 320 ns - initiator_thread
      Initiator: 101 dmi based transaction for gp_ptr of 0x2038f0 returned a delay of 20 ns

Info: lt_dmi_initiator.cpp: 320 ns - initiator_thread
      Initiator: 102 b_transport(0x2039a0 , 0 s);

Info: dmi_memory.cpp: 320 ns - address_is_dmi
      Initiator:102 gp with address 0x2039a0 has an address for dmi 

Info: dmi_memory.cpp: 320 ns - address_is_dmi
      Initiator:102 gp with address 0x2039a0 has an address for dmi 

Info: dmi_memory.cpp: 320 ns - print
      ID: 102 COMMAND: READ Length: 04
      Addr: 0x0000000000000000 Data: 0x00000000

Info: lt_dmi_initiator.cpp: 320 ns - initiator_thread
      Initiator: 102 dmi based transaction for gp_ptr of 0x2039a0 returned a delay of 20 ns

Info: lt_dmi_initiator.cpp: 340 ns - initiator_thread
      Initiator: 101 End of processing for gp_ptr 0x2038f0

Info: lt_dmi_initiator.cpp: 340 ns - initiator_thread
      Initiator: 102 End of processing for gp_ptr 0x2039a0

Info: lt_dmi_initiator.cpp: 340 ns - initiator_thread
      Initiator: 101 b_transport(0x2038f0 , 0 s);

Info: dmi_memory.cpp: 340 ns - address_is_dmi
      Initiator:101 gp with address 0x2038f0 has an address for dmi 

Info: dmi_memory.cpp: 340 ns - address_is_dmi
      Initiator:101 gp with address 0x2038f0 has an address for dmi 

Info: dmi_memory.cpp: 340 ns - print
      ID: 101 COMMAND: READ Length: 04
      Addr: 0x0000000000000004 Data: 0x00000004

Info: lt_dmi_initiator.cpp: 340 ns - initiator_thread
      Initiator: 101 dmi based transaction for gp_ptr of 0x2038f0 returned a delay of 20 ns

Info: lt_dmi_initiator.cpp: 340 ns - initiator_thread
      Initiator: 102 b_transport(0x2039a0 , 0 s);

Info: dmi_memory.cpp: 340 ns - address_is_dmi
      Initiator:102 gp with address 0x2039a0 has an address for dmi 

Info: dmi_memory.cpp: 340 ns - address_is_dmi
      Initiator:102 gp with address 0x2039a0 has an address for dmi 

Info: dmi_memory.cpp: 340 ns - print
      ID: 102 COMMAND: READ Length: 04
      Addr: 0x0000000000000004 Data: 0x00000004

Info: lt_dmi_initiator.cpp: 340 ns - initiator_thread
      Initiator: 102 dmi based transaction for gp_ptr of 0x2039a0 returned a delay of 20 ns

Info: lt_dmi_initiator.cpp: 360 ns - initiator_thread
      Initiator: 101 End of processing for gp_ptr 0x2038f0

Info: lt_dmi_initiator.cpp: 360 ns - initiator_thread
      Initiator: 102 End of processing for gp_ptr 0x2039a0

Info: lt_dmi_initiator.cpp: 360 ns - initiator_thread
      Initiator: 101 b_transport(0x2038f0 , 0 s);

Info: dmi_memory.cpp: 360 ns - address_is_dmi
      Initiator:101 gp with address 0x2038f0 has an address for dmi 

Info: dmi_memory.cpp: 360 ns - address_is_dmi
      Initiator:101 gp with address 0x2038f0 has an address for dmi 

Info: dmi_memory.cpp: 360 ns - print
      ID: 101 COMMAND: READ Length: 04
      Addr: 0x0000000000000008 Data: 0x00000008

Info: lt_dmi_initiator.cpp: 360 ns - initiator_thread
      Initiator: 101 dmi based transaction for gp_ptr of 0x2038f0 returned a delay of 20 ns

Info: lt_dmi_initiator.cpp: 360 ns - initiator_thread
      Initiator: 102 b_transport(0x2039a0 , 0 s);

Info: dmi_memory.cpp: 360 ns - address_is_dmi
      Initiator:102 gp with address 0x2039a0 has an address for dmi 

Info: dmi_memory.cpp: 360 ns - address_is_dmi
      Initiator:102 gp with address 0x2039a0 has an address for dmi 

Info: dmi_memory.cpp: 360 ns - print
      ID: 102 COMMAND: READ Length: 04
      Addr: 0x0000000000000008 Data: 0x00000008

Info: lt_dmi_initiator.cpp: 360 ns - initiator_thread
      Initiator: 102 dmi based transaction for gp_ptr of 0x2039a0 returned a delay of 20 ns

Info: lt_dmi_initiator.cpp: 380 ns - initiator_thread
      Initiator: 101 End of processing for gp_ptr 0x2038f0

Info: lt_dmi_initiator.cpp: 380 ns - initiator_thread
      Initiator: 102 End of processing for gp_ptr 0x2039a0

Info: lt_dmi_initiator.cpp: 380 ns - initiator_thread
      Initiator: 101 b_transport(0x2038f0 , 0 s);

Info: dmi_memory.cpp: 380 ns - address_is_dmi
      Initiator:101 gp with address 0x2038f0 has an address for dmi 

Info: dmi_memory.cpp: 380 ns - address_is_dmi
      Initiator:101 gp with address 0x2038f0 has an address for dmi 

Info: dmi_memory.cpp: 380 ns - print
      ID: 101 COMMAND: READ Length: 04
      Addr: 0x000000000000000C Data: 0x0000000C

Info: lt_dmi_initiator.cpp: 380 ns - initiator_thread
      Initiator: 101 dmi based transaction for gp_ptr of 0x2038f0 returned a delay of 20 ns

Info: lt_dmi_initiator.cpp: 380 ns - initiator_thread
      Initiator: 102 b_transport(0x2039a0 , 0 s);

Info: dmi_memory.cpp: 380 ns - address_is_dmi
      Initiator:102 gp with address 0x2039a0 has an address for dmi 

Info: dmi_memory.cpp: 380 ns - address_is_dmi
      Initiator:102 gp with address 0x2039a0 has an address for dmi 

Info: dmi_memory.cpp: 380 ns - print
      ID: 102 COMMAND: READ Length: 04
      Addr: 0x000000000000000C Data: 0x0000000C

Info: lt_dmi_initiator.cpp: 380 ns - initiator_thread
      Initiator: 102 dmi based transaction for gp_ptr of 0x2039a0 returned a delay of 20 ns

Info: lt_dmi_initiator.cpp: 400 ns - initiator_thread
      Initiator: 101 End of processing for gp_ptr 0x2038f0

Info: lt_dmi_initiator.cpp: 400 ns - initiator_thread
      Initiator: 102 End of processing for gp_ptr 0x2039a0

Info: lt_dmi_initiator.cpp: 400 ns - initiator_thread
      Initiator: 101 b_transport(0x2038f0 , 0 s);

Info: dmi_memory.cpp: 400 ns - address_is_dmi
      Initiator:101 gp with address 0x2038f0 has an address for dmi 

Info: dmi_memory.cpp: 400 ns - address_is_dmi
      Initiator:101 gp with address 0x2038f0 has an address for dmi 

Info: dmi_memory.cpp: 400 ns - print
      ID: 101 COMMAND: READ Length: 04
      Addr: 0x0000000000000010 Data: 0x00000010

Info: lt_dmi_initiator.cpp: 400 ns - initiator_thread
      Initiator: 101 dmi based transaction for gp_ptr of 0x2038f0 returned a delay of 20 ns

Info: lt_dmi_initiator.cpp: 400 ns - initiator_thread
      Initiator: 102 b_transport(0x2039a0 , 0 s);

Info: dmi_memory.cpp: 400 ns - address_is_dmi
      Initiator:102 gp with address 0x2039a0 has an address for dmi 

Info: dmi_memory.cpp: 400 ns - address_is_dmi
      Initiator:102 gp with address 0x2039a0 has an address for dmi 

Info: dmi_memory.cpp: 400 ns - print
      ID: 102 COMMAND: READ Length: 04
      Addr: 0x0000000000000010 Data: 0x00000010

Info: lt_dmi_initiator.cpp: 400 ns - initiator_thread
      Initiator: 102 dmi based transaction for gp_ptr of 0x2039a0 returned a delay of 20 ns

Info: lt_dmi_initiator.cpp: 420 ns - initiator_thread
      Initiator: 101 End of processing for gp_ptr 0x2038f0

Info: lt_dmi_initiator.cpp: 420 ns - initiator_thread
      Initiator: 102 End of processing for gp_ptr 0x2039a0

Info: lt_dmi_initiator.cpp: 420 ns - initiator_thread
      Initiator: 101 b_transport(0x2038f0 , 0 s);

Info: dmi_memory.cpp: 420 ns - address_is_dmi
      Initiator:101 gp with address 0x2038f0 has an address for dmi 

Info: dmi_memory.cpp: 420 ns - address_is_dmi
      Initiator:101 gp with address 0x2038f0 has an address for dmi 

Info: dmi_memory.cpp: 420 ns - print
      ID: 101 COMMAND: READ Length: 04
      Addr: 0x0000000000000014 Data: 0x00000014

Info: lt_dmi_initiator.cpp: 420 ns - initiator_thread
      Initiator: 101 dmi based transaction for gp_ptr of 0x2038f0 returned a delay of 20 ns

Info: lt_dmi_initiator.cpp: 420 ns - initiator_thread
      Initiator: 102 b_transport(0x2039a0 , 0 s);

Info: dmi_memory.cpp: 420 ns - address_is_dmi
      Initiator:102 gp with address 0x2039a0 has an address for dmi 

Info: dmi_memory.cpp: 420 ns - address_is_dmi
      Initiator:102 gp with address 0x2039a0 has an address for dmi 

Info: dmi_memory.cpp: 420 ns - print
      ID: 102 COMMAND: READ Length: 04
      Addr: 0x0000000000000014 Data: 0x00000014

Info: lt_dmi_initiator.cpp: 420 ns - initiator_thread
      Initiator: 102 dmi based transaction for gp_ptr of 0x2039a0 returned a delay of 20 ns

Info: lt_dmi_initiator.cpp: 440 ns - initiator_thread
      Initiator: 101 End of processing for gp_ptr 0x2038f0

Info: lt_dmi_initiator.cpp: 440 ns - initiator_thread
      Initiator: 102 End of processing for gp_ptr 0x2039a0

Info: lt_dmi_initiator.cpp: 440 ns - initiator_thread
      Initiator: 101 b_transport(0x2038f0 , 0 s);

Info: dmi_memory.cpp: 440 ns - address_is_dmi
      Initiator:101 gp with address 0x2038f0 has an address for dmi 

Info: dmi_memory.cpp: 440 ns - address_is_dmi
      Initiator:101 gp with address 0x2038f0 has an address for dmi 

Info: dmi_memory.cpp: 440 ns - print
      ID: 101 COMMAND: READ Length: 04
      Addr: 0x0000000000000018 Data: 0x00000018

Info: lt_dmi_initiator.cpp: 440 ns - initiator_thread
      Initiator: 101 dmi based transaction for gp_ptr of 0x2038f0 returned a delay of 20 ns

Info: lt_dmi_initiator.cpp: 440 ns - initiator_thread
      Initiator: 102 b_transport(0x2039a0 , 0 s);

Info: dmi_memory.cpp: 440 ns - address_is_dmi
      Initiator:102 gp with address 0x2039a0 has an address for dmi 

Info: dmi_memory.cpp: 440 ns - address_is_dmi
      Initiator:102 gp with address 0x2039a0 has an address for dmi 

Info: dmi_memory.cpp: 440 ns - print
      ID: 102 COMMAND: READ Length: 04
      Addr: 0x0000000000000018 Data: 0x00000018

Info: lt_dmi_initiator.cpp: 440 ns - initiator_thread
      Initiator: 102 dmi based transaction for gp_ptr of 0x2039a0 returned a delay of 20 ns

Info: lt_dmi_initiator.cpp: 460 ns - initiator_thread
      Initiator: 101 End of processing for gp_ptr 0x2038f0

Info: lt_dmi_initiator.cpp: 460 ns - initiator_thread
      Initiator: 102 End of processing for gp_ptr 0x2039a0

Info: lt_dmi_initiator.cpp: 460 ns - initiator_thread
      Initiator: 101 b_transport(0x2038f0 , 0 s);

Info: dmi_memory.cpp: 460 ns - address_is_dmi
      Initiator:101 gp with address 0x2038f0 has an address for dmi 

Info: dmi_memory.cpp: 460 ns - address_is_dmi
      Initiator:101 gp with address 0x2038f0 has an address for dmi 

Info: dmi_memory.cpp: 460 ns - print
      ID: 101 COMMAND: READ Length: 04
      Addr: 0x000000000000001C Data: 0x0000001C

Info: lt_dmi_initiator.cpp: 460 ns - initiator_thread
      Initiator: 101 dmi based transaction for gp_ptr of 0x2038f0 returned a delay of 20 ns

Info: lt_dmi_initiator.cpp: 460 ns - initiator_thread
      Initiator: 102 b_transport(0x2039a0 , 0 s);

Info: dmi_memory.cpp: 460 ns - address_is_dmi
      Initiator:102 gp with address 0x2039a0 has an address for dmi 

Info: dmi_memory.cpp: 460 ns - address_is_dmi
      Initiator:102 gp with address 0x2039a0 has an address for dmi 

Info: dmi_memory.cpp: 460 ns - print
      ID: 102 COMMAND: READ Length: 04
      Addr: 0x000000000000001C Data: 0x0000001C

Info: lt_dmi_initiator.cpp: 460 ns - initiator_thread
      Initiator: 102 dmi based transaction for gp_ptr of 0x2039a0 returned a delay of 20 ns

Info: lt_dmi_initiator.cpp: 480 ns - initiator_thread
      Initiator: 101 End of processing for gp_ptr 0x2038f0

Info: lt_dmi_initiator.cpp: 480 ns - initiator_thread
      Initiator: 102 End of processing for gp_ptr 0x2039a0

Info: lt_dmi_initiator.cpp: 480 ns - initiator_thread
      Initiator: 101 b_transport(0x2038f0 , 0 s);

Info: dmi_memory.cpp: 480 ns - address_is_dmi
      Initiator:101 gp with address 0x2038f0 has an address for dmi 

Info: dmi_memory.cpp: 480 ns - address_is_dmi
      Initiator:101 gp with address 0x2038f0 has an address for dmi 

Info: dmi_memory.cpp: 480 ns - print
      ID: 101 COMMAND: READ Length: 04
      Addr: 0x0000000000000020 Data: 0x00000020

Info: lt_dmi_initiator.cpp: 480 ns - initiator_thread
      Initiator: 101 dmi based transaction for gp_ptr of 0x2038f0 returned a delay of 20 ns

Info: lt_dmi_initiator.cpp: 480 ns - initiator_thread
      Initiator: 102 b_transport(0x2039a0 , 0 s);

Info: dmi_memory.cpp: 480 ns - address_is_dmi
      Initiator:102 gp with address 0x2039a0 has an address for dmi 

Info: dmi_memory.cpp: 480 ns - address_is_dmi
      Initiator:102 gp with address 0x2039a0 has an address for dmi 

Info: dmi_memory.cpp: 480 ns - print
      ID: 102 COMMAND: READ Length: 04
      Addr: 0x0000000000000020 Data: 0x00000020

Info: lt_dmi_initiator.cpp: 480 ns - initiator_thread
      Initiator: 102 dmi based transaction for gp_ptr of 0x2039a0 returned a delay of 20 ns

Info: lt_dmi_initiator.cpp: 500 ns - initiator_thread
      Initiator: 101 End of processing for gp_ptr 0x2038f0

Info: lt_dmi_initiator.cpp: 500 ns - initiator_thread
      Initiator: 102 End of processing for gp_ptr 0x2039a0

Info: lt_dmi_initiator.cpp: 500 ns - initiator_thread
      Initiator: 101 b_transport(0x2038f0 , 0 s);

Info: dmi_memory.cpp: 500 ns - address_is_dmi
      Initiator:101 gp with address 0x2038f0 has an address for dmi 

Info: dmi_memory.cpp: 500 ns - address_is_dmi
      Initiator:101 gp with address 0x2038f0 has an address for dmi 

Info: dmi_memory.cpp: 500 ns - print
      ID: 101 COMMAND: READ Length: 04
      Addr: 0x0000000000000024 Data: 0x00000024

Info: lt_dmi_initiator.cpp: 500 ns - initiator_thread
      Initiator: 101 dmi based transaction for gp_ptr of 0x2038f0 returned a delay of 20 ns

Info: lt_dmi_initiator.cpp: 500 ns - initiator_thread
      Initiator: 102 b_transport(0x2039a0 , 0 s);

Info: dmi_memory.cpp: 500 ns - address_is_dmi
      Initiator:102 gp with address 0x2039a0 has an address for dmi 

Info: dmi_memory.cpp: 500 ns - address_is_dmi
      Initiator:102 gp with address 0x2039a0 has an address for dmi 

Info: dmi_memory.cpp: 500 ns - print
      ID: 102 COMMAND: READ Length: 04
      Addr: 0x0000000000000024 Data: 0x00000024

Info: lt_dmi_initiator.cpp: 500 ns - initiator_thread
      Initiator: 102 dmi based transaction for gp_ptr of 0x2039a0 returned a delay of 20 ns

Info: lt_dmi_initiator.cpp: 520 ns - initiator_thread
      Initiator: 101 End of processing for gp_ptr 0x2038f0

Info: lt_dmi_initiator.cpp: 520 ns - initiator_thread
      Initiator: 102 End of processing for gp_ptr 0x2039a0

Info: lt_dmi_initiator.cpp: 520 ns - initiator_thread
      Initiator: 101 b_transport(0x2038f0 , 0 s);

Info: dmi_memory.cpp: 520 ns - address_is_dmi
      Initiator:101 gp with address 0x2038f0 has an address for dmi 

Info: dmi_memory.cpp: 520 ns - address_is_dmi
      Initiator:101 gp with address 0x2038f0 has an address for dmi 

Info: dmi_memory.cpp: 520 ns - print
      ID: 101 COMMAND: READ Length: 04
      Addr: 0x0000000000000028 Data: 0x00000028

Info: lt_dmi_initiator.cpp: 520 ns - initiator_thread
      Initiator: 101 dmi based transaction for gp_ptr of 0x2038f0 returned a delay of 20 ns

Info: lt_dmi_initiator.cpp: 520 ns - initiator_thread
      Initiator: 102 b_transport(0x2039a0 , 0 s);

Info: dmi_memory.cpp: 520 ns - address_is_dmi
      Initiator:102 gp with address 0x2039a0 has an address for dmi 

Info: dmi_memory.cpp: 520 ns - address_is_dmi
      Initiator:102 gp with address 0x2039a0 has an address for dmi 

Info: dmi_memory.cpp: 520 ns - print
      ID: 102 COMMAND: READ Length: 04
      Addr: 0x0000000000000028 Data: 0x00000028

Info: lt_dmi_initiator.cpp: 520 ns - initiator_thread
      Initiator: 102 dmi based transaction for gp_ptr of 0x2039a0 returned a delay of 20 ns

Info: lt_dmi_initiator.cpp: 540 ns - initiator_thread
      Initiator: 101 End of processing for gp_ptr 0x2038f0

Info: lt_dmi_initiator.cpp: 540 ns - initiator_thread
      Initiator: 102 End of processing for gp_ptr 0x2039a0

Info: lt_dmi_initiator.cpp: 540 ns - initiator_thread
      Initiator: 101 b_transport(0x2038f0 , 0 s);

Info: dmi_memory.cpp: 540 ns - address_is_dmi
      Initiator:101 gp with address 0x2038f0 has an address for dmi 

Info: dmi_memory.cpp: 540 ns - address_is_dmi
      Initiator:101 gp with address 0x2038f0 has an address for dmi 

Info: dmi_memory.cpp: 540 ns - print
      ID: 101 COMMAND: READ Length: 04
      Addr: 0x000000000000002C Data: 0x0000002C

Info: lt_dmi_initiator.cpp: 540 ns - initiator_thread
      Initiator: 101 dmi based transaction for gp_ptr of 0x2038f0 returned a delay of 20 ns

Info: lt_dmi_initiator.cpp: 540 ns - initiator_thread
      Initiator: 102 b_transport(0x2039a0 , 0 s);

Info: dmi_memory.cpp: 540 ns - address_is_dmi
      Initiator:102 gp with address 0x2039a0 has an address for dmi 

Info: dmi_memory.cpp: 540 ns - address_is_dmi
      Initiator:102 gp with address 0x2039a0 has an address for dmi 

Info: dmi_memory.cpp: 540 ns - print
      ID: 102 COMMAND: READ Length: 04
      Addr: 0x000000000000002C Data: 0x0000002C

Info: lt_dmi_initiator.cpp: 540 ns - initiator_thread
      Initiator: 102 dmi based transaction for gp_ptr of 0x2039a0 returned a delay of 20 ns

Info: lt_dmi_initiator.cpp: 560 ns - initiator_thread
      Initiator: 101 End of processing for gp_ptr 0x2038f0

Info: lt_dmi_initiator.cpp: 560 ns - initiator_thread
      Initiator: 102 End of processing for gp_ptr 0x2039a0

Info: lt_dmi_initiator.cpp: 560 ns - initiator_thread
      Initiator: 101 b_transport(0x2038f0 , 0 s);

Info: dmi_memory.cpp: 560 ns - address_is_dmi
      Initiator:101 gp with address 0x2038f0 has an address for dmi 

Info: dmi_memory.cpp: 560 ns - address_is_dmi
      Initiator:101 gp with address 0x2038f0 has an address for dmi 

Info: dmi_memory.cpp: 560 ns - print
      ID: 101 COMMAND: READ Length: 04
      Addr: 0x0000000000000030 Data: 0x00000030

Info: lt_dmi_initiator.cpp: 560 ns - initiator_thread
      Initiator: 101 dmi based transaction for gp_ptr of 0x2038f0 returned a delay of 20 ns

Info: lt_dmi_initiator.cpp: 560 ns - initiator_thread
      Initiator: 102 b_transport(0x2039a0 , 0 s);

Info: dmi_memory.cpp: 560 ns - address_is_dmi
      Initiator:102 gp with address 0x2039a0 has an address for dmi 

Info: dmi_memory.cpp: 560 ns - address_is_dmi
      Initiator:102 gp with address 0x2039a0 has an address for dmi 

Info: dmi_memory.cpp: 560 ns - print
      ID: 102 COMMAND: READ Length: 04
      Addr: 0x0000000000000030 Data: 0x00000030

Info: lt_dmi_initiator.cpp: 560 ns - initiator_thread
      Initiator: 102 dmi based transaction for gp_ptr of 0x2039a0 returned a delay of 20 ns

Info: lt_dmi_initiator.cpp: 580 ns - initiator_thread
      Initiator: 101 End of processing for gp_ptr 0x2038f0

Info: lt_dmi_initiator.cpp: 580 ns - initiator_thread
      Initiator: 102 End of processing for gp_ptr 0x2039a0

Info: lt_dmi_initiator.cpp: 580 ns - initiator_thread
      Initiator: 101 b_transport(0x2038f0 , 0 s);

Info: dmi_memory.cpp: 580 ns - address_is_dmi
      Initiator:101 gp with address 0x2038f0 has an address for dmi 

Info: dmi_memory.cpp: 580 ns - address_is_dmi
      Initiator:101 gp with address 0x2038f0 has an address for dmi 

Info: dmi_memory.cpp: 580 ns - print
      ID: 101 COMMAND: READ Length: 04
      Addr: 0x0000000000000034 Data: 0x00000034

Info: lt_dmi_initiator.cpp: 580 ns - initiator_thread
      Initiator: 101 dmi based transaction for gp_ptr of 0x2038f0 returned a delay of 20 ns

Info: lt_dmi_initiator.cpp: 580 ns - initiator_thread
      Initiator: 102 b_transport(0x2039a0 , 0 s);

Info: dmi_memory.cpp: 580 ns - address_is_dmi
      Initiator:102 gp with address 0x2039a0 has an address for dmi 

Info: dmi_memory.cpp: 580 ns - address_is_dmi
      Initiator:102 gp with address 0x2039a0 has an address for dmi 

Info: dmi_memory.cpp: 580 ns - print
      ID: 102 COMMAND: READ Length: 04
      Addr: 0x0000000000000034 Data: 0x00000034

Info: lt_dmi_initiator.cpp: 580 ns - initiator_thread
      Initiator: 102 dmi based transaction for gp_ptr of 0x2039a0 returned a delay of 20 ns

Info: lt_dmi_target.cpp: 600 ns - toggle_dmi_method
      Target: 201 invalidate_direct_ptr(0 , 4096 );


Info: dmi_memory.cpp: 600 ns - invalidate_dmi_ptr
      Initiator:101 DMI Pointer Invalidated  for (0 , 4096)

Info: dmi_memory.cpp: 600 ns - invalidate_dmi_ptr
      Initiator:102 DMI Pointer Invalidated  for (0 , 4096)

Info: lt_dmi_target.cpp: 600 ns - toggle_dmi_method
      Target: 202 invalidate_direct_ptr(0 , 4096 );


Info: dmi_memory.cpp: 600 ns - invalidate_dmi_ptr
      Initiator:101 DMI Pointer Not Invalidated  for (268435456 , 268439552)

Info: dmi_memory.cpp: 600 ns - invalidate_dmi_ptr
      Initiator:102 DMI Pointer Not Invalidated  for (268435456 , 268439552)

Info: lt_dmi_initiator.cpp: 600 ns - initiator_thread
      Initiator: 102 End of processing for gp_ptr 0x2039a0

Info: lt_dmi_initiator.cpp: 600 ns - initiator_thread
      Initiator: 101 End of processing for gp_ptr 0x2038f0

Info: lt_dmi_initiator.cpp: 600 ns - initiator_thread
      Initiator: 102 b_transport(0x2039a0 , 0 s);

Info: memory.cpp: 600 ns - print
      ID: 201 COMMAND: READ Length: 04
      Addr: 0x0000000000000038 Data: 0x00000038

Info: lt_dmi_target.cpp: 600 ns - custom_b_transport
      Target: 201 *gp = 0x2039a0
      Target: 201 returned delay of 0 s + 20 ns + 20 ns = 40 ns

Info: lt_dmi_initiator.cpp: 600 ns - initiator_thread
      Initiator: 102 b_transport of gp_tpr 0x2039a0 returned a delay of 40 ns

Info: lt_dmi_initiator.cpp: 600 ns - initiator_thread
      Initiator: 101 b_transport(0x2038f0 , 0 s);

Info: memory.cpp: 600 ns - print
      ID: 201 COMMAND: READ Length: 04
      Addr: 0x0000000000000038 Data: 0x00000038

Info: lt_dmi_target.cpp: 600 ns - custom_b_transport
      Target: 201 *gp = 0x2038f0
      Target: 201 returned delay of 0 s + 20 ns + 20 ns = 40 ns

Info: lt_dmi_initiator.cpp: 600 ns - initiator_thread
      Initiator: 101 b_transport of gp_tpr 0x2038f0 returned a delay of 40 ns

Info: lt_dmi_initiator.cpp: 640 ns - initiator_thread
      Initiator: 102 gp_tpr of 0x2039a0 was returned with dmi_allowed set to 0

Info: lt_dmi_initiator.cpp: 640 ns - initiator_thread
      Initiator: 102 End of processing for gp_ptr 0x2039a0

Info: lt_dmi_initiator.cpp: 640 ns - initiator_thread
      Initiator: 101 gp_tpr of 0x2038f0 was returned with dmi_allowed set to 0

Info: lt_dmi_initiator.cpp: 640 ns - initiator_thread
      Initiator: 101 End of processing for gp_ptr 0x2038f0

Info: lt_dmi_initiator.cpp: 640 ns - initiator_thread
      Initiator: 102 b_transport(0x2039a0 , 0 s);

Info: memory.cpp: 640 ns - print
      ID: 201 COMMAND: READ Length: 04
      Addr: 0x000000000000003C Data: 0x0000003C

Info: lt_dmi_target.cpp: 640 ns - custom_b_transport
      Target: 201 *gp = 0x2039a0
      Target: 201 returned delay of 0 s + 20 ns + 20 ns = 40 ns

Info: lt_dmi_initiator.cpp: 640 ns - initiator_thread
      Initiator: 102 b_transport of gp_tpr 0x2039a0 returned a delay of 40 ns

Info: lt_dmi_initiator.cpp: 640 ns - initiator_thread
      Initiator: 101 b_transport(0x2038f0 , 0 s);

Info: memory.cpp: 640 ns - print
      ID: 201 COMMAND: READ Length: 04
      Addr: 0x000000000000003C Data: 0x0000003C

Info: lt_dmi_target.cpp: 640 ns - custom_b_transport
      Target: 201 *gp = 0x2038f0
      Target: 201 returned delay of 0 s + 20 ns + 20 ns = 40 ns

Info: lt_dmi_initiator.cpp: 640 ns - initiator_thread
      Initiator: 101 b_transport of gp_tpr 0x2038f0 returned a delay of 40 ns

Info: lt_dmi_initiator.cpp: 680 ns - initiator_thread
      Initiator: 102 gp_tpr of 0x2039a0 was returned with dmi_allowed set to 0

Info: lt_dmi_initiator.cpp: 680 ns - initiator_thread
      Initiator: 102 End of processing for gp_ptr 0x2039a0

Info: lt_dmi_initiator.cpp: 680 ns - initiator_thread
      Initiator: 101 gp_tpr of 0x2038f0 was returned with dmi_allowed set to 0

Info: lt_dmi_initiator.cpp: 680 ns - initiator_thread
      Initiator: 101 End of processing for gp_ptr 0x2038f0

Info: lt_dmi_initiator.cpp: 680 ns - initiator_thread
      Initiator: 102 b_transport(0x2039a0 , 0 s);

Info: memory.cpp: 680 ns - print
      ID: 202 COMMAND: WRITE Length: 04
      Addr: 0x0000000000000000 Data: 0xEFFFFFFF

Info: lt_dmi_target.cpp: 680 ns - custom_b_transport
      Target: 202 *gp = 0x2039a0
      Target: 202 returned delay of 0 s + 20 ns + 30 ns = 50 ns

Info: lt_dmi_initiator.cpp: 680 ns - initiator_thread
      Initiator: 102 b_transport of gp_tpr 0x2039a0 returned a delay of 50 ns

Info: lt_dmi_initiator.cpp: 680 ns - initiator_thread
      Initiator: 101 b_transport(0x2038f0 , 0 s);

Info: memory.cpp: 680 ns - print
      ID: 202 COMMAND: WRITE Length: 04
      Addr: 0x0000000000000000 Data: 0xEFFFFFFF

Info: lt_dmi_target.cpp: 680 ns - custom_b_transport
      Target: 202 *gp = 0x2038f0
      Target: 202 returned delay of 0 s + 20 ns + 30 ns = 50 ns

Info: lt_dmi_initiator.cpp: 680 ns - initiator_thread
      Initiator: 101 b_transport of gp_tpr 0x2038f0 returned a delay of 50 ns

Info: lt_dmi_initiator.cpp: 730 ns - initiator_thread
      Initiator: 102 gp_tpr of 0x2039a0 was returned with dmi_allowed set to 0

Info: lt_dmi_initiator.cpp: 730 ns - initiator_thread
      Initiator: 102 End of processing for gp_ptr 0x2039a0

Info: lt_dmi_initiator.cpp: 730 ns - initiator_thread
      Initiator: 101 gp_tpr of 0x2038f0 was returned with dmi_allowed set to 0

Info: lt_dmi_initiator.cpp: 730 ns - initiator_thread
      Initiator: 101 End of processing for gp_ptr 0x2038f0

Info: lt_dmi_initiator.cpp: 730 ns - initiator_thread
      Initiator: 102 b_transport(0x2039a0 , 0 s);

Info: memory.cpp: 730 ns - print
      ID: 202 COMMAND: WRITE Length: 04
      Addr: 0x0000000000000004 Data: 0xEFFFFFFB

Info: lt_dmi_target.cpp: 730 ns - custom_b_transport
      Target: 202 *gp = 0x2039a0
      Target: 202 returned delay of 0 s + 20 ns + 30 ns = 50 ns

Info: lt_dmi_initiator.cpp: 730 ns - initiator_thread
      Initiator: 102 b_transport of gp_tpr 0x2039a0 returned a delay of 50 ns

Info: lt_dmi_initiator.cpp: 730 ns - initiator_thread
      Initiator: 101 b_transport(0x2038f0 , 0 s);

Info: memory.cpp: 730 ns - print
      ID: 202 COMMAND: WRITE Length: 04
      Addr: 0x0000000000000004 Data: 0xEFFFFFFB

Info: lt_dmi_target.cpp: 730 ns - custom_b_transport
      Target: 202 *gp = 0x2038f0
      Target: 202 returned delay of 0 s + 20 ns + 30 ns = 50 ns

Info: lt_dmi_initiator.cpp: 730 ns - initiator_thread
      Initiator: 101 b_transport of gp_tpr 0x2038f0 returned a delay of 50 ns

Info: lt_dmi_initiator.cpp: 780 ns - initiator_thread
      Initiator: 102 gp_tpr of 0x2039a0 was returned with dmi_allowed set to 0

Info: lt_dmi_initiator.cpp: 780 ns - initiator_thread
      Initiator: 102 End of processing for gp_ptr 0x2039a0

Info: lt_dmi_initiator.cpp: 780 ns - initiator_thread
      Initiator: 101 gp_tpr of 0x2038f0 was returned with dmi_allowed set to 0

Info: lt_dmi_initiator.cpp: 780 ns - initiator_thread
      Initiator: 101 End of processing for gp_ptr 0x2038f0

Info: lt_dmi_initiator.cpp: 780 ns - initiator_thread
      Initiator: 102 b_transport(0x2039a0 , 0 s);

Info: memory.cpp: 780 ns - print
      ID: 202 COMMAND: WRITE Length: 04
      Addr: 0x0000000000000008 Data: 0xEFFFFFF7

Info: lt_dmi_target.cpp: 780 ns - custom_b_transport
      Target: 202 *gp = 0x2039a0
      Target: 202 returned delay of 0 s + 20 ns + 30 ns = 50 ns

Info: lt_dmi_initiator.cpp: 780 ns - initiator_thread
      Initiator: 102 b_transport of gp_tpr 0x2039a0 returned a delay of 50 ns

Info: lt_dmi_initiator.cpp: 780 ns - initiator_thread
      Initiator: 101 b_transport(0x2038f0 , 0 s);

Info: memory.cpp: 780 ns - print
      ID: 202 COMMAND: WRITE Length: 04
      Addr: 0x0000000000000008 Data: 0xEFFFFFF7

Info: lt_dmi_target.cpp: 780 ns - custom_b_transport
      Target: 202 *gp = 0x2038f0
      Target: 202 returned delay of 0 s + 20 ns + 30 ns = 50 ns

Info: lt_dmi_initiator.cpp: 780 ns - initiator_thread
      Initiator: 101 b_transport of gp_tpr 0x2038f0 returned a delay of 50 ns

Info: lt_dmi_initiator.cpp: 830 ns - initiator_thread
      Initiator: 102 gp_tpr of 0x2039a0 was returned with dmi_allowed set to 0

Info: lt_dmi_initiator.cpp: 830 ns - initiator_thread
      Initiator: 102 End of processing for gp_ptr 0x2039a0

Info: lt_dmi_initiator.cpp: 830 ns - initiator_thread
      Initiator: 101 gp_tpr of 0x2038f0 was returned with dmi_allowed set to 0

Info: lt_dmi_initiator.cpp: 830 ns - initiator_thread
      Initiator: 101 End of processing for gp_ptr 0x2038f0

Info: lt_dmi_initiator.cpp: 830 ns - initiator_thread
      Initiator: 102 b_transport(0x2039a0 , 0 s);

Info: memory.cpp: 830 ns - print
      ID: 202 COMMAND: WRITE Length: 04
      Addr: 0x000000000000000C Data: 0xEFFFFFF3

Info: lt_dmi_target.cpp: 830 ns - custom_b_transport
      Target: 202 *gp = 0x2039a0
      Target: 202 returned delay of 0 s + 20 ns + 30 ns = 50 ns

Info: lt_dmi_initiator.cpp: 830 ns - initiator_thread
      Initiator: 102 b_transport of gp_tpr 0x2039a0 returned a delay of 50 ns

Info: lt_dmi_initiator.cpp: 830 ns - initiator_thread
      Initiator: 101 b_transport(0x2038f0 , 0 s);

Info: memory.cpp: 830 ns - print
      ID: 202 COMMAND: WRITE Length: 04
      Addr: 0x000000000000000C Data: 0xEFFFFFF3

Info: lt_dmi_target.cpp: 830 ns - custom_b_transport
      Target: 202 *gp = 0x2038f0
      Target: 202 returned delay of 0 s + 20 ns + 30 ns = 50 ns

Info: lt_dmi_initiator.cpp: 830 ns - initiator_thread
      Initiator: 101 b_transport of gp_tpr 0x2038f0 returned a delay of 50 ns

Info: lt_dmi_initiator.cpp: 880 ns - initiator_thread
      Initiator: 102 gp_tpr of 0x2039a0 was returned with dmi_allowed set to 0

Info: lt_dmi_initiator.cpp: 880 ns - initiator_thread
      Initiator: 102 End of processing for gp_ptr 0x2039a0

Info: lt_dmi_initiator.cpp: 880 ns - initiator_thread
      Initiator: 101 gp_tpr of 0x2038f0 was returned with dmi_allowed set to 0

Info: lt_dmi_initiator.cpp: 880 ns - initiator_thread
      Initiator: 101 End of processing for gp_ptr 0x2038f0

Info: lt_dmi_initiator.cpp: 880 ns - initiator_thread
      Initiator: 102 b_transport(0x2039a0 , 0 s);

Info: memory.cpp: 880 ns - print
      ID: 202 COMMAND: WRITE Length: 04
      Addr: 0x0000000000000010 Data: 0xEFFFFFEF

Info: lt_dmi_target.cpp: 880 ns - custom_b_transport
      Target: 202 *gp = 0x2039a0
      Target: 202 returned delay of 0 s + 20 ns + 30 ns = 50 ns

Info: lt_dmi_initiator.cpp: 880 ns - initiator_thread
      Initiator: 102 b_transport of gp_tpr 0x2039a0 returned a delay of 50 ns

Info: lt_dmi_initiator.cpp: 880 ns - initiator_thread
      Initiator: 101 b_transport(0x2038f0 , 0 s);

Info: memory.cpp: 880 ns - print
      ID: 202 COMMAND: WRITE Length: 04
      Addr: 0x0000000000000010 Data: 0xEFFFFFEF

Info: lt_dmi_target.cpp: 880 ns - custom_b_transport
      Target: 202 *gp = 0x2038f0
      Target: 202 returned delay of 0 s + 20 ns + 30 ns = 50 ns

Info: lt_dmi_initiator.cpp: 880 ns - initiator_thread
      Initiator: 101 b_transport of gp_tpr 0x2038f0 returned a delay of 50 ns

Info: lt_dmi_initiator.cpp: 930 ns - initiator_thread
      Initiator: 102 gp_tpr of 0x2039a0 was returned with dmi_allowed set to 0

Info: lt_dmi_initiator.cpp: 930 ns - initiator_thread
      Initiator: 102 End of processing for gp_ptr 0x2039a0

Info: lt_dmi_initiator.cpp: 930 ns - initiator_thread
      Initiator: 101 gp_tpr of 0x2038f0 was returned with dmi_allowed set to 0

Info: lt_dmi_initiator.cpp: 930 ns - initiator_thread
      Initiator: 101 End of processing for gp_ptr 0x2038f0

Info: lt_dmi_initiator.cpp: 930 ns - initiator_thread
      Initiator: 102 b_transport(0x2039a0 , 0 s);

Info: memory.cpp: 930 ns - print
      ID: 202 COMMAND: WRITE Length: 04
      Addr: 0x0000000000000014 Data: 0xEFFFFFEB

Info: lt_dmi_target.cpp: 930 ns - custom_b_transport
      Target: 202 *gp = 0x2039a0
      Target: 202 returned delay of 0 s + 20 ns + 30 ns = 50 ns

Info: lt_dmi_initiator.cpp: 930 ns - initiator_thread
      Initiator: 102 b_transport of gp_tpr 0x2039a0 returned a delay of 50 ns

Info: lt_dmi_initiator.cpp: 930 ns - initiator_thread
      Initiator: 101 b_transport(0x2038f0 , 0 s);

Info: memory.cpp: 930 ns - print
      ID: 202 COMMAND: WRITE Length: 04
      Addr: 0x0000000000000014 Data: 0xEFFFFFEB

Info: lt_dmi_target.cpp: 930 ns - custom_b_transport
      Target: 202 *gp = 0x2038f0
      Target: 202 returned delay of 0 s + 20 ns + 30 ns = 50 ns

Info: lt_dmi_initiator.cpp: 930 ns - initiator_thread
      Initiator: 101 b_transport of gp_tpr 0x2038f0 returned a delay of 50 ns

Info: lt_dmi_initiator.cpp: 980 ns - initiator_thread
      Initiator: 102 gp_tpr of 0x2039a0 was returned with dmi_allowed set to 0

Info: lt_dmi_initiator.cpp: 980 ns - initiator_thread
      Initiator: 102 End of processing for gp_ptr 0x2039a0

Info: lt_dmi_initiator.cpp: 980 ns - initiator_thread
      Initiator: 101 gp_tpr of 0x2038f0 was returned with dmi_allowed set to 0

Info: lt_dmi_initiator.cpp: 980 ns - initiator_thread
      Initiator: 101 End of processing for gp_ptr 0x2038f0

Info: lt_dmi_initiator.cpp: 980 ns - initiator_thread
      Initiator: 102 b_transport(0x2039a0 , 0 s);

Info: memory.cpp: 980 ns - print
      ID: 202 COMMAND: WRITE Length: 04
      Addr: 0x0000000000000018 Data: 0xEFFFFFE7

Info: lt_dmi_target.cpp: 980 ns - custom_b_transport
      Target: 202 *gp = 0x2039a0
      Target: 202 returned delay of 0 s + 20 ns + 30 ns = 50 ns

Info: lt_dmi_initiator.cpp: 980 ns - initiator_thread
      Initiator: 102 b_transport of gp_tpr 0x2039a0 returned a delay of 50 ns

Info: lt_dmi_initiator.cpp: 980 ns - initiator_thread
      Initiator: 101 b_transport(0x2038f0 , 0 s);

Info: memory.cpp: 980 ns - print
      ID: 202 COMMAND: WRITE Length: 04
      Addr: 0x0000000000000018 Data: 0xEFFFFFE7

Info: lt_dmi_target.cpp: 980 ns - custom_b_transport
      Target: 202 *gp = 0x2038f0
      Target: 202 returned delay of 0 s + 20 ns + 30 ns = 50 ns

Info: lt_dmi_initiator.cpp: 980 ns - initiator_thread
      Initiator: 101 b_transport of gp_tpr 0x2038f0 returned a delay of 50 ns

Info: lt_dmi_initiator.cpp: 1030 ns - initiator_thread
      Initiator: 102 gp_tpr of 0x2039a0 was returned with dmi_allowed set to 0

Info: lt_dmi_initiator.cpp: 1030 ns - initiator_thread
      Initiator: 102 End of processing for gp_ptr 0x2039a0

Info: lt_dmi_initiator.cpp: 1030 ns - initiator_thread
      Initiator: 101 gp_tpr of 0x2038f0 was returned with dmi_allowed set to 0

Info: lt_dmi_initiator.cpp: 1030 ns - initiator_thread
      Initiator: 101 End of processing for gp_ptr 0x2038f0

Info: lt_dmi_initiator.cpp: 1030 ns - initiator_thread
      Initiator: 102 b_transport(0x2039a0 , 0 s);

Info: memory.cpp: 1030 ns - print
      ID: 202 COMMAND: WRITE Length: 04
      Addr: 0x000000000000001C Data: 0xEFFFFFE3

Info: lt_dmi_target.cpp: 1030 ns - custom_b_transport
      Target: 202 *gp = 0x2039a0
      Target: 202 returned delay of 0 s + 20 ns + 30 ns = 50 ns

Info: lt_dmi_initiator.cpp: 1030 ns - initiator_thread
      Initiator: 102 b_transport of gp_tpr 0x2039a0 returned a delay of 50 ns

Info: lt_dmi_initiator.cpp: 1030 ns - initiator_thread
      Initiator: 101 b_transport(0x2038f0 , 0 s);

Info: memory.cpp: 1030 ns - print
      ID: 202 COMMAND: WRITE Length: 04
      Addr: 0x000000000000001C Data: 0xEFFFFFE3

Info: lt_dmi_target.cpp: 1030 ns - custom_b_transport
      Target: 202 *gp = 0x2038f0
      Target: 202 returned delay of 0 s + 20 ns + 30 ns = 50 ns

Info: lt_dmi_initiator.cpp: 1030 ns - initiator_thread
      Initiator: 101 b_transport of gp_tpr 0x2038f0 returned a delay of 50 ns

Info: lt_dmi_initiator.cpp: 1080 ns - initiator_thread
      Initiator: 102 gp_tpr of 0x2039a0 was returned with dmi_allowed set to 0

Info: lt_dmi_initiator.cpp: 1080 ns - initiator_thread
      Initiator: 102 End of processing for gp_ptr 0x2039a0

Info: lt_dmi_initiator.cpp: 1080 ns - initiator_thread
      Initiator: 101 gp_tpr of 0x2038f0 was returned with dmi_allowed set to 0

Info: lt_dmi_initiator.cpp: 1080 ns - initiator_thread
      Initiator: 101 End of processing for gp_ptr 0x2038f0

Info: lt_dmi_initiator.cpp: 1080 ns - initiator_thread
      Initiator: 102 b_transport(0x2039a0 , 0 s);

Info: memory.cpp: 1080 ns - print
      ID: 202 COMMAND: WRITE Length: 04
      Addr: 0x0000000000000020 Data: 0xEFFFFFDF

Info: lt_dmi_target.cpp: 1080 ns - custom_b_transport
      Target: 202 *gp = 0x2039a0
      Target: 202 returned delay of 0 s + 20 ns + 30 ns = 50 ns

Info: lt_dmi_initiator.cpp: 1080 ns - initiator_thread
      Initiator: 102 b_transport of gp_tpr 0x2039a0 returned a delay of 50 ns

Info: lt_dmi_initiator.cpp: 1080 ns - initiator_thread
      Initiator: 101 b_transport(0x2038f0 , 0 s);

Info: memory.cpp: 1080 ns - print
      ID: 202 COMMAND: WRITE Length: 04
      Addr: 0x0000000000000020 Data: 0xEFFFFFDF

Info: lt_dmi_target.cpp: 1080 ns - custom_b_transport
      Target: 202 *gp = 0x2038f0
      Target: 202 returned delay of 0 s + 20 ns + 30 ns = 50 ns

Info: lt_dmi_initiator.cpp: 1080 ns - initiator_thread
      Initiator: 101 b_transport of gp_tpr 0x2038f0 returned a delay of 50 ns

Info: lt_dmi_initiator.cpp: 1130 ns - initiator_thread
      Initiator: 102 gp_tpr of 0x2039a0 was returned with dmi_allowed set to 0

Info: lt_dmi_initiator.cpp: 1130 ns - initiator_thread
      Initiator: 102 End of processing for gp_ptr 0x2039a0

Info: lt_dmi_initiator.cpp: 1130 ns - initiator_thread
      Initiator: 101 gp_tpr of 0x2038f0 was returned with dmi_allowed set to 0

Info: lt_dmi_initiator.cpp: 1130 ns - initiator_thread
      Initiator: 101 End of processing for gp_ptr 0x2038f0

Info: lt_dmi_initiator.cpp: 1130 ns - initiator_thread
      Initiator: 102 b_transport(0x2039a0 , 0 s);

Info: memory.cpp: 1130 ns - print
      ID: 202 COMMAND: WRITE Length: 04
      Addr: 0x0000000000000024 Data: 0xEFFFFFDB

Info: lt_dmi_target.cpp: 1130 ns - custom_b_transport
      Target: 202 *gp = 0x2039a0
      Target: 202 returned delay of 0 s + 20 ns + 30 ns = 50 ns

Info: lt_dmi_initiator.cpp: 1130 ns - initiator_thread
      Initiator: 102 b_transport of gp_tpr 0x2039a0 returned a delay of 50 ns

Info: lt_dmi_initiator.cpp: 1130 ns - initiator_thread
      Initiator: 101 b_transport(0x2038f0 , 0 s);

Info: memory.cpp: 1130 ns - print
      ID: 202 COMMAND: WRITE Length: 04
      Addr: 0x0000000000000024 Data: 0xEFFFFFDB

Info: lt_dmi_target.cpp: 1130 ns - custom_b_transport
      Target: 202 *gp = 0x2038f0
      Target: 202 returned delay of 0 s + 20 ns + 30 ns = 50 ns

Info: lt_dmi_initiator.cpp: 1130 ns - initiator_thread
      Initiator: 101 b_transport of gp_tpr 0x2038f0 returned a delay of 50 ns

Info: lt_dmi_initiator.cpp: 1180 ns - initiator_thread
      Initiator: 102 gp_tpr of 0x2039a0 was returned with dmi_allowed set to 0

Info: lt_dmi_initiator.cpp: 1180 ns - initiator_thread
      Initiator: 102 End of processing for gp_ptr 0x2039a0

Info: lt_dmi_initiator.cpp: 1180 ns - initiator_thread
      Initiator: 101 gp_tpr of 0x2038f0 was returned with dmi_allowed set to 0

Info: lt_dmi_initiator.cpp: 1180 ns - initiator_thread
      Initiator: 101 End of processing for gp_ptr 0x2038f0

Info: lt_dmi_initiator.cpp: 1180 ns - initiator_thread
      Initiator: 102 b_transport(0x2039a0 , 0 s);

Info: memory.cpp: 1180 ns - print
      ID: 202 COMMAND: WRITE Length: 04
      Addr: 0x0000000000000028 Data: 0xEFFFFFD7

Info: lt_dmi_target.cpp: 1180 ns - custom_b_transport
      Target: 202 *gp = 0x2039a0
      Target: 202 returned delay of 0 s + 20 ns + 30 ns = 50 ns

Info: lt_dmi_initiator.cpp: 1180 ns - initiator_thread
      Initiator: 102 b_transport of gp_tpr 0x2039a0 returned a delay of 50 ns

Info: lt_dmi_initiator.cpp: 1180 ns - initiator_thread
      Initiator: 101 b_transport(0x2038f0 , 0 s);

Info: memory.cpp: 1180 ns - print
      ID: 202 COMMAND: WRITE Length: 04
      Addr: 0x0000000000000028 Data: 0xEFFFFFD7

Info: lt_dmi_target.cpp: 1180 ns - custom_b_transport
      Target: 202 *gp = 0x2038f0
      Target: 202 returned delay of 0 s + 20 ns + 30 ns = 50 ns

Info: lt_dmi_initiator.cpp: 1180 ns - initiator_thread
      Initiator: 101 b_transport of gp_tpr 0x2038f0 returned a delay of 50 ns

Info: lt_dmi_initiator.cpp: 1230 ns - initiator_thread
      Initiator: 102 gp_tpr of 0x2039a0 was returned with dmi_allowed set to 0

Info: lt_dmi_initiator.cpp: 1230 ns - initiator_thread
      Initiator: 102 End of processing for gp_ptr 0x2039a0

Info: lt_dmi_initiator.cpp: 1230 ns - initiator_thread
      Initiator: 101 gp_tpr of 0x2038f0 was returned with dmi_allowed set to 0

Info: lt_dmi_initiator.cpp: 1230 ns - initiator_thread
      Initiator: 101 End of processing for gp_ptr 0x2038f0

Info: lt_dmi_initiator.cpp: 1230 ns - initiator_thread
      Initiator: 102 b_transport(0x2039a0 , 0 s);

Info: memory.cpp: 1230 ns - print
      ID: 202 COMMAND: WRITE Length: 04
      Addr: 0x000000000000002C Data: 0xEFFFFFD3

Info: lt_dmi_target.cpp: 1230 ns - custom_b_transport
      Target: 202 *gp = 0x2039a0
      Target: 202 returned delay of 0 s + 20 ns + 30 ns = 50 ns

Info: lt_dmi_initiator.cpp: 1230 ns - initiator_thread
      Initiator: 102 b_transport of gp_tpr 0x2039a0 returned a delay of 50 ns

Info: lt_dmi_initiator.cpp: 1230 ns - initiator_thread
      Initiator: 101 b_transport(0x2038f0 , 0 s);

Info: memory.cpp: 1230 ns - print
      ID: 202 COMMAND: WRITE Length: 04
      Addr: 0x000000000000002C Data: 0xEFFFFFD3

Info: lt_dmi_target.cpp: 1230 ns - custom_b_transport
      Target: 202 *gp = 0x2038f0
      Target: 202 returned delay of 0 s + 20 ns + 30 ns = 50 ns

Info: lt_dmi_initiator.cpp: 1230 ns - initiator_thread
      Initiator: 101 b_transport of gp_tpr 0x2038f0 returned a delay of 50 ns

Info: lt_dmi_initiator.cpp: 1280 ns - initiator_thread
      Initiator: 102 gp_tpr of 0x2039a0 was returned with dmi_allowed set to 0

Info: lt_dmi_initiator.cpp: 1280 ns - initiator_thread
      Initiator: 102 End of processing for gp_ptr 0x2039a0

Info: lt_dmi_initiator.cpp: 1280 ns - initiator_thread
      Initiator: 101 gp_tpr of 0x2038f0 was returned with dmi_allowed set to 0

Info: lt_dmi_initiator.cpp: 1280 ns - initiator_thread
      Initiator: 101 End of processing for gp_ptr 0x2038f0

Info: lt_dmi_initiator.cpp: 1280 ns - initiator_thread
      Initiator: 102 b_transport(0x2039a0 , 0 s);

Info: memory.cpp: 1280 ns - print
      ID: 202 COMMAND: WRITE Length: 04
      Addr: 0x0000000000000030 Data: 0xEFFFFFCF

Info: lt_dmi_target.cpp: 1280 ns - custom_b_transport
      Target: 202 *gp = 0x2039a0
      Target: 202 returned delay of 0 s + 20 ns + 30 ns = 50 ns

Info: lt_dmi_initiator.cpp: 1280 ns - initiator_thread
      Initiator: 102 b_transport of gp_tpr 0x2039a0 returned a delay of 50 ns

Info: lt_dmi_initiator.cpp: 1280 ns - initiator_thread
      Initiator: 101 b_transport(0x2038f0 , 0 s);

Info: memory.cpp: 1280 ns - print
      ID: 202 COMMAND: WRITE Length: 04
      Addr: 0x0000000000000030 Data: 0xEFFFFFCF

Info: lt_dmi_target.cpp: 1280 ns - custom_b_transport
      Target: 202 *gp = 0x2038f0
      Target: 202 returned delay of 0 s + 20 ns + 30 ns = 50 ns

Info: lt_dmi_initiator.cpp: 1280 ns - initiator_thread
      Initiator: 101 b_transport of gp_tpr 0x2038f0 returned a delay of 50 ns

Info: lt_dmi_initiator.cpp: 1330 ns - initiator_thread
      Initiator: 102 gp_tpr of 0x2039a0 was returned with dmi_allowed set to 0

Info: lt_dmi_initiator.cpp: 1330 ns - initiator_thread
      Initiator: 102 End of processing for gp_ptr 0x2039a0

Info: lt_dmi_initiator.cpp: 1330 ns - initiator_thread
      Initiator: 101 gp_tpr of 0x2038f0 was returned with dmi_allowed set to 0

Info: lt_dmi_initiator.cpp: 1330 ns - initiator_thread
      Initiator: 101 End of processing for gp_ptr 0x2038f0

Info: lt_dmi_initiator.cpp: 1330 ns - initiator_thread
      Initiator: 102 b_transport(0x2039a0 , 0 s);

Info: memory.cpp: 1330 ns - print
      ID: 202 COMMAND: WRITE Length: 04
      Addr: 0x0000000000000034 Data: 0xEFFFFFCB

Info: lt_dmi_target.cpp: 1330 ns - custom_b_transport
      Target: 202 *gp = 0x2039a0
      Target: 202 returned delay of 0 s + 20 ns + 30 ns = 50 ns

Info: lt_dmi_initiator.cpp: 1330 ns - initiator_thread
      Initiator: 102 b_transport of gp_tpr 0x2039a0 returned a delay of 50 ns

Info: lt_dmi_initiator.cpp: 1330 ns - initiator_thread
      Initiator: 101 b_transport(0x2038f0 , 0 s);

Info: memory.cpp: 1330 ns - print
      ID: 202 COMMAND: WRITE Length: 04
      Addr: 0x0000000000000034 Data: 0xEFFFFFCB

Info: lt_dmi_target.cpp: 1330 ns - custom_b_transport
      Target: 202 *gp = 0x2038f0
      Target: 202 returned delay of 0 s + 20 ns + 30 ns = 50 ns

Info: lt_dmi_initiator.cpp: 1330 ns - initiator_thread
      Initiator: 101 b_transport of gp_tpr 0x2038f0 returned a delay of 50 ns

Info: lt_dmi_initiator.cpp: 1380 ns - initiator_thread
      Initiator: 102 gp_tpr of 0x2039a0 was returned with dmi_allowed set to 0

Info: lt_dmi_initiator.cpp: 1380 ns - initiator_thread
      Initiator: 102 End of processing for gp_ptr 0x2039a0

Info: lt_dmi_initiator.cpp: 1380 ns - initiator_thread
      Initiator: 101 gp_tpr of 0x2038f0 was returned with dmi_allowed set to 0

Info: lt_dmi_initiator.cpp: 1380 ns - initiator_thread
      Initiator: 101 End of processing for gp_ptr 0x2038f0

Info: lt_dmi_initiator.cpp: 1380 ns - initiator_thread
      Initiator: 102 b_transport(0x2039a0 , 0 s);

Info: memory.cpp: 1380 ns - print
      ID: 202 COMMAND: WRITE Length: 04
      Addr: 0x0000000000000038 Data: 0xEFFFFFC7

Info: lt_dmi_target.cpp: 1380 ns - custom_b_transport
      Target: 202 *gp = 0x2039a0
      Target: 202 returned delay of 0 s + 20 ns + 30 ns = 50 ns

Info: lt_dmi_initiator.cpp: 1380 ns - initiator_thread
      Initiator: 102 b_transport of gp_tpr 0x2039a0 returned a delay of 50 ns

Info: lt_dmi_initiator.cpp: 1380 ns - initiator_thread
      Initiator: 101 b_transport(0x2038f0 , 0 s);

Info: memory.cpp: 1380 ns - print
      ID: 202 COMMAND: WRITE Length: 04
      Addr: 0x0000000000000038 Data: 0xEFFFFFC7

Info: lt_dmi_target.cpp: 1380 ns - custom_b_transport
      Target: 202 *gp = 0x2038f0
      Target: 202 returned delay of 0 s + 20 ns + 30 ns = 50 ns

Info: lt_dmi_initiator.cpp: 1380 ns - initiator_thread
      Initiator: 101 b_transport of gp_tpr 0x2038f0 returned a delay of 50 ns

Info: lt_dmi_initiator.cpp: 1430 ns - initiator_thread
      Initiator: 102 gp_tpr of 0x2039a0 was returned with dmi_allowed set to 0

Info: lt_dmi_initiator.cpp: 1430 ns - initiator_thread
      Initiator: 102 End of processing for gp_ptr 0x2039a0

Info: lt_dmi_initiator.cpp: 1430 ns - initiator_thread
      Initiator: 101 gp_tpr of 0x2038f0 was returned with dmi_allowed set to 0

Info: lt_dmi_initiator.cpp: 1430 ns - initiator_thread
      Initiator: 101 End of processing for gp_ptr 0x2038f0

Info: lt_dmi_initiator.cpp: 1430 ns - initiator_thread
      Initiator: 102 b_transport(0x2039a0 , 0 s);

Info: memory.cpp: 1430 ns - print
      ID: 202 COMMAND: WRITE Length: 04
      Addr: 0x000000000000003C Data: 0xEFFFFFC3

Info: lt_dmi_target.cpp: 1430 ns - custom_b_transport
      Target: 202 *gp = 0x2039a0
      Target: 202 returned delay of 0 s + 20 ns + 30 ns = 50 ns

Info: lt_dmi_initiator.cpp: 1430 ns - initiator_thread
      Initiator: 102 b_transport of gp_tpr 0x2039a0 returned a delay of 50 ns

Info: lt_dmi_initiator.cpp: 1430 ns - initiator_thread
      Initiator: 101 b_transport(0x2038f0 , 0 s);

Info: memory.cpp: 1430 ns - print
      ID: 202 COMMAND: WRITE Length: 04
      Addr: 0x000000000000003C Data: 0xEFFFFFC3

Info: lt_dmi_target.cpp: 1430 ns - custom_b_transport
      Target: 202 *gp = 0x2038f0
      Target: 202 returned delay of 0 s + 20 ns + 30 ns = 50 ns

Info: lt_dmi_initiator.cpp: 1430 ns - initiator_thread
      Initiator: 101 b_transport of gp_tpr 0x2038f0 returned a delay of 50 ns

Info: lt_dmi_initiator.cpp: 1480 ns - initiator_thread
      Initiator: 102 gp_tpr of 0x2039a0 was returned with dmi_allowed set to 0

Info: lt_dmi_initiator.cpp: 1480 ns - initiator_thread
      Initiator: 102 End of processing for gp_ptr 0x2039a0

Info: lt_dmi_initiator.cpp: 1480 ns - initiator_thread
      Initiator: 101 gp_tpr of 0x2038f0 was returned with dmi_allowed set to 0

Info: lt_dmi_initiator.cpp: 1480 ns - initiator_thread
      Initiator: 101 End of processing for gp_ptr 0x2038f0

Info: lt_dmi_initiator.cpp: 1480 ns - initiator_thread
      Initiator: 102 b_transport(0x2039a0 , 0 s);

Info: memory.cpp: 1480 ns - print
      ID: 202 COMMAND: READ Length: 04
      Addr: 0x0000000000000000 Data: 0xEFFFFFFF

Info: lt_dmi_target.cpp: 1480 ns - custom_b_transport
      Target: 202 *gp = 0x2039a0
      Target: 202 returned delay of 0 s + 20 ns + 50 ns = 70 ns

Info: lt_dmi_initiator.cpp: 1480 ns - initiator_thread
      Initiator: 102 b_transport of gp_tpr 0x2039a0 returned a delay of 70 ns

Info: lt_dmi_initiator.cpp: 1480 ns - initiator_thread
      Initiator: 101 b_transport(0x2038f0 , 0 s);

Info: memory.cpp: 1480 ns - print
      ID: 202 COMMAND: READ Length: 04
      Addr: 0x0000000000000000 Data: 0xEFFFFFFF

Info: lt_dmi_target.cpp: 1480 ns - custom_b_transport
      Target: 202 *gp = 0x2038f0
      Target: 202 returned delay of 0 s + 20 ns + 50 ns = 70 ns

Info: lt_dmi_initiator.cpp: 1480 ns - initiator_thread
      Initiator: 101 b_transport of gp_tpr 0x2038f0 returned a delay of 70 ns

Info: lt_dmi_initiator.cpp: 1550 ns - initiator_thread
      Initiator: 102 gp_tpr of 0x2039a0 was returned with dmi_allowed set to 0

Info: lt_dmi_initiator.cpp: 1550 ns - initiator_thread
      Initiator: 102 End of processing for gp_ptr 0x2039a0

Info: lt_dmi_initiator.cpp: 1550 ns - initiator_thread
      Initiator: 101 gp_tpr of 0x2038f0 was returned with dmi_allowed set to 0

Info: lt_dmi_initiator.cpp: 1550 ns - initiator_thread
      Initiator: 101 End of processing for gp_ptr 0x2038f0

Info: lt_dmi_initiator.cpp: 1550 ns - initiator_thread
      Initiator: 102 b_transport(0x2039a0 , 0 s);

Info: memory.cpp: 1550 ns - print
      ID: 202 COMMAND: READ Length: 04
      Addr: 0x0000000000000004 Data: 0xEFFFFFFB

Info: lt_dmi_target.cpp: 1550 ns - custom_b_transport
      Target: 202 *gp = 0x2039a0
      Target: 202 returned delay of 0 s + 20 ns + 50 ns = 70 ns

Info: lt_dmi_initiator.cpp: 1550 ns - initiator_thread
      Initiator: 102 b_transport of gp_tpr 0x2039a0 returned a delay of 70 ns

Info: lt_dmi_initiator.cpp: 1550 ns - initiator_thread
      Initiator: 101 b_transport(0x2038f0 , 0 s);

Info: memory.cpp: 1550 ns - print
      ID: 202 COMMAND: READ Length: 04
      Addr: 0x0000000000000004 Data: 0xEFFFFFFB

Info: lt_dmi_target.cpp: 1550 ns - custom_b_transport
      Target: 202 *gp = 0x2038f0
      Target: 202 returned delay of 0 s + 20 ns + 50 ns = 70 ns

Info: lt_dmi_initiator.cpp: 1550 ns - initiator_thread
      Initiator: 101 b_transport of gp_tpr 0x2038f0 returned a delay of 70 ns

Info: lt_dmi_initiator.cpp: 1620 ns - initiator_thread
      Initiator: 102 gp_tpr of 0x2039a0 was returned with dmi_allowed set to 0

Info: lt_dmi_initiator.cpp: 1620 ns - initiator_thread
      Initiator: 102 End of processing for gp_ptr 0x2039a0

Info: lt_dmi_initiator.cpp: 1620 ns - initiator_thread
      Initiator: 101 gp_tpr of 0x2038f0 was returned with dmi_allowed set to 0

Info: lt_dmi_initiator.cpp: 1620 ns - initiator_thread
      Initiator: 101 End of processing for gp_ptr 0x2038f0

Info: lt_dmi_initiator.cpp: 1620 ns - initiator_thread
      Initiator: 102 b_transport(0x2039a0 , 0 s);

Info: memory.cpp: 1620 ns - print
      ID: 202 COMMAND: READ Length: 04
      Addr: 0x0000000000000008 Data: 0xEFFFFFF7

Info: lt_dmi_target.cpp: 1620 ns - custom_b_transport
      Target: 202 *gp = 0x2039a0
      Target: 202 returned delay of 0 s + 20 ns + 50 ns = 70 ns

Info: lt_dmi_initiator.cpp: 1620 ns - initiator_thread
      Initiator: 102 b_transport of gp_tpr 0x2039a0 returned a delay of 70 ns

Info: lt_dmi_initiator.cpp: 1620 ns - initiator_thread
      Initiator: 101 b_transport(0x2038f0 , 0 s);

Info: memory.cpp: 1620 ns - print
      ID: 202 COMMAND: READ Length: 04
      Addr: 0x0000000000000008 Data: 0xEFFFFFF7

Info: lt_dmi_target.cpp: 1620 ns - custom_b_transport
      Target: 202 *gp = 0x2038f0
      Target: 202 returned delay of 0 s + 20 ns + 50 ns = 70 ns

Info: lt_dmi_initiator.cpp: 1620 ns - initiator_thread
      Initiator: 101 b_transport of gp_tpr 0x2038f0 returned a delay of 70 ns

Info: lt_dmi_initiator.cpp: 1690 ns - initiator_thread
      Initiator: 102 gp_tpr of 0x2039a0 was returned with dmi_allowed set to 0

Info: lt_dmi_initiator.cpp: 1690 ns - initiator_thread
      Initiator: 102 End of processing for gp_ptr 0x2039a0

Info: lt_dmi_initiator.cpp: 1690 ns - initiator_thread
      Initiator: 101 gp_tpr of 0x2038f0 was returned with dmi_allowed set to 0

Info: lt_dmi_initiator.cpp: 1690 ns - initiator_thread
      Initiator: 101 End of processing for gp_ptr 0x2038f0

Info: lt_dmi_initiator.cpp: 1690 ns - initiator_thread
      Initiator: 102 b_transport(0x2039a0 , 0 s);

Info: memory.cpp: 1690 ns - print
      ID: 202 COMMAND: READ Length: 04
      Addr: 0x000000000000000C Data: 0xEFFFFFF3

Info: lt_dmi_target.cpp: 1690 ns - custom_b_transport
      Target: 202 *gp = 0x2039a0
      Target: 202 returned delay of 0 s + 20 ns + 50 ns = 70 ns

Info: lt_dmi_initiator.cpp: 1690 ns - initiator_thread
      Initiator: 102 b_transport of gp_tpr 0x2039a0 returned a delay of 70 ns

Info: lt_dmi_initiator.cpp: 1690 ns - initiator_thread
      Initiator: 101 b_transport(0x2038f0 , 0 s);

Info: memory.cpp: 1690 ns - print
      ID: 202 COMMAND: READ Length: 04
      Addr: 0x000000000000000C Data: 0xEFFFFFF3

Info: lt_dmi_target.cpp: 1690 ns - custom_b_transport
      Target: 202 *gp = 0x2038f0
      Target: 202 returned delay of 0 s + 20 ns + 50 ns = 70 ns

Info: lt_dmi_initiator.cpp: 1690 ns - initiator_thread
      Initiator: 101 b_transport of gp_tpr 0x2038f0 returned a delay of 70 ns

Info: lt_dmi_initiator.cpp: 1760 ns - initiator_thread
      Initiator: 102 gp_tpr of 0x2039a0 was returned with dmi_allowed set to 0

Info: lt_dmi_initiator.cpp: 1760 ns - initiator_thread
      Initiator: 102 End of processing for gp_ptr 0x2039a0

Info: lt_dmi_initiator.cpp: 1760 ns - initiator_thread
      Initiator: 101 gp_tpr of 0x2038f0 was returned with dmi_allowed set to 0

Info: lt_dmi_initiator.cpp: 1760 ns - initiator_thread
      Initiator: 101 End of processing for gp_ptr 0x2038f0

Info: lt_dmi_initiator.cpp: 1760 ns - initiator_thread
      Initiator: 102 b_transport(0x2039a0 , 0 s);

Info: memory.cpp: 1760 ns - print
      ID: 202 COMMAND: READ Length: 04
      Addr: 0x0000000000000010 Data: 0xEFFFFFEF

Info: lt_dmi_target.cpp: 1760 ns - custom_b_transport
      Target: 202 *gp = 0x2039a0
      Target: 202 returned delay of 0 s + 20 ns + 50 ns = 70 ns

Info: lt_dmi_initiator.cpp: 1760 ns - initiator_thread
      Initiator: 102 b_transport of gp_tpr 0x2039a0 returned a delay of 70 ns

Info: lt_dmi_initiator.cpp: 1760 ns - initiator_thread
      Initiator: 101 b_transport(0x2038f0 , 0 s);

Info: memory.cpp: 1760 ns - print
      ID: 202 COMMAND: READ Length: 04
      Addr: 0x0000000000000010 Data: 0xEFFFFFEF

Info: lt_dmi_target.cpp: 1760 ns - custom_b_transport
      Target: 202 *gp = 0x2038f0
      Target: 202 returned delay of 0 s + 20 ns + 50 ns = 70 ns

Info: lt_dmi_initiator.cpp: 1760 ns - initiator_thread
      Initiator: 101 b_transport of gp_tpr 0x2038f0 returned a delay of 70 ns

Info: lt_dmi_initiator.cpp: 1830 ns - initiator_thread
      Initiator: 102 gp_tpr of 0x2039a0 was returned with dmi_allowed set to 0

Info: lt_dmi_initiator.cpp: 1830 ns - initiator_thread
      Initiator: 102 End of processing for gp_ptr 0x2039a0

Info: lt_dmi_initiator.cpp: 1830 ns - initiator_thread
      Initiator: 101 gp_tpr of 0x2038f0 was returned with dmi_allowed set to 0

Info: lt_dmi_initiator.cpp: 1830 ns - initiator_thread
      Initiator: 101 End of processing for gp_ptr 0x2038f0

Info: lt_dmi_initiator.cpp: 1830 ns - initiator_thread
      Initiator: 102 b_transport(0x2039a0 , 0 s);

Info: memory.cpp: 1830 ns - print
      ID: 202 COMMAND: READ Length: 04
      Addr: 0x0000000000000014 Data: 0xEFFFFFEB

Info: lt_dmi_target.cpp: 1830 ns - custom_b_transport
      Target: 202 *gp = 0x2039a0
      Target: 202 returned delay of 0 s + 20 ns + 50 ns = 70 ns

Info: lt_dmi_initiator.cpp: 1830 ns - initiator_thread
      Initiator: 102 b_transport of gp_tpr 0x2039a0 returned a delay of 70 ns

Info: lt_dmi_initiator.cpp: 1830 ns - initiator_thread
      Initiator: 101 b_transport(0x2038f0 , 0 s);

Info: memory.cpp: 1830 ns - print
      ID: 202 COMMAND: READ Length: 04
      Addr: 0x0000000000000014 Data: 0xEFFFFFEB

Info: lt_dmi_target.cpp: 1830 ns - custom_b_transport
      Target: 202 *gp = 0x2038f0
      Target: 202 returned delay of 0 s + 20 ns + 50 ns = 70 ns

Info: lt_dmi_initiator.cpp: 1830 ns - initiator_thread
      Initiator: 101 b_transport of gp_tpr 0x2038f0 returned a delay of 70 ns

Info: lt_dmi_initiator.cpp: 1900 ns - initiator_thread
      Initiator: 102 gp_tpr of 0x2039a0 was returned with dmi_allowed set to 0

Info: lt_dmi_initiator.cpp: 1900 ns - initiator_thread
      Initiator: 102 End of processing for gp_ptr 0x2039a0

Info: lt_dmi_initiator.cpp: 1900 ns - initiator_thread
      Initiator: 101 gp_tpr of 0x2038f0 was returned with dmi_allowed set to 0

Info: lt_dmi_initiator.cpp: 1900 ns - initiator_thread
      Initiator: 101 End of processing for gp_ptr 0x2038f0

Info: lt_dmi_initiator.cpp: 1900 ns - initiator_thread
      Initiator: 102 b_transport(0x2039a0 , 0 s);

Info: memory.cpp: 1900 ns - print
      ID: 202 COMMAND: READ Length: 04
      Addr: 0x0000000000000018 Data: 0xEFFFFFE7

Info: lt_dmi_target.cpp: 1900 ns - custom_b_transport
      Target: 202 *gp = 0x2039a0
      Target: 202 returned delay of 0 s + 20 ns + 50 ns = 70 ns

Info: lt_dmi_initiator.cpp: 1900 ns - initiator_thread
      Initiator: 102 b_transport of gp_tpr 0x2039a0 returned a delay of 70 ns

Info: lt_dmi_initiator.cpp: 1900 ns - initiator_thread
      Initiator: 101 b_transport(0x2038f0 , 0 s);

Info: memory.cpp: 1900 ns - print
      ID: 202 COMMAND: READ Length: 04
      Addr: 0x0000000000000018 Data: 0xEFFFFFE7

Info: lt_dmi_target.cpp: 1900 ns - custom_b_transport
      Target: 202 *gp = 0x2038f0
      Target: 202 returned delay of 0 s + 20 ns + 50 ns = 70 ns

Info: lt_dmi_initiator.cpp: 1900 ns - initiator_thread
      Initiator: 101 b_transport of gp_tpr 0x2038f0 returned a delay of 70 ns

Info: lt_dmi_initiator.cpp: 1970 ns - initiator_thread
      Initiator: 102 gp_tpr of 0x2039a0 was returned with dmi_allowed set to 0

Info: lt_dmi_initiator.cpp: 1970 ns - initiator_thread
      Initiator: 102 End of processing for gp_ptr 0x2039a0

Info: lt_dmi_initiator.cpp: 1970 ns - initiator_thread
      Initiator: 101 gp_tpr of 0x2038f0 was returned with dmi_allowed set to 0

Info: lt_dmi_initiator.cpp: 1970 ns - initiator_thread
      Initiator: 101 End of processing for gp_ptr 0x2038f0

Info: lt_dmi_initiator.cpp: 1970 ns - initiator_thread
      Initiator: 102 b_transport(0x2039a0 , 0 s);

Info: memory.cpp: 1970 ns - print
      ID: 202 COMMAND: READ Length: 04
      Addr: 0x000000000000001C Data: 0xEFFFFFE3

Info: lt_dmi_target.cpp: 1970 ns - custom_b_transport
      Target: 202 *gp = 0x2039a0
      Target: 202 returned delay of 0 s + 20 ns + 50 ns = 70 ns

Info: lt_dmi_initiator.cpp: 1970 ns - initiator_thread
      Initiator: 102 b_transport of gp_tpr 0x2039a0 returned a delay of 70 ns

Info: lt_dmi_initiator.cpp: 1970 ns - initiator_thread
      Initiator: 101 b_transport(0x2038f0 , 0 s);

Info: memory.cpp: 1970 ns - print
      ID: 202 COMMAND: READ Length: 04
      Addr: 0x000000000000001C Data: 0xEFFFFFE3

Info: lt_dmi_target.cpp: 1970 ns - custom_b_transport
      Target: 202 *gp = 0x2038f0
      Target: 202 returned delay of 0 s + 20 ns + 50 ns = 70 ns

Info: lt_dmi_initiator.cpp: 1970 ns - initiator_thread
      Initiator: 101 b_transport of gp_tpr 0x2038f0 returned a delay of 70 ns

Info: lt_dmi_initiator.cpp: 2040 ns - initiator_thread
      Initiator: 102 gp_tpr of 0x2039a0 was returned with dmi_allowed set to 0

Info: lt_dmi_initiator.cpp: 2040 ns - initiator_thread
      Initiator: 102 End of processing for gp_ptr 0x2039a0

Info: lt_dmi_initiator.cpp: 2040 ns - initiator_thread
      Initiator: 101 gp_tpr of 0x2038f0 was returned with dmi_allowed set to 0

Info: lt_dmi_initiator.cpp: 2040 ns - initiator_thread
      Initiator: 101 End of processing for gp_ptr 0x2038f0

Info: lt_dmi_initiator.cpp: 2040 ns - initiator_thread
      Initiator: 102 b_transport(0x2039a0 , 0 s);

Info: memory.cpp: 2040 ns - print
      ID: 202 COMMAND: READ Length: 04
      Addr: 0x0000000000000020 Data: 0xEFFFFFDF

Info: lt_dmi_target.cpp: 2040 ns - custom_b_transport
      Target: 202 *gp = 0x2039a0
      Target: 202 returned delay of 0 s + 20 ns + 50 ns = 70 ns

Info: lt_dmi_initiator.cpp: 2040 ns - initiator_thread
      Initiator: 102 b_transport of gp_tpr 0x2039a0 returned a delay of 70 ns

Info: lt_dmi_initiator.cpp: 2040 ns - initiator_thread
      Initiator: 101 b_transport(0x2038f0 , 0 s);

Info: memory.cpp: 2040 ns - print
      ID: 202 COMMAND: READ Length: 04
      Addr: 0x0000000000000020 Data: 0xEFFFFFDF

Info: lt_dmi_target.cpp: 2040 ns - custom_b_transport
      Target: 202 *gp = 0x2038f0
      Target: 202 returned delay of 0 s + 20 ns + 50 ns = 70 ns

Info: lt_dmi_initiator.cpp: 2040 ns - initiator_thread
      Initiator: 101 b_transport of gp_tpr 0x2038f0 returned a delay of 70 ns

Info: lt_dmi_initiator.cpp: 2110 ns - initiator_thread
      Initiator: 102 gp_tpr of 0x2039a0 was returned with dmi_allowed set to 0

Info: lt_dmi_initiator.cpp: 2110 ns - initiator_thread
      Initiator: 102 End of processing for gp_ptr 0x2039a0

Info: lt_dmi_initiator.cpp: 2110 ns - initiator_thread
      Initiator: 101 gp_tpr of 0x2038f0 was returned with dmi_allowed set to 0

Info: lt_dmi_initiator.cpp: 2110 ns - initiator_thread
      Initiator: 101 End of processing for gp_ptr 0x2038f0

Info: lt_dmi_initiator.cpp: 2110 ns - initiator_thread
      Initiator: 102 b_transport(0x2039a0 , 0 s);

Info: memory.cpp: 2110 ns - print
      ID: 202 COMMAND: READ Length: 04
      Addr: 0x0000000000000024 Data: 0xEFFFFFDB

Info: lt_dmi_target.cpp: 2110 ns - custom_b_transport
      Target: 202 *gp = 0x2039a0
      Target: 202 returned delay of 0 s + 20 ns + 50 ns = 70 ns

Info: lt_dmi_initiator.cpp: 2110 ns - initiator_thread
      Initiator: 102 b_transport of gp_tpr 0x2039a0 returned a delay of 70 ns

Info: lt_dmi_initiator.cpp: 2110 ns - initiator_thread
      Initiator: 101 b_transport(0x2038f0 , 0 s);

Info: memory.cpp: 2110 ns - print
      ID: 202 COMMAND: READ Length: 04
      Addr: 0x0000000000000024 Data: 0xEFFFFFDB

Info: lt_dmi_target.cpp: 2110 ns - custom_b_transport
      Target: 202 *gp = 0x2038f0
      Target: 202 returned delay of 0 s + 20 ns + 50 ns = 70 ns

Info: lt_dmi_initiator.cpp: 2110 ns - initiator_thread
      Initiator: 101 b_transport of gp_tpr 0x2038f0 returned a delay of 70 ns

Info: lt_dmi_initiator.cpp: 2180 ns - initiator_thread
      Initiator: 102 gp_tpr of 0x2039a0 was returned with dmi_allowed set to 0

Info: lt_dmi_initiator.cpp: 2180 ns - initiator_thread
      Initiator: 102 End of processing for gp_ptr 0x2039a0

Info: lt_dmi_initiator.cpp: 2180 ns - initiator_thread
      Initiator: 101 gp_tpr of 0x2038f0 was returned with dmi_allowed set to 0

Info: lt_dmi_initiator.cpp: 2180 ns - initiator_thread
      Initiator: 101 End of processing for gp_ptr 0x2038f0

Info: lt_dmi_initiator.cpp: 2180 ns - initiator_thread
      Initiator: 102 b_transport(0x2039a0 , 0 s);

Info: memory.cpp: 2180 ns - print
      ID: 202 COMMAND: READ Length: 04
      Addr: 0x0000000000000028 Data: 0xEFFFFFD7

Info: lt_dmi_target.cpp: 2180 ns - custom_b_transport
      Target: 202 *gp = 0x2039a0
      Target: 202 returned delay of 0 s + 20 ns + 50 ns = 70 ns

Info: lt_dmi_initiator.cpp: 2180 ns - initiator_thread
      Initiator: 102 b_transport of gp_tpr 0x2039a0 returned a delay of 70 ns

Info: lt_dmi_initiator.cpp: 2180 ns - initiator_thread
      Initiator: 101 b_transport(0x2038f0 , 0 s);

Info: memory.cpp: 2180 ns - print
      ID: 202 COMMAND: READ Length: 04
      Addr: 0x0000000000000028 Data: 0xEFFFFFD7

Info: lt_dmi_target.cpp: 2180 ns - custom_b_transport
      Target: 202 *gp = 0x2038f0
      Target: 202 returned delay of 0 s + 20 ns + 50 ns = 70 ns

Info: lt_dmi_initiator.cpp: 2180 ns - initiator_thread
      Initiator: 101 b_transport of gp_tpr 0x2038f0 returned a delay of 70 ns

Info: lt_dmi_initiator.cpp: 2250 ns - initiator_thread
      Initiator: 102 gp_tpr of 0x2039a0 was returned with dmi_allowed set to 0

Info: lt_dmi_initiator.cpp: 2250 ns - initiator_thread
      Initiator: 102 End of processing for gp_ptr 0x2039a0

Info: lt_dmi_initiator.cpp: 2250 ns - initiator_thread
      Initiator: 101 gp_tpr of 0x2038f0 was returned with dmi_allowed set to 0

Info: lt_dmi_initiator.cpp: 2250 ns - initiator_thread
      Initiator: 101 End of processing for gp_ptr 0x2038f0

Info: lt_dmi_initiator.cpp: 2250 ns - initiator_thread
      Initiator: 102 b_transport(0x2039a0 , 0 s);

Info: memory.cpp: 2250 ns - print
      ID: 202 COMMAND: READ Length: 04
      Addr: 0x000000000000002C Data: 0xEFFFFFD3

Info: lt_dmi_target.cpp: 2250 ns - custom_b_transport
      Target: 202 *gp = 0x2039a0
      Target: 202 returned delay of 0 s + 20 ns + 50 ns = 70 ns

Info: lt_dmi_initiator.cpp: 2250 ns - initiator_thread
      Initiator: 102 b_transport of gp_tpr 0x2039a0 returned a delay of 70 ns

Info: lt_dmi_initiator.cpp: 2250 ns - initiator_thread
      Initiator: 101 b_transport(0x2038f0 , 0 s);

Info: memory.cpp: 2250 ns - print
      ID: 202 COMMAND: READ Length: 04
      Addr: 0x000000000000002C Data: 0xEFFFFFD3

Info: lt_dmi_target.cpp: 2250 ns - custom_b_transport
      Target: 202 *gp = 0x2038f0
      Target: 202 returned delay of 0 s + 20 ns + 50 ns = 70 ns

Info: lt_dmi_initiator.cpp: 2250 ns - initiator_thread
      Initiator: 101 b_transport of gp_tpr 0x2038f0 returned a delay of 70 ns

Info: lt_dmi_initiator.cpp: 2320 ns - initiator_thread
      Initiator: 102 gp_tpr of 0x2039a0 was returned with dmi_allowed set to 0

Info: lt_dmi_initiator.cpp: 2320 ns - initiator_thread
      Initiator: 102 End of processing for gp_ptr 0x2039a0

Info: lt_dmi_initiator.cpp: 2320 ns - initiator_thread
      Initiator: 101 gp_tpr of 0x2038f0 was returned with dmi_allowed set to 0

Info: lt_dmi_initiator.cpp: 2320 ns - initiator_thread
      Initiator: 101 End of processing for gp_ptr 0x2038f0

Info: lt_dmi_initiator.cpp: 2320 ns - initiator_thread
      Initiator: 102 b_transport(0x2039a0 , 0 s);

Info: memory.cpp: 2320 ns - print
      ID: 202 COMMAND: READ Length: 04
      Addr: 0x0000000000000030 Data: 0xEFFFFFCF

Info: lt_dmi_target.cpp: 2320 ns - custom_b_transport
      Target: 202 *gp = 0x2039a0
      Target: 202 returned delay of 0 s + 20 ns + 50 ns = 70 ns

Info: lt_dmi_initiator.cpp: 2320 ns - initiator_thread
      Initiator: 102 b_transport of gp_tpr 0x2039a0 returned a delay of 70 ns

Info: lt_dmi_initiator.cpp: 2320 ns - initiator_thread
      Initiator: 101 b_transport(0x2038f0 , 0 s);

Info: memory.cpp: 2320 ns - print
      ID: 202 COMMAND: READ Length: 04
      Addr: 0x0000000000000030 Data: 0xEFFFFFCF

Info: lt_dmi_target.cpp: 2320 ns - custom_b_transport
      Target: 202 *gp = 0x2038f0
      Target: 202 returned delay of 0 s + 20 ns + 50 ns = 70 ns

Info: lt_dmi_initiator.cpp: 2320 ns - initiator_thread
      Initiator: 101 b_transport of gp_tpr 0x2038f0 returned a delay of 70 ns

Info: lt_dmi_initiator.cpp: 2390 ns - initiator_thread
      Initiator: 102 gp_tpr of 0x2039a0 was returned with dmi_allowed set to 0

Info: lt_dmi_initiator.cpp: 2390 ns - initiator_thread
      Initiator: 102 End of processing for gp_ptr 0x2039a0

Info: lt_dmi_initiator.cpp: 2390 ns - initiator_thread
      Initiator: 101 gp_tpr of 0x2038f0 was returned with dmi_allowed set to 0

Info: lt_dmi_initiator.cpp: 2390 ns - initiator_thread
      Initiator: 101 End of processing for gp_ptr 0x2038f0

Info: lt_dmi_initiator.cpp: 2390 ns - initiator_thread
      Initiator: 102 b_transport(0x2039a0 , 0 s);

Info: memory.cpp: 2390 ns - print
      ID: 202 COMMAND: READ Length: 04
      Addr: 0x0000000000000034 Data: 0xEFFFFFCB

Info: lt_dmi_target.cpp: 2390 ns - custom_b_transport
      Target: 202 *gp = 0x2039a0
      Target: 202 returned delay of 0 s + 20 ns + 50 ns = 70 ns

Info: lt_dmi_initiator.cpp: 2390 ns - initiator_thread
      Initiator: 102 b_transport of gp_tpr 0x2039a0 returned a delay of 70 ns

Info: lt_dmi_initiator.cpp: 2390 ns - initiator_thread
      Initiator: 101 b_transport(0x2038f0 , 0 s);

Info: memory.cpp: 2390 ns - print
      ID: 202 COMMAND: READ Length: 04
      Addr: 0x0000000000000034 Data: 0xEFFFFFCB

Info: lt_dmi_target.cpp: 2390 ns - custom_b_transport
      Target: 202 *gp = 0x2038f0
      Target: 202 returned delay of 0 s + 20 ns + 50 ns = 70 ns

Info: lt_dmi_initiator.cpp: 2390 ns - initiator_thread
      Initiator: 101 b_transport of gp_tpr 0x2038f0 returned a delay of 70 ns

Info: lt_dmi_initiator.cpp: 2460 ns - initiator_thread
      Initiator: 102 gp_tpr of 0x2039a0 was returned with dmi_allowed set to 0

Info: lt_dmi_initiator.cpp: 2460 ns - initiator_thread
      Initiator: 102 End of processing for gp_ptr 0x2039a0

Info: lt_dmi_initiator.cpp: 2460 ns - initiator_thread
      Initiator: 101 gp_tpr of 0x2038f0 was returned with dmi_allowed set to 0

Info: lt_dmi_initiator.cpp: 2460 ns - initiator_thread
      Initiator: 101 End of processing for gp_ptr 0x2038f0

Info: lt_dmi_initiator.cpp: 2460 ns - initiator_thread
      Initiator: 102 b_transport(0x2039a0 , 0 s);

Info: memory.cpp: 2460 ns - print
      ID: 202 COMMAND: READ Length: 04
      Addr: 0x0000000000000038 Data: 0xEFFFFFC7

Info: lt_dmi_target.cpp: 2460 ns - custom_b_transport
      Target: 202 *gp = 0x2039a0
      Target: 202 returned delay of 0 s + 20 ns + 50 ns = 70 ns

Info: lt_dmi_initiator.cpp: 2460 ns - initiator_thread
      Initiator: 102 b_transport of gp_tpr 0x2039a0 returned a delay of 70 ns

Info: lt_dmi_initiator.cpp: 2460 ns - initiator_thread
      Initiator: 101 b_transport(0x2038f0 , 0 s);

Info: memory.cpp: 2460 ns - print
      ID: 202 COMMAND: READ Length: 04
      Addr: 0x0000000000000038 Data: 0xEFFFFFC7

Info: lt_dmi_target.cpp: 2460 ns - custom_b_transport
      Target: 202 *gp = 0x2038f0
      Target: 202 returned delay of 0 s + 20 ns + 50 ns = 70 ns

Info: lt_dmi_initiator.cpp: 2460 ns - initiator_thread
      Initiator: 101 b_transport of gp_tpr 0x2038f0 returned a delay of 70 ns

Info: lt_dmi_initiator.cpp: 2530 ns - initiator_thread
      Initiator: 102 gp_tpr of 0x2039a0 was returned with dmi_allowed set to 0

Info: lt_dmi_initiator.cpp: 2530 ns - initiator_thread
      Initiator: 102 End of processing for gp_ptr 0x2039a0

Info: lt_dmi_initiator.cpp: 2530 ns - initiator_thread
      Initiator: 101 gp_tpr of 0x2038f0 was returned with dmi_allowed set to 0

Info: lt_dmi_initiator.cpp: 2530 ns - initiator_thread
      Initiator: 101 End of processing for gp_ptr 0x2038f0

Info: lt_dmi_initiator.cpp: 2530 ns - initiator_thread
      Initiator: 102 b_transport(0x2039a0 , 0 s);

Info: memory.cpp: 2530 ns - print
      ID: 202 COMMAND: READ Length: 04
      Addr: 0x000000000000003C Data: 0xEFFFFFC3

Info: lt_dmi_target.cpp: 2530 ns - custom_b_transport
      Target: 202 *gp = 0x2039a0
      Target: 202 returned delay of 0 s + 20 ns + 50 ns = 70 ns

Info: lt_dmi_initiator.cpp: 2530 ns - initiator_thread
      Initiator: 102 b_transport of gp_tpr 0x2039a0 returned a delay of 70 ns

Info: lt_dmi_initiator.cpp: 2530 ns - initiator_thread
      Initiator: 101 b_transport(0x2038f0 , 0 s);

Info: memory.cpp: 2530 ns - print
      ID: 202 COMMAND: READ Length: 04
      Addr: 0x000000000000003C Data: 0xEFFFFFC3

Info: lt_dmi_target.cpp: 2530 ns - custom_b_transport
      Target: 202 *gp = 0x2038f0
      Target: 202 returned delay of 0 s + 20 ns + 50 ns = 70 ns

Info: lt_dmi_initiator.cpp: 2530 ns - initiator_thread
      Initiator: 101 b_transport of gp_tpr 0x2038f0 returned a delay of 70 ns

Info: lt_dmi_initiator.cpp: 2600 ns - initiator_thread
      Initiator: 102 gp_tpr of 0x2039a0 was returned with dmi_allowed set to 0

Info: lt_dmi_initiator.cpp: 2600 ns - initiator_thread
      Initiator: 102 End of processing for gp_ptr 0x2039a0

Info: lt_dmi_initiator.cpp: 2600 ns - initiator_thread
      Initiator: 101 gp_tpr of 0x2038f0 was returned with dmi_allowed set to 0

Info: lt_dmi_initiator.cpp: 2600 ns - initiator_thread
      Initiator: 101 End of processing for gp_ptr 0x2038f0

Info: traffic_generator.cpp: 2600 ns - traffic_generator_thread
      Traffic Generator : 102
=========================================================
            ####  Traffic Generator Complete  #### 

Info: traffic_generator.cpp: 2600 ns - traffic_generator_thread
      Traffic Generator : 101
=========================================================
            ####  Traffic Generator Complete  #### 
SystemC: simulation stopped by user.
